2024-01-11 21:03:27,031 [INFO] Activator:176 - 


2024-01-11 21:03:27,036 [INFO] Activator:177 - !SESSION log4j initialized
2024-01-11 21:03:30,153 [ERROR] LogOutputStream:75 - [STDERR_REDIRECT] Managed Build system manifest file error: Option com.atollic.truestudio.general.runtimelib.379644932 uses a null category that is invalid in its context. The option was ignored.
2024-01-11 21:03:30,159 [ERROR] LogOutputStream:75 - [STDERR_REDIRECT] Managed Build system manifest file error: Option com.atollic.truestudio.toolchain_options.mcu.1148613288 uses a null category that is invalid in its context. The option was ignored.
2024-01-11 21:03:30,163 [ERROR] LogOutputStream:75 - [STDERR_REDIRECT] Managed Build system manifest file error: Option com.atollic.truestudio.toolchain_options.vendor.2008536025 uses a null category that is invalid in its context. The option was ignored.
2024-01-11 21:03:30,243 [ERROR] LogOutputStream:75 - [STDERR_REDIRECT] Managed Build system manifest file error: Option com.atollic.truestudio.general.runtimelib.143798172 uses a null category that is invalid in its context. The option was ignored.
2024-01-11 21:03:30,247 [ERROR] LogOutputStream:75 - [STDERR_REDIRECT] Managed Build system manifest file error: Option com.atollic.truestudio.toolchain_options.mcu.788925640 uses a null category that is invalid in its context. The option was ignored.
2024-01-11 21:03:30,254 [ERROR] LogOutputStream:75 - [STDERR_REDIRECT] Managed Build system manifest file error: Option com.atollic.truestudio.toolchain_options.vendor.639784139 uses a null category that is invalid in its context. The option was ignored.
2024-01-11 21:03:33,816 [INFO] LogOutputStream:77 - [STDOUT_REDIRECT] 
2024-01-11 21:03:39,692 [INFO] ApplicationProperties:184 - Using Application install path: C:\ST\STM32CubeIDE_1.11.2\STM32CubeIDE\plugins\com.st.stm32cube.common.mx_6.10.0.202311202037
2024-01-11 21:03:39,742 [INFO] DbMcusXml:78 - Set database path to: C:\ST\STM32CubeIDE_1.11.2\STM32CubeIDE\plugins\com.st.stm32cube.common.mx_6.10.0.202311202037\\db\/mcu/
2024-01-11 21:03:39,742 [INFO] ApiDb:274 - Set plugin database path to: C:\ST\STM32CubeIDE_1.11.2\STM32CubeIDE\plugins\com.st.stm32cube.common.mx_6.10.0.202311202037\\db\/plugins/boardmanager/
2024-01-11 21:03:39,742 [WARN] ApiDb:259 - Overriding images path with different value:  => C:\ST\STM32CubeIDE_1.11.2\STM32CubeIDE\plugins\com.st.stm32cube.common.mx_6.10.0.202311202037\\db\/plugins/mcufinder/images/
2024-01-11 21:03:39,760 [INFO] ApiDb:250 - Set database path to: C:\Users\bakra\.stmcufinder\plugins\mcufinder//mcu/
2024-01-11 21:03:39,763 [INFO] DbMcusAds:125 - Set database path to: C:\Users\bakra\.stmcufinder\plugins\mcufinder//mcu/
2024-01-11 21:03:39,768 [INFO] CrossReferenceDbSqlite:203 - Set database path to: C:\Users\bakra\.stmcufinder\plugins\mcufinder//mcu/cs/
2024-01-11 21:03:39,977 [INFO] RulesReader:64 - Compatibility file has been processed (297 Rules)
2024-01-11 21:03:40,136 [INFO] DbMcusXml:78 - Set database path to: C:\ST\STM32CubeIDE_1.11.2\STM32CubeIDE\plugins\com.st.stm32cube.common.mx_6.10.0.202311202037\\db\/mcu/
2024-01-11 21:03:40,137 [INFO] ApiDb:274 - Set plugin database path to: C:\ST\STM32CubeIDE_1.11.2\STM32CubeIDE\plugins\com.st.stm32cube.common.mx_6.10.0.202311202037\\db\/plugins/boardmanager/
2024-01-11 21:03:40,137 [INFO] ApiDb:261 - Set plugin images path to: C:\ST\STM32CubeIDE_1.11.2\STM32CubeIDE\plugins\com.st.stm32cube.common.mx_6.10.0.202311202037\\db\/plugins/mcufinder/images/
2024-01-11 21:03:40,138 [WARN] DbFile:41 - Overriding database path with different value: C:\Users\bakra\.stmcufinder\plugins\mcufinder/ => C:\Users\bakra\.stmcufinder\plugins\mcufinder
2024-01-11 21:03:40,138 [INFO] ApiDb:250 - Set database path to: C:\Users\bakra\.stmcufinder\plugins\mcufinder//mcu/
2024-01-11 21:03:40,138 [WARN] DbFile:41 - Overriding database path with different value: C:\Users\bakra\.stmcufinder\plugins\mcufinder/ => C:\Users\bakra\.stmcufinder\plugins\mcufinder
2024-01-11 21:03:40,138 [INFO] DbMcusAds:125 - Set database path to: C:\Users\bakra\.stmcufinder\plugins\mcufinder//mcu/
2024-01-11 21:03:40,138 [WARN] DbFile:41 - Overriding database path with different value: C:\Users\bakra\.stmcufinder\plugins\mcufinder/ => C:\Users\bakra\.stmcufinder\plugins\mcufinder
2024-01-11 21:03:40,138 [WARN] DbFile:41 - Overriding database path with different value: C:\Users\bakra\.stmcufinder\plugins\mcufinder/ => C:\Users\bakra\.stmcufinder\plugins\mcufinder
2024-01-11 21:03:40,139 [INFO] CrossReferenceDbSqlite:203 - Set database path to: C:\Users\bakra\.stmcufinder\plugins\mcufinder//mcu/cs/
2024-01-11 21:03:40,267 [INFO] MainPanel:264 - HeapMemory: 285212672
2024-01-11 21:03:40,456 [INFO] DbMcusXml:78 - Set database path to: C:\ST\STM32CubeIDE_1.11.2\STM32CubeIDE\plugins\com.st.stm32cube.common.mx_6.10.0.202311202037\\db\/mcu/
2024-01-11 21:03:40,456 [INFO] ApiDb:274 - Set plugin database path to: C:\ST\STM32CubeIDE_1.11.2\STM32CubeIDE\plugins\com.st.stm32cube.common.mx_6.10.0.202311202037\\db\/plugins/boardmanager/
2024-01-11 21:03:40,456 [INFO] ApiDb:261 - Set plugin images path to: C:\ST\STM32CubeIDE_1.11.2\STM32CubeIDE\plugins\com.st.stm32cube.common.mx_6.10.0.202311202037\\db\/plugins/mcufinder/images/
2024-01-11 21:03:40,457 [WARN] DbFile:41 - Overriding database path with different value: C:\Users\bakra\.stmcufinder\plugins\mcufinder/ => C:\Users\bakra\.stmcufinder\plugins\mcufinder
2024-01-11 21:03:40,457 [INFO] ApiDb:250 - Set database path to: C:\Users\bakra\.stmcufinder\plugins\mcufinder//mcu/
2024-01-11 21:03:40,457 [WARN] DbFile:41 - Overriding database path with different value: C:\Users\bakra\.stmcufinder\plugins\mcufinder/ => C:\Users\bakra\.stmcufinder\plugins\mcufinder
2024-01-11 21:03:40,457 [INFO] DbMcusAds:125 - Set database path to: C:\Users\bakra\.stmcufinder\plugins\mcufinder//mcu/
2024-01-11 21:03:40,457 [WARN] DbFile:41 - Overriding database path with different value: C:\Users\bakra\.stmcufinder\plugins\mcufinder/ => C:\Users\bakra\.stmcufinder\plugins\mcufinder
2024-01-11 21:03:40,457 [WARN] DbFile:41 - Overriding database path with different value: C:\Users\bakra\.stmcufinder\plugins\mcufinder/ => C:\Users\bakra\.stmcufinder\plugins\mcufinder
2024-01-11 21:03:40,457 [INFO] CrossReferenceDbSqlite:203 - Set database path to: C:\Users\bakra\.stmcufinder\plugins\mcufinder//mcu/cs/
2024-01-11 21:03:40,491 [INFO] ApplicationProperties:184 - Using Application install path: C:\ST\STM32CubeIDE_1.11.2\STM32CubeIDE\plugins\com.st.stm32cube.common.mx_6.10.0.202311202037
2024-01-11 21:03:40,494 [INFO] PluginManage:196 - Search for loadable plugins [exclusion list=, ]
2024-01-11 21:03:40,497 [INFO] PluginManage:310 - Check plugin analytics
2024-01-11 21:03:40,894 [INFO] AnalyticsPlugin:253 - Accepted Software Licenses: 
2024-01-11 21:03:40,895 [INFO] AnalyticsPlugin:255 - Accepted CMSIS Pack Licenses: 
2024-01-11 21:03:40,895 [INFO] AnalyticsPlugin:257 - Accepted Firmware Licenses: 
2024-01-11 21:03:40,899 [INFO] PluginManage:359 - Loaded plugin analytics (category:tool,tabindex:-1)
2024-01-11 21:03:40,899 [INFO] PluginManage:310 - Check plugin cadmodel
2024-01-11 21:03:40,916 [INFO] CADModel:105 - Init CAD model plugin
2024-01-11 21:03:40,917 [INFO] PluginManage:359 - Loaded plugin cadmodel (category:power,tabindex:5)
2024-01-11 21:03:40,917 [INFO] PluginManage:310 - Check plugin clock
2024-01-11 21:03:40,953 [INFO] PluginManage:359 - Loaded plugin clock (category:base,tabindex:2)
2024-01-11 21:03:40,953 [INFO] PluginManage:310 - Check plugin ddr
2024-01-11 21:03:40,958 [INFO] PluginManage:359 - Loaded plugin ddr (category:tool,tabindex:6)
2024-01-11 21:03:40,958 [INFO] PluginManage:310 - Check plugin filemanager
2024-01-11 21:03:41,194 [INFO] PluginManage:359 - Loaded plugin filemanager (category:base,tabindex:10)
2024-01-11 21:03:41,195 [INFO] PluginManage:310 - Check plugin ipmanager
2024-01-11 21:03:41,205 [INFO] PluginManage:359 - Loaded plugin ipmanager (category:base,tabindex:5)
2024-01-11 21:03:41,205 [INFO] PluginManage:310 - Check plugin lpbam
2024-01-11 21:03:41,229 [INFO] PluginManage:359 - Loaded plugin lpbam (category:base,tabindex:0)
2024-01-11 21:03:41,230 [INFO] PluginManage:310 - Check plugin memorymap
2024-01-11 21:03:41,259 [INFO] PluginManage:359 - Loaded plugin memorymap (category:base,tabindex:4)
2024-01-11 21:03:41,260 [INFO] PluginManage:310 - Check plugin pinoutandconfiguration
2024-01-11 21:03:41,277 [INFO] PluginManage:359 - Loaded plugin pinoutandconfiguration (category:base,tabindex:1)
2024-01-11 21:03:41,277 [INFO] PluginManage:310 - Check plugin pinoutconfig
2024-01-11 21:03:41,417 [WARN] SupportedApi:132 - Cannot load RTOS API schema: s4s-elt-must-match.1: The content of 'definitions' must match (annotation?, (simpleType | complexType)?, (unique | key | keyref)*)). A problem was found starting at: attribute.
2024-01-11 21:03:41,703 [INFO] PluginManage:359 - Loaded plugin pinoutconfig (category:base,tabindex:0)
2024-01-11 21:03:41,703 [INFO] PluginManage:310 - Check plugin power
2024-01-11 21:03:41,732 [INFO] PluginManage:359 - Loaded plugin power (category:power,tabindex:4)
2024-01-11 21:03:41,733 [INFO] PluginManage:310 - Check plugin projectmanager
2024-01-11 21:03:41,755 [INFO] PluginManage:359 - Loaded plugin projectmanager (category:projectmanager,tabindex:3)
2024-01-11 21:03:41,755 [INFO] PluginManage:310 - Check plugin thirdparty
2024-01-11 21:03:42,181 [WARN] IntegrityCheckThread:84 - waiting for thirdparty lock release [integrity check]
2024-01-11 21:03:42,182 [INFO] PluginManage:359 - Loaded plugin thirdparty (category:base,tabindex:-1)
2024-01-11 21:03:42,182 [INFO] IntegrityCheckThread:86 - entering critical section [integrity check]
2024-01-11 21:03:42,182 [INFO] PluginManage:310 - Check plugin tools
2024-01-11 21:03:42,182 [INFO] ThirdPartyUpdaterWithRetryManager:70 - Updater plugin not ready yet. [1/15]
2024-01-11 21:03:42,235 [INFO] PluginManage:359 - Loaded plugin tools (category:base,tabindex:7)
2024-01-11 21:03:42,235 [INFO] PluginManage:310 - Check plugin tutovideos
2024-01-11 21:03:42,653 [INFO] PluginManage:359 - Loaded plugin tutovideos (category:base,tabindex:-1)
2024-01-11 21:03:42,656 [INFO] PluginManage:310 - Check plugin updater
2024-01-11 21:03:42,674 [INFO] PluginManage:359 - Loaded plugin updater (category:base,tabindex:12)
2024-01-11 21:03:42,674 [INFO] PluginManage:310 - Check plugin userauth
2024-01-11 21:03:42,682 [INFO] UserAuth:114 - Init User Auth plugin
2024-01-11 21:03:42,682 [INFO] PluginManage:359 - Loaded plugin userauth (category:base,tabindex:14)
2024-01-11 21:03:42,683 [INFO] PluginManage:283 - PluginManage : Loaded plugins [17]
2024-01-11 21:03:43,017 [INFO] PinOutPanel:1499 - setPackage(No Configuration,No Configuration)
2024-01-11 21:03:43,090 [INFO] CADModel:165 - CPN selected for project level
2024-01-11 21:03:43,090 [INFO] CADModel:114 - Register for checkConnection events
2024-01-11 21:03:43,116 [INFO] IPUIPlugin:80 - create IPUIPlugin
2024-01-11 21:03:43,116 [INFO] PluginManager:220 - loadIPPluginJar : add adc
2024-01-11 21:03:43,147 [INFO] IPUIPlugin:80 - create IPUIPlugin
2024-01-11 21:03:43,147 [INFO] PluginManager:220 - loadIPPluginJar : add aes
2024-01-11 21:03:43,182 [INFO] IPUIPlugin:80 - create IPUIPlugin
2024-01-11 21:03:43,182 [INFO] PluginManager:220 - loadIPPluginJar : add can
2024-01-11 21:03:43,202 [INFO] IPUIPlugin:80 - create IPUIPlugin
2024-01-11 21:03:43,202 [INFO] PluginManager:220 - loadIPPluginJar : add comp
2024-01-11 21:03:43,227 [INFO] IPUIPlugin:80 - create IPUIPlugin
2024-01-11 21:03:43,228 [INFO] PluginManager:220 - loadIPPluginJar : add cryp
2024-01-11 21:03:43,249 [INFO] IPUIPlugin:80 - create IPUIPlugin
2024-01-11 21:03:43,250 [INFO] PluginManager:220 - loadIPPluginJar : add dfsdm
2024-01-11 21:03:43,260 [INFO] IPUIPlugin:80 - create IPUIPlugin
2024-01-11 21:03:43,261 [INFO] PluginManager:220 - loadIPPluginJar : add dma
2024-01-11 21:03:43,292 [INFO] IPUIPlugin:80 - create IPUIPlugin
2024-01-11 21:03:43,292 [INFO] PluginManager:220 - loadIPPluginJar : add dma3
2024-01-11 21:03:43,308 [INFO] IPUIPlugin:80 - create IPUIPlugin
2024-01-11 21:03:43,308 [INFO] PluginManager:220 - loadIPPluginJar : add fatfs
2024-01-11 21:03:43,342 [INFO] IPUIPlugin:80 - create IPUIPlugin
2024-01-11 21:03:43,342 [INFO] PluginManager:220 - loadIPPluginJar : add fmc
2024-01-11 21:03:43,355 [INFO] IPUIPlugin:80 - create IPUIPlugin
2024-01-11 21:03:43,356 [INFO] PluginManager:220 - loadIPPluginJar : add freertos
2024-01-11 21:03:43,371 [INFO] IPUIPlugin:80 - create IPUIPlugin
2024-01-11 21:03:43,371 [INFO] PluginManager:220 - loadIPPluginJar : add genericplugin
2024-01-11 21:03:43,431 [INFO] IPUIPlugin:80 - create IPUIPlugin
2024-01-11 21:03:43,431 [INFO] PluginManager:220 - loadIPPluginJar : add gfxmmu
2024-01-11 21:03:43,517 [INFO] IPUIPlugin:80 - create IPUIPlugin
2024-01-11 21:03:43,517 [INFO] PluginManager:220 - loadIPPluginJar : add gic
2024-01-11 21:03:43,528 [INFO] IPUIPlugin:80 - create IPUIPlugin
2024-01-11 21:03:43,528 [INFO] PluginManager:220 - loadIPPluginJar : add gpio
2024-01-11 21:03:43,592 [INFO] IPUIPlugin:80 - create IPUIPlugin
2024-01-11 21:03:43,592 [INFO] PluginManager:220 - loadIPPluginJar : add gtzc
2024-01-11 21:03:43,615 [INFO] IPUIPlugin:80 - create IPUIPlugin
2024-01-11 21:03:43,615 [INFO] PluginManager:220 - loadIPPluginJar : add hash
2024-01-11 21:03:43,651 [INFO] IPUIPlugin:80 - create IPUIPlugin
2024-01-11 21:03:43,652 [INFO] PluginManager:220 - loadIPPluginJar : add i2c
2024-01-11 21:03:43,679 [INFO] IPUIPlugin:80 - create IPUIPlugin
2024-01-11 21:03:43,680 [INFO] PluginManager:220 - loadIPPluginJar : add i2s
2024-01-11 21:03:43,708 [INFO] IPUIPlugin:80 - create IPUIPlugin
2024-01-11 21:03:43,708 [INFO] PluginManager:220 - loadIPPluginJar : add i3c
2024-01-11 21:03:43,789 [INFO] IPUIPlugin:80 - create IPUIPlugin
2024-01-11 21:03:43,789 [INFO] PluginManager:220 - loadIPPluginJar : add ipddr
2024-01-11 21:03:43,850 [INFO] IPUIPlugin:80 - create IPUIPlugin
2024-01-11 21:03:43,850 [INFO] PluginManager:220 - loadIPPluginJar : add linkedlist
2024-01-11 21:03:43,874 [INFO] IPUIPlugin:80 - create IPUIPlugin
2024-01-11 21:03:43,875 [INFO] PluginManager:220 - loadIPPluginJar : add lorawan
2024-01-11 21:03:43,900 [INFO] IPUIPlugin:80 - create IPUIPlugin
2024-01-11 21:03:43,901 [INFO] PluginManager:220 - loadIPPluginJar : add ltdc
2024-01-11 21:03:43,912 [INFO] IPUIPlugin:80 - create IPUIPlugin
2024-01-11 21:03:43,912 [INFO] PluginManager:220 - loadIPPluginJar : add mdma
2024-01-11 21:03:43,921 [INFO] IPUIPlugin:80 - create IPUIPlugin
2024-01-11 21:03:43,921 [INFO] PluginManager:220 - loadIPPluginJar : add nvic
2024-01-11 21:03:43,948 [INFO] IPUIPlugin:80 - create IPUIPlugin
2024-01-11 21:03:43,948 [INFO] PluginManager:220 - loadIPPluginJar : add opamp
2024-01-11 21:03:43,990 [INFO] IPUIPlugin:80 - create IPUIPlugin
2024-01-11 21:03:43,990 [INFO] PluginManager:220 - loadIPPluginJar : add openamp
2024-01-11 21:03:44,022 [INFO] IPUIPlugin:80 - create IPUIPlugin
2024-01-11 21:03:44,022 [INFO] PluginManager:220 - loadIPPluginJar : add pdm2pcm
2024-01-11 21:03:44,033 [INFO] IPUIPlugin:80 - create IPUIPlugin
2024-01-11 21:03:44,035 [INFO] PluginManager:220 - loadIPPluginJar : add plateformsettings
2024-01-11 21:03:44,051 [INFO] IPUIPlugin:80 - create IPUIPlugin
2024-01-11 21:03:44,052 [INFO] PluginManager:220 - loadIPPluginJar : add quadspi
2024-01-11 21:03:44,061 [INFO] IPUIPlugin:80 - create IPUIPlugin
2024-01-11 21:03:44,062 [INFO] PluginManager:220 - loadIPPluginJar : add resmgrutility
2024-01-11 21:03:44,096 [INFO] IPUIPlugin:80 - create IPUIPlugin
2024-01-11 21:03:44,096 [INFO] PluginManager:220 - loadIPPluginJar : add sai
2024-01-11 21:03:44,122 [INFO] IPUIPlugin:80 - create IPUIPlugin
2024-01-11 21:03:44,122 [INFO] PluginManager:220 - loadIPPluginJar : add spi
2024-01-11 21:03:44,170 [INFO] IPUIPlugin:80 - create IPUIPlugin
2024-01-11 21:03:44,170 [INFO] PluginManager:220 - loadIPPluginJar : add stm32_wpan
2024-01-11 21:03:44,186 [INFO] IPUIPlugin:80 - create IPUIPlugin
2024-01-11 21:03:44,186 [INFO] PluginManager:220 - loadIPPluginJar : add tim
2024-01-11 21:03:44,226 [INFO] IPUIPlugin:80 - create IPUIPlugin
2024-01-11 21:03:44,226 [INFO] PluginManager:220 - loadIPPluginJar : add touchsensing
2024-01-11 21:03:44,242 [INFO] IPUIPlugin:80 - create IPUIPlugin
2024-01-11 21:03:44,243 [INFO] PluginManager:220 - loadIPPluginJar : add tracer_emb
2024-01-11 21:03:44,258 [INFO] IPUIPlugin:80 - create IPUIPlugin
2024-01-11 21:03:44,258 [INFO] PluginManager:220 - loadIPPluginJar : add ts
2024-01-11 21:03:44,273 [INFO] IPUIPlugin:80 - create IPUIPlugin
2024-01-11 21:03:44,274 [INFO] PluginManager:220 - loadIPPluginJar : add tsc
2024-01-11 21:03:44,289 [INFO] IPUIPlugin:80 - create IPUIPlugin
2024-01-11 21:03:44,289 [INFO] PluginManager:220 - loadIPPluginJar : add ucpd
2024-01-11 21:03:44,320 [INFO] IPUIPlugin:80 - create IPUIPlugin
2024-01-11 21:03:44,320 [INFO] PluginManager:220 - loadIPPluginJar : add usart
2024-01-11 21:03:44,350 [INFO] IPUIPlugin:80 - create IPUIPlugin
2024-01-11 21:03:44,350 [INFO] PluginManager:220 - loadIPPluginJar : add usbx
2024-01-11 21:03:44,465 [INFO] CADModel:165 - CPN selected for project level
2024-01-11 21:03:44,465 [INFO] CADModel:114 - Register for checkConnection events
2024-01-11 21:03:44,465 [FATAL] Updater:308 - Updater called before beeing initialized
2024-01-11 21:03:44,465 [ERROR] CADModel:125 - Updater not yet initialized, retry later 
2024-01-11 21:03:44,615 [INFO] CADModel:165 - CPN selected for project level
2024-01-11 21:03:44,615 [INFO] CADModel:114 - Register for checkConnection events
2024-01-11 21:03:44,615 [FATAL] Updater:308 - Updater called before beeing initialized
2024-01-11 21:03:44,615 [ERROR] CADModel:125 - Updater not yet initialized, retry later 
2024-01-11 21:03:44,618 [FATAL] Updater:308 - Updater called before beeing initialized
2024-01-11 21:03:44,715 [FATAL] Updater:308 - Updater called before beeing initialized
2024-01-11 21:03:44,727 [INFO] DbMcusAds:53 - JSON generation date=Wed Nov 29 05:52:27 EST 2023 (1701255147349)
2024-01-11 21:03:44,727 [FATAL] Updater:308 - Updater called before beeing initialized
2024-01-11 21:03:44,797 [WARN] DetailPanel:346 - Failed to get advertising image, set to default
2024-01-11 21:03:44,875 [FATAL] Updater:308 - Updater called before beeing initialized
2024-01-11 21:03:44,881 [FATAL] Updater:308 - Updater called before beeing initialized
2024-01-11 21:03:44,881 [FATAL] Updater:308 - Updater called before beeing initialized
2024-01-11 21:03:44,881 [WARN] DetailPanel:346 - Failed to get advertising image, set to default
2024-01-11 21:03:44,881 [FATAL] Updater:308 - Updater called before beeing initialized
2024-01-11 21:03:44,935 [ERROR] Updater:1120 - MainUpdater not yet initialized. External WinMGr cannot be set.
2024-01-11 21:03:44,944 [INFO] Updater:1056 - Updater Version found : 6.10.0
2024-01-11 21:03:44,963 [INFO] ApplicationProperties:184 - Using Application install path: C:\ST\STM32CubeIDE_1.11.2\STM32CubeIDE\plugins\com.st.stm32cube.common.mx_6.10.0.202311202037
2024-01-11 21:03:45,185 [INFO] ThirdPartyUpdaterWithRetryManager:70 - Updater plugin not ready yet. [2/15]
2024-01-11 21:03:46,539 [ERROR] LogOutputStream:75 - [STDERR_REDIRECT] Jan 11, 2024 9:03:46 PM java.util.prefs.WindowsPreferences <init>
2024-01-11 21:03:46,541 [ERROR] LogOutputStream:75 - [STDERR_REDIRECT] WARNING: Could not open/create prefs root node Software\JavaSoft\Prefs at root 0xffffffff80000002. Windows RegCreateKeyEx(...) returned error code 5.
2024-01-11 21:03:46,541 [ERROR] LogOutputStream:75 - [STDERR_REDIRECT] 
2024-01-11 21:03:47,362 [INFO] MainUpdater:2873 - connection check result : 10
2024-01-11 21:03:47,363 [INFO] MainUpdater:290 - Updater Check For Update Now.
2024-01-11 21:03:47,363 [INFO] MicroXplorer:498 - Change Database Version : DB.6.0.100
2024-01-11 21:03:47,422 [ERROR] LogOutputStream:75 - [STDERR_REDIRECT] 
