2024-06-01 16:43:25,189 [INFO] Activator:176 - 


2024-06-01 16:43:25,190 [INFO] Activator:177 - !SESSION log4j initialized
2024-06-01 16:43:28,779 [ERROR] LogOutputStream:75 - [STDERR_REDIRECT] Managed Build system manifest file error: Option com.atollic.truestudio.general.runtimelib.379644932 uses a null category that is invalid in its context. The option was ignored.
2024-06-01 16:43:28,779 [ERROR] LogOutputStream:75 - [STDERR_REDIRECT] Managed Build system manifest file error: Option com.atollic.truestudio.toolchain_options.mcu.1148613288 uses a null category that is invalid in its context. The option was ignored.
2024-06-01 16:43:28,784 [ERROR] LogOutputStream:75 - [STDERR_REDIRECT] Managed Build system manifest file error: Option com.atollic.truestudio.toolchain_options.vendor.2008536025 uses a null category that is invalid in its context. The option was ignored.
2024-06-01 16:43:28,848 [ERROR] LogOutputStream:75 - [STDERR_REDIRECT] Managed Build system manifest file error: Option com.atollic.truestudio.general.runtimelib.143798172 uses a null category that is invalid in its context. The option was ignored.
2024-06-01 16:43:28,851 [ERROR] LogOutputStream:75 - [STDERR_REDIRECT] Managed Build system manifest file error: Option com.atollic.truestudio.toolchain_options.mcu.788925640 uses a null category that is invalid in its context. The option was ignored.
2024-06-01 16:43:28,855 [ERROR] LogOutputStream:75 - [STDERR_REDIRECT] Managed Build system manifest file error: Option com.atollic.truestudio.toolchain_options.vendor.639784139 uses a null category that is invalid in its context. The option was ignored.
2024-06-01 16:43:30,724 [INFO] LogOutputStream:77 - [STDOUT_REDIRECT] 
2024-06-01 16:43:33,109 [INFO] ApplicationProperties:184 - Using Application install path: C:\ST\STM32CubeIDE_1.11.2\STM32CubeIDE\plugins\com.st.stm32cube.common.mx_6.11.1.202404110753
2024-06-01 16:43:33,132 [INFO] DbMcusXml:78 - Set database path to: C:\ST\STM32CubeIDE_1.11.2\STM32CubeIDE\plugins\com.st.stm32cube.common.mx_6.11.1.202404110753\\db\/mcu/
2024-06-01 16:43:33,132 [INFO] ApiDb:274 - Set plugin database path to: C:\ST\STM32CubeIDE_1.11.2\STM32CubeIDE\plugins\com.st.stm32cube.common.mx_6.11.1.202404110753\\db\/plugins/boardmanager/
2024-06-01 16:43:33,132 [WARN] ApiDb:259 - Overriding images path with different value:  => C:\ST\STM32CubeIDE_1.11.2\STM32CubeIDE\plugins\com.st.stm32cube.common.mx_6.11.1.202404110753\\db\/plugins/mcufinder/images/
2024-06-01 16:43:33,136 [INFO] ApiDb:250 - Set database path to: C:\Users\bakra\.stmcufinder\plugins\mcufinder//mcu/
2024-06-01 16:43:33,137 [INFO] DbMcusAds:125 - Set database path to: C:\Users\bakra\.stmcufinder\plugins\mcufinder//mcu/
2024-06-01 16:43:33,138 [INFO] CrossReferenceDbSqlite:203 - Set database path to: C:\Users\bakra\.stmcufinder\plugins\mcufinder//mcu/cs/
2024-06-01 16:43:33,240 [INFO] RulesReader:64 - Compatibility file has been processed (297 Rules)
2024-06-01 16:43:33,349 [INFO] DbMcusXml:78 - Set database path to: C:\ST\STM32CubeIDE_1.11.2\STM32CubeIDE\plugins\com.st.stm32cube.common.mx_6.11.1.202404110753\\db\/mcu/
2024-06-01 16:43:33,349 [INFO] ApiDb:274 - Set plugin database path to: C:\ST\STM32CubeIDE_1.11.2\STM32CubeIDE\plugins\com.st.stm32cube.common.mx_6.11.1.202404110753\\db\/plugins/boardmanager/
2024-06-01 16:43:33,349 [INFO] ApiDb:261 - Set plugin images path to: C:\ST\STM32CubeIDE_1.11.2\STM32CubeIDE\plugins\com.st.stm32cube.common.mx_6.11.1.202404110753\\db\/plugins/mcufinder/images/
2024-06-01 16:43:33,350 [WARN] DbFile:41 - Overriding database path with different value: C:\Users\bakra\.stmcufinder\plugins\mcufinder/ => C:\Users\bakra\.stmcufinder\plugins\mcufinder
2024-06-01 16:43:33,350 [INFO] ApiDb:250 - Set database path to: C:\Users\bakra\.stmcufinder\plugins\mcufinder//mcu/
2024-06-01 16:43:33,350 [WARN] DbFile:41 - Overriding database path with different value: C:\Users\bakra\.stmcufinder\plugins\mcufinder/ => C:\Users\bakra\.stmcufinder\plugins\mcufinder
2024-06-01 16:43:33,350 [INFO] DbMcusAds:125 - Set database path to: C:\Users\bakra\.stmcufinder\plugins\mcufinder//mcu/
2024-06-01 16:43:33,350 [WARN] DbFile:41 - Overriding database path with different value: C:\Users\bakra\.stmcufinder\plugins\mcufinder/ => C:\Users\bakra\.stmcufinder\plugins\mcufinder
2024-06-01 16:43:33,350 [WARN] DbFile:41 - Overriding database path with different value: C:\Users\bakra\.stmcufinder\plugins\mcufinder/ => C:\Users\bakra\.stmcufinder\plugins\mcufinder
2024-06-01 16:43:33,350 [INFO] CrossReferenceDbSqlite:203 - Set database path to: C:\Users\bakra\.stmcufinder\plugins\mcufinder//mcu/cs/
2024-06-01 16:43:33,449 [INFO] MainPanel:264 - HeapMemory: 268435456
2024-06-01 16:43:33,584 [INFO] DbMcusXml:78 - Set database path to: C:\ST\STM32CubeIDE_1.11.2\STM32CubeIDE\plugins\com.st.stm32cube.common.mx_6.11.1.202404110753\\db\/mcu/
2024-06-01 16:43:33,584 [INFO] ApiDb:274 - Set plugin database path to: C:\ST\STM32CubeIDE_1.11.2\STM32CubeIDE\plugins\com.st.stm32cube.common.mx_6.11.1.202404110753\\db\/plugins/boardmanager/
2024-06-01 16:43:33,584 [INFO] ApiDb:261 - Set plugin images path to: C:\ST\STM32CubeIDE_1.11.2\STM32CubeIDE\plugins\com.st.stm32cube.common.mx_6.11.1.202404110753\\db\/plugins/mcufinder/images/
2024-06-01 16:43:33,584 [WARN] DbFile:41 - Overriding database path with different value: C:\Users\bakra\.stmcufinder\plugins\mcufinder/ => C:\Users\bakra\.stmcufinder\plugins\mcufinder
2024-06-01 16:43:33,584 [INFO] ApiDb:250 - Set database path to: C:\Users\bakra\.stmcufinder\plugins\mcufinder//mcu/
2024-06-01 16:43:33,585 [WARN] DbFile:41 - Overriding database path with different value: C:\Users\bakra\.stmcufinder\plugins\mcufinder/ => C:\Users\bakra\.stmcufinder\plugins\mcufinder
2024-06-01 16:43:33,585 [INFO] DbMcusAds:125 - Set database path to: C:\Users\bakra\.stmcufinder\plugins\mcufinder//mcu/
2024-06-01 16:43:33,585 [WARN] DbFile:41 - Overriding database path with different value: C:\Users\bakra\.stmcufinder\plugins\mcufinder/ => C:\Users\bakra\.stmcufinder\plugins\mcufinder
2024-06-01 16:43:33,585 [WARN] DbFile:41 - Overriding database path with different value: C:\Users\bakra\.stmcufinder\plugins\mcufinder/ => C:\Users\bakra\.stmcufinder\plugins\mcufinder
2024-06-01 16:43:33,585 [INFO] CrossReferenceDbSqlite:203 - Set database path to: C:\Users\bakra\.stmcufinder\plugins\mcufinder//mcu/cs/
2024-06-01 16:43:33,609 [INFO] ApplicationProperties:184 - Using Application install path: C:\ST\STM32CubeIDE_1.11.2\STM32CubeIDE\plugins\com.st.stm32cube.common.mx_6.11.1.202404110753
2024-06-01 16:43:33,611 [INFO] PluginManage:196 - Search for loadable plugins [exclusion list=, ]
2024-06-01 16:43:33,611 [INFO] PluginManage:310 - Check plugin analytics
2024-06-01 16:43:33,752 [INFO] AnalyticsPlugin:253 - Accepted Software Licenses: 
2024-06-01 16:43:33,753 [INFO] AnalyticsPlugin:255 - Accepted CMSIS Pack Licenses: 
2024-06-01 16:43:33,753 [INFO] AnalyticsPlugin:257 - Accepted Firmware Licenses: 
2024-06-01 16:43:33,755 [INFO] PluginManage:359 - Loaded plugin analytics (category:tool,tabindex:-1)
2024-06-01 16:43:33,755 [INFO] PluginManage:310 - Check plugin cadmodel
2024-06-01 16:43:33,801 [INFO] CADModel:105 - Init CAD model plugin
2024-06-01 16:43:33,801 [INFO] PluginManage:359 - Loaded plugin cadmodel (category:power,tabindex:5)
2024-06-01 16:43:33,801 [INFO] PluginManage:310 - Check plugin clock
2024-06-01 16:43:33,815 [INFO] PluginManage:359 - Loaded plugin clock (category:base,tabindex:2)
2024-06-01 16:43:33,816 [INFO] PluginManage:310 - Check plugin ddr
2024-06-01 16:43:33,818 [INFO] PluginManage:359 - Loaded plugin ddr (category:tool,tabindex:6)
2024-06-01 16:43:33,818 [INFO] PluginManage:310 - Check plugin filemanager
2024-06-01 16:43:33,938 [INFO] PluginManage:359 - Loaded plugin filemanager (category:base,tabindex:10)
2024-06-01 16:43:33,938 [INFO] PluginManage:310 - Check plugin ipmanager
2024-06-01 16:43:33,946 [INFO] PluginManage:359 - Loaded plugin ipmanager (category:base,tabindex:5)
2024-06-01 16:43:33,946 [INFO] PluginManage:310 - Check plugin lpbam
2024-06-01 16:43:33,961 [INFO] PluginManage:359 - Loaded plugin lpbam (category:base,tabindex:0)
2024-06-01 16:43:33,961 [INFO] PluginManage:310 - Check plugin memorymap
2024-06-01 16:43:33,995 [INFO] PluginManage:359 - Loaded plugin memorymap (category:base,tabindex:4)
2024-06-01 16:43:33,995 [INFO] PluginManage:310 - Check plugin pinoutandconfiguration
2024-06-01 16:43:34,009 [INFO] PluginManage:359 - Loaded plugin pinoutandconfiguration (category:base,tabindex:1)
2024-06-01 16:43:34,009 [INFO] PluginManage:310 - Check plugin pinoutconfig
2024-06-01 16:43:34,104 [WARN] SupportedApi:132 - Cannot load RTOS API schema: s4s-elt-must-match.1: The content of 'definitions' must match (annotation?, (simpleType | complexType)?, (unique | key | keyref)*)). A problem was found starting at: attribute.
2024-06-01 16:43:34,250 [INFO] PluginManage:359 - Loaded plugin pinoutconfig (category:base,tabindex:0)
2024-06-01 16:43:34,250 [INFO] PluginManage:310 - Check plugin power
2024-06-01 16:43:34,267 [INFO] PluginManage:359 - Loaded plugin power (category:power,tabindex:4)
2024-06-01 16:43:34,267 [INFO] PluginManage:310 - Check plugin projectmanager
2024-06-01 16:43:34,278 [INFO] PluginManage:359 - Loaded plugin projectmanager (category:projectmanager,tabindex:3)
2024-06-01 16:43:34,279 [INFO] PluginManage:310 - Check plugin thirdparty
2024-06-01 16:43:34,515 [INFO] PluginManage:359 - Loaded plugin thirdparty (category:base,tabindex:-1)
2024-06-01 16:43:34,515 [WARN] IntegrityCheckThread:84 - waiting for thirdparty lock release [integrity check]
2024-06-01 16:43:34,515 [INFO] PluginManage:310 - Check plugin tools
2024-06-01 16:43:34,515 [INFO] IntegrityCheckThread:86 - entering critical section [integrity check]
2024-06-01 16:43:34,515 [INFO] ThirdPartyUpdaterWithRetryManager:70 - Updater plugin not ready yet. [1/15]
2024-06-01 16:43:34,548 [INFO] PluginManage:359 - Loaded plugin tools (category:base,tabindex:7)
2024-06-01 16:43:34,549 [INFO] PluginManage:310 - Check plugin tutovideos
2024-06-01 16:43:34,771 [INFO] PluginManage:359 - Loaded plugin tutovideos (category:base,tabindex:-1)
2024-06-01 16:43:34,771 [INFO] PluginManage:310 - Check plugin updater
2024-06-01 16:43:34,782 [INFO] PluginManage:359 - Loaded plugin updater (category:base,tabindex:12)
2024-06-01 16:43:34,782 [INFO] PluginManage:310 - Check plugin userauth
2024-06-01 16:43:34,789 [INFO] UserAuth:114 - Init User Auth plugin
2024-06-01 16:43:34,789 [INFO] PluginManage:359 - Loaded plugin userauth (category:base,tabindex:14)
2024-06-01 16:43:34,789 [INFO] PluginManage:283 - PluginManage : Loaded plugins [17]
2024-06-01 16:43:35,044 [INFO] PinOutPanel:1561 - setPackage(No Configuration,No Configuration)
2024-06-01 16:43:35,104 [INFO] CADModel:165 - CPN selected for project level
2024-06-01 16:43:35,104 [INFO] CADModel:114 - Register for checkConnection events
2024-06-01 16:43:35,128 [INFO] IPUIPlugin:80 - create IPUIPlugin
2024-06-01 16:43:35,128 [INFO] PluginManager:220 - loadIPPluginJar : add adc
2024-06-01 16:43:35,158 [INFO] IPUIPlugin:80 - create IPUIPlugin
2024-06-01 16:43:35,158 [INFO] PluginManager:220 - loadIPPluginJar : add aes
2024-06-01 16:43:35,191 [INFO] IPUIPlugin:80 - create IPUIPlugin
2024-06-01 16:43:35,191 [INFO] PluginManager:220 - loadIPPluginJar : add can
2024-06-01 16:43:35,211 [INFO] IPUIPlugin:80 - create IPUIPlugin
2024-06-01 16:43:35,211 [INFO] PluginManager:220 - loadIPPluginJar : add comp
2024-06-01 16:43:35,239 [INFO] IPUIPlugin:80 - create IPUIPlugin
2024-06-01 16:43:35,239 [INFO] PluginManager:220 - loadIPPluginJar : add cryp
2024-06-01 16:43:35,265 [INFO] IPUIPlugin:80 - create IPUIPlugin
2024-06-01 16:43:35,265 [INFO] PluginManager:220 - loadIPPluginJar : add dfsdm
2024-06-01 16:43:35,276 [INFO] IPUIPlugin:80 - create IPUIPlugin
2024-06-01 16:43:35,277 [INFO] PluginManager:220 - loadIPPluginJar : add dma
2024-06-01 16:43:35,317 [INFO] IPUIPlugin:80 - create IPUIPlugin
2024-06-01 16:43:35,318 [INFO] PluginManager:220 - loadIPPluginJar : add dma3
2024-06-01 16:43:35,358 [INFO] IPUIPlugin:80 - create IPUIPlugin
2024-06-01 16:43:35,358 [INFO] PluginManager:220 - loadIPPluginJar : add extmemmanager
2024-06-01 16:43:35,376 [INFO] IPUIPlugin:80 - create IPUIPlugin
2024-06-01 16:43:35,376 [INFO] PluginManager:220 - loadIPPluginJar : add fatfs
2024-06-01 16:43:35,417 [INFO] IPUIPlugin:80 - create IPUIPlugin
2024-06-01 16:43:35,418 [INFO] PluginManager:220 - loadIPPluginJar : add fmc
2024-06-01 16:43:35,430 [INFO] IPUIPlugin:80 - create IPUIPlugin
2024-06-01 16:43:35,430 [INFO] PluginManager:220 - loadIPPluginJar : add freertos
2024-06-01 16:43:35,449 [INFO] IPUIPlugin:80 - create IPUIPlugin
2024-06-01 16:43:35,449 [INFO] PluginManager:220 - loadIPPluginJar : add genericplugin
2024-06-01 16:43:35,524 [INFO] IPUIPlugin:80 - create IPUIPlugin
2024-06-01 16:43:35,524 [INFO] PluginManager:220 - loadIPPluginJar : add gfxmmu
2024-06-01 16:43:35,637 [INFO] IPUIPlugin:80 - create IPUIPlugin
2024-06-01 16:43:35,637 [INFO] PluginManager:220 - loadIPPluginJar : add gic
2024-06-01 16:43:35,649 [INFO] IPUIPlugin:80 - create IPUIPlugin
2024-06-01 16:43:35,649 [INFO] PluginManager:220 - loadIPPluginJar : add gpio
2024-06-01 16:43:35,729 [INFO] IPUIPlugin:80 - create IPUIPlugin
2024-06-01 16:43:35,729 [INFO] PluginManager:220 - loadIPPluginJar : add gtzc
2024-06-01 16:43:35,757 [INFO] IPUIPlugin:80 - create IPUIPlugin
2024-06-01 16:43:35,757 [INFO] PluginManager:220 - loadIPPluginJar : add hash
2024-06-01 16:43:35,798 [INFO] IPUIPlugin:80 - create IPUIPlugin
2024-06-01 16:43:35,799 [INFO] PluginManager:220 - loadIPPluginJar : add i2c
2024-06-01 16:43:35,832 [INFO] IPUIPlugin:80 - create IPUIPlugin
2024-06-01 16:43:35,832 [INFO] PluginManager:220 - loadIPPluginJar : add i2s
2024-06-01 16:43:35,866 [INFO] IPUIPlugin:80 - create IPUIPlugin
2024-06-01 16:43:35,866 [INFO] PluginManager:220 - loadIPPluginJar : add i3c
2024-06-01 16:43:35,951 [INFO] IPUIPlugin:80 - create IPUIPlugin
2024-06-01 16:43:35,951 [INFO] PluginManager:220 - loadIPPluginJar : add ipddr
2024-06-01 16:43:36,023 [INFO] IPUIPlugin:80 - create IPUIPlugin
2024-06-01 16:43:36,023 [INFO] PluginManager:220 - loadIPPluginJar : add linkedlist
2024-06-01 16:43:36,050 [INFO] IPUIPlugin:80 - create IPUIPlugin
2024-06-01 16:43:36,051 [INFO] PluginManager:220 - loadIPPluginJar : add lorawan
2024-06-01 16:43:36,080 [INFO] IPUIPlugin:80 - create IPUIPlugin
2024-06-01 16:43:36,080 [INFO] PluginManager:220 - loadIPPluginJar : add ltdc
2024-06-01 16:43:36,091 [INFO] IPUIPlugin:80 - create IPUIPlugin
2024-06-01 16:43:36,091 [INFO] PluginManager:220 - loadIPPluginJar : add mdma
2024-06-01 16:43:36,102 [INFO] IPUIPlugin:80 - create IPUIPlugin
2024-06-01 16:43:36,102 [INFO] PluginManager:220 - loadIPPluginJar : add nvic
2024-06-01 16:43:36,131 [INFO] IPUIPlugin:80 - create IPUIPlugin
2024-06-01 16:43:36,131 [INFO] PluginManager:220 - loadIPPluginJar : add opamp
2024-06-01 16:43:36,178 [INFO] IPUIPlugin:80 - create IPUIPlugin
2024-06-01 16:43:36,178 [INFO] PluginManager:220 - loadIPPluginJar : add openamp
2024-06-01 16:43:36,211 [INFO] IPUIPlugin:80 - create IPUIPlugin
2024-06-01 16:43:36,211 [INFO] PluginManager:220 - loadIPPluginJar : add pdm2pcm
2024-06-01 16:43:36,223 [INFO] IPUIPlugin:80 - create IPUIPlugin
2024-06-01 16:43:36,225 [INFO] PluginManager:220 - loadIPPluginJar : add plateformsettings
2024-06-01 16:43:36,242 [INFO] IPUIPlugin:80 - create IPUIPlugin
2024-06-01 16:43:36,242 [INFO] PluginManager:220 - loadIPPluginJar : add quadspi
2024-06-01 16:43:36,251 [INFO] IPUIPlugin:80 - create IPUIPlugin
2024-06-01 16:43:36,251 [INFO] PluginManager:220 - loadIPPluginJar : add resmgrutility
2024-06-01 16:43:36,290 [INFO] IPUIPlugin:80 - create IPUIPlugin
2024-06-01 16:43:36,290 [INFO] PluginManager:220 - loadIPPluginJar : add sai
2024-06-01 16:43:36,319 [INFO] IPUIPlugin:80 - create IPUIPlugin
2024-06-01 16:43:36,319 [INFO] PluginManager:220 - loadIPPluginJar : add spi
2024-06-01 16:43:36,373 [INFO] IPUIPlugin:80 - create IPUIPlugin
2024-06-01 16:43:36,373 [INFO] PluginManager:220 - loadIPPluginJar : add stm32_wpan
2024-06-01 16:43:36,392 [INFO] IPUIPlugin:80 - create IPUIPlugin
2024-06-01 16:43:36,392 [INFO] PluginManager:220 - loadIPPluginJar : add tim
2024-06-01 16:43:36,445 [INFO] IPUIPlugin:80 - create IPUIPlugin
2024-06-01 16:43:36,445 [INFO] PluginManager:220 - loadIPPluginJar : add touchsensing
2024-06-01 16:43:36,474 [INFO] IPUIPlugin:80 - create IPUIPlugin
2024-06-01 16:43:36,474 [INFO] PluginManager:220 - loadIPPluginJar : add tracer_emb
2024-06-01 16:43:36,496 [INFO] IPUIPlugin:80 - create IPUIPlugin
2024-06-01 16:43:36,496 [INFO] PluginManager:220 - loadIPPluginJar : add ts
2024-06-01 16:43:36,516 [INFO] IPUIPlugin:80 - create IPUIPlugin
2024-06-01 16:43:36,516 [INFO] PluginManager:220 - loadIPPluginJar : add tsc
2024-06-01 16:43:36,536 [INFO] IPUIPlugin:80 - create IPUIPlugin
2024-06-01 16:43:36,536 [INFO] PluginManager:220 - loadIPPluginJar : add ucpd
2024-06-01 16:43:36,574 [INFO] IPUIPlugin:80 - create IPUIPlugin
2024-06-01 16:43:36,574 [INFO] PluginManager:220 - loadIPPluginJar : add usart
2024-06-01 16:43:36,611 [INFO] IPUIPlugin:80 - create IPUIPlugin
2024-06-01 16:43:36,611 [INFO] PluginManager:220 - loadIPPluginJar : add usbx
2024-06-01 16:43:36,733 [INFO] CADModel:165 - CPN selected for project level
2024-06-01 16:43:36,734 [INFO] CADModel:114 - Register for checkConnection events
2024-06-01 16:43:36,734 [FATAL] Updater:308 - Updater called before beeing initialized
2024-06-01 16:43:36,734 [ERROR] CADModel:125 - Updater not yet initialized, retry later 
2024-06-01 16:43:36,879 [INFO] CADModel:165 - CPN selected for project level
2024-06-01 16:43:36,879 [INFO] CADModel:114 - Register for checkConnection events
2024-06-01 16:43:36,879 [FATAL] Updater:308 - Updater called before beeing initialized
2024-06-01 16:43:36,879 [ERROR] CADModel:125 - Updater not yet initialized, retry later 
2024-06-01 16:43:36,882 [FATAL] Updater:308 - Updater called before beeing initialized
2024-06-01 16:43:36,979 [FATAL] Updater:308 - Updater called before beeing initialized
2024-06-01 16:43:36,991 [INFO] DbMcusAds:53 - JSON generation date=Thu May 16 05:22:01 EDT 2024 (1715851321109)
2024-06-01 16:43:36,991 [FATAL] Updater:308 - Updater called before beeing initialized
2024-06-01 16:43:37,025 [WARN] DetailPanel:346 - Failed to get advertising image, set to default
2024-06-01 16:43:37,105 [FATAL] Updater:308 - Updater called before beeing initialized
2024-06-01 16:43:37,107 [FATAL] Updater:308 - Updater called before beeing initialized
2024-06-01 16:43:37,107 [FATAL] Updater:308 - Updater called before beeing initialized
2024-06-01 16:43:37,108 [WARN] DetailPanel:346 - Failed to get advertising image, set to default
2024-06-01 16:43:37,108 [FATAL] Updater:308 - Updater called before beeing initialized
2024-06-01 16:43:37,162 [ERROR] Updater:1120 - MainUpdater not yet initialized. External WinMGr cannot be set.
2024-06-01 16:43:37,173 [INFO] Updater:1056 - Updater Version found : 6.11.1
2024-06-01 16:43:37,193 [INFO] ApplicationProperties:184 - Using Application install path: C:\ST\STM32CubeIDE_1.11.2\STM32CubeIDE\plugins\com.st.stm32cube.common.mx_6.11.1.202404110753
2024-06-01 16:43:37,519 [INFO] ThirdPartyUpdaterWithRetryManager:70 - Updater plugin not ready yet. [2/15]
2024-06-01 16:43:38,455 [INFO] McuFinderGlobals:63 - Set McuFinder mode to 2 (CubeIDE integrated)
2024-06-01 16:43:38,769 [ERROR] LogOutputStream:75 - [STDERR_REDIRECT] Jun 01, 2024 4:43:38 PM java.util.prefs.WindowsPreferences <init>
2024-06-01 16:43:38,771 [ERROR] LogOutputStream:75 - [STDERR_REDIRECT] WARNING: Could not open/create prefs root node Software\JavaSoft\Prefs at root 0xffffffff80000002. Windows RegCreateKeyEx(...) returned error code 5.
2024-06-01 16:43:38,771 [ERROR] LogOutputStream:75 - [STDERR_REDIRECT] 
2024-06-01 16:43:39,283 [INFO] MainUpdater:2873 - connection check result : 10
2024-06-01 16:43:39,284 [INFO] MainUpdater:290 - Updater Check For Update Now.
2024-06-01 16:43:39,284 [INFO] MicroXplorer:498 - Change Database Version : DB.6.0.111
2024-06-01 16:43:39,301 [INFO] McuFinderGlobals:63 - Set McuFinder mode to 2 (CubeIDE integrated)
2024-06-01 16:43:39,317 [INFO] UserAuth:415 - Internet connection configuration mode: 1
2024-06-01 16:43:39,367 [INFO] JxBrowserEngine:152 - Initiate JxBrowser Engine with user profile folder
2024-06-01 16:43:39,488 [INFO] CheckServerUpdateThread:120 - End of CheckServer Thread
2024-06-01 16:43:39,515 [INFO] MainUpdater:2873 - connection check result : 10
2024-06-01 16:43:39,521 [INFO] MainUpdater:2873 - connection check result : 10
2024-06-01 16:43:39,736 [INFO] MicroXplorer:468 - Change Database Path : 
2024-06-01 16:43:39,736 [INFO] MicroXplorer:498 - Change Database Version : DB.6.0.111
2024-06-01 16:43:39,743 [WARN] ThirdParty:871 - waiting for thirdparty lock release [close project]
2024-06-01 16:43:40,680 [WARN] PackLoader:240 - Cannot read IP mode file for STMicroelectronics.FP-SNS-MOTENVWB1.1.4.0
2024-06-01 16:43:40,695 [WARN] PackLoader:240 - Cannot read IP mode file for STMicroelectronics.X-CUBE-SMBUS.2.1.0
2024-06-01 16:43:40,706 [WARN] PackLoader:240 - Cannot read IP mode file for STMicroelectronics.X-CUBE-TOUCHGFX.4.23.0
2024-06-01 16:43:40,714 [WARN] PackLoader:240 - Cannot read IP mode file for STMicroelectronics.X-CUBE-TOUCHGFX.4.23.2
2024-06-01 16:43:40,745 [WARN] PackLoader:240 - Cannot read IP mode file for STMicroelectronics.X-CUBE-AZRTOS-F7.1.1.0
2024-06-01 16:43:40,760 [ERROR] RealEvaluatedCondition:428 - Found unsupported composite condition: CLASS='Data Exchange' GROUP='STM32_MetaDataManager'
2024-06-01 16:43:40,760 [ERROR] RealEvaluatedCondition:428 - Found unsupported composite condition: GROUP='STM32_MetaDataManager' CLASS='Data Exchange'
2024-06-01 16:43:40,761 [WARN] PackLoader:240 - Cannot read IP mode file for STMicroelectronics.FP-SNS-MOTENV1.4.3.0
2024-06-01 16:43:40,774 [WARN] PackLoader:240 - Cannot read IP mode file for STMicroelectronics.FP-SNS-MOTENV1.4.3.2
2024-06-01 16:43:40,785 [WARN] PackLoader:240 - Cannot read IP mode file for STMicroelectronics.FP-SNS-FLIGHT1.5.0.0
2024-06-01 16:43:40,795 [ERROR] RealEvaluatedCondition:428 - Found unsupported composite condition: GROUP='STM32_MetaDataManager' CLASS='Data Exchange'
2024-06-01 16:43:40,795 [ERROR] RealEvaluatedCondition:428 - Found unsupported composite condition: GROUP='STM32_MetaDataManager' CLASS='Data Exchange'
2024-06-01 16:43:40,797 [WARN] PackLoader:240 - Cannot read IP mode file for STMicroelectronics.FP-SNS-MOTENV1.4.3.1
2024-06-01 16:43:40,808 [WARN] PackLoader:240 - Cannot read IP mode file for STMicroelectronics.FP-SNS-FLIGHT1.5.0.1
2024-06-01 16:43:40,823 [WARN] PackLoader:240 - Cannot read IP mode file for STMicroelectronics.X-CUBE-BLE1.6.2.4
2024-06-01 16:43:40,834 [WARN] PackLoader:240 - Cannot read IP mode file for STMicroelectronics.FP-SNS-FLIGHT1.5.0.2
2024-06-01 16:43:40,848 [WARN] PackLoader:240 - Cannot read IP mode file for STMicroelectronics.X-CUBE-DISPLAY.3.0.0
2024-06-01 16:43:40,862 [WARN] PackLoader:240 - Cannot read IP mode file for STMicroelectronics.X-CUBE-BLE1.7.0.0
2024-06-01 16:43:40,872 [WARN] PackLoader:240 - Cannot read IP mode file for STMicroelectronics.X-CUBE-TOUCHGFX.4.22.0
2024-06-01 16:43:40,882 [WARN] PackLoader:240 - Cannot read IP mode file for STMicroelectronics.X-CUBE-TOUCHGFX.4.22.1
2024-06-01 16:43:40,897 [WARN] PackLoader:240 - Cannot read IP mode file for STMicroelectronics.X-CUBE-BLEMGR.3.1.0
2024-06-01 16:43:40,909 [WARN] PackLoader:240 - Cannot read IP mode file for STMicroelectronics.FP-SNS-SMARTAG2.1.2.0
2024-06-01 16:43:40,927 [INFO] LogOutputStream:77 - [STDOUT_REDIRECT] 1 : Invalid condition id : UX_CORESTACK_Condition cause : null
2024-06-01 16:43:40,929 [INFO] LogOutputStream:77 - [STDOUT_REDIRECT] 1 : Invalid condition id : UX_CORESTACK_Condition cause : null
2024-06-01 16:43:40,929 [INFO] LogOutputStream:77 - [STDOUT_REDIRECT] 1 : Invalid condition id : UX_CORESTACK_Condition cause : null
2024-06-01 16:43:40,930 [INFO] LogOutputStream:77 - [STDOUT_REDIRECT] 1 : Invalid condition id : UX_CORESTACK_Condition cause : null
2024-06-01 16:43:40,931 [INFO] LogOutputStream:77 - [STDOUT_REDIRECT] 1 : Invalid condition id : UX_CORESTACK_Condition cause : null
2024-06-01 16:43:40,933 [WARN] PackLoader:240 - Cannot read IP mode file for STMicroelectronics.X-CUBE-AZRTOS-WL.2.0.0
2024-06-01 16:43:40,944 [WARN] PackLoader:240 - Cannot read IP mode file for STMicroelectronics.FP-SNS-MOTENV1.5.0.0
2024-06-01 16:43:40,958 [WARN] PackLoader:240 - Cannot read IP mode file for WES.I-CUBE-Cesium.1.3.0
2024-06-01 16:43:40,971 [WARN] PackLoader:240 - Cannot read IP mode file for STMicroelectronics.X-CUBE-BLE2.3.3.0
2024-06-01 16:43:40,987 [WARN] PackLoader:240 - Cannot read IP mode file for STMicroelectronics.X-CUBE-TOF1.3.2.0
2024-06-01 16:43:41,002 [WARN] PackLoader:240 - Cannot read IP mode file for STMicroelectronics.X-CUBE-TCPP.4.1.0
2024-06-01 16:43:41,014 [WARN] PackLoader:240 - Cannot read IP mode file for STMicroelectronics.X-CUBE-TOUCHGFX.4.21.1
2024-06-01 16:43:41,026 [WARN] PackLoader:240 - Cannot read IP mode file for STMicroelectronics.X-CUBE-TOUCHGFX.4.21.3
2024-06-01 16:43:41,037 [WARN] PackLoader:240 - Cannot read IP mode file for STMicroelectronics.X-CUBE-TOUCHGFX.4.21.4
2024-06-01 16:43:41,050 [WARN] PackLoader:240 - Cannot read IP mode file for STMicroelectronics.X-CUBE-ALGOBUILD.1.3.0
2024-06-01 16:43:41,075 [WARN] PackLoader:240 - Cannot read IP mode file for STMicroelectronics.X-CUBE-AZRTOS-G0.1.1.0
2024-06-01 16:43:41,090 [WARN] PackLoader:240 - Cannot read IP mode file for STMicroelectronics.X-CUBE-SAFEA1.1.2.2
2024-06-01 16:43:41,101 [WARN] PackLoader:240 - Cannot read IP mode file for STMicroelectronics.X-CUBE-NFC4.3.0.0
2024-06-01 16:43:41,116 [WARN] PackLoader:240 - Cannot read IP mode file for STMicroelectronics.X-CUBE-BLEMGR.3.0.0
2024-06-01 16:43:41,132 [WARN] PackLoader:240 - Cannot read IP mode file for STMicroelectronics.X-CUBE-BLEMGR.1.3.0
2024-06-01 16:43:41,145 [WARN] PackLoader:240 - Cannot read IP mode file for STMicroelectronics.FP-ATR-SIGFOX1.3.2.0
2024-06-01 16:43:41,159 [WARN] PackLoader:240 - Cannot read IP mode file for STMicroelectronics.X-CUBE-EEPRMA1.5.1.0
2024-06-01 16:43:41,204 [WARN] PackLoader:240 - Cannot read IP mode file for STMicroelectronics.X-CUBE-MEMS1.9.5.0
2024-06-01 16:43:41,319 [WARN] PackLoader:240 - Cannot read IP mode file for SEGGER.I-CUBE-embOS.1.3.1
2024-06-01 16:43:41,359 [WARN] PackLoader:240 - Cannot read IP mode file for STMicroelectronics.X-CUBE-ALGOBUILD.1.4.0
2024-06-01 16:43:41,377 [WARN] PackLoader:240 - Cannot read IP mode file for STMicroelectronics.X-CUBE-GNSS1.6.0.0
2024-06-01 16:43:41,418 [WARN] PackLoader:240 - Cannot read IP mode file for STMicroelectronics.X-CUBE-AZRTOS-F4.1.1.0
2024-06-01 16:43:41,442 [WARN] PackLoader:240 - Cannot read IP mode file for STMicroelectronics.X-CUBE-FREERTOS.1.2.0
2024-06-01 16:43:41,466 [WARN] PackLoader:240 - Cannot read IP mode file for STMicroelectronics.X-CUBE-AZRTOS-L5.2.0.0
2024-06-01 16:43:41,511 [WARN] PackLoader:240 - Cannot read IP mode file for STMicroelectronics.X-CUBE-MEMS1.9.6.0
2024-06-01 16:43:41,606 [WARN] PackLoader:240 - Cannot read IP mode file for STMicroelectronics.X-CUBE-EEPRMA1.4.2.0
2024-06-01 16:43:41,621 [WARN] PackLoader:240 - Cannot read IP mode file for STMicroelectronics.X-CUBE-NFC6.3.1.0
2024-06-01 16:43:41,636 [WARN] PackLoader:240 - Cannot read IP mode file for ITTIA_DB.I-CUBE-ITTIADB.8.8.0
2024-06-01 16:43:41,653 [WARN] PackLoader:240 - Cannot read IP mode file for emotas.I-CUBE-CANOPEN.1.1.3
2024-06-01 16:43:41,671 [WARN] PackLoader:240 - Cannot read IP mode file for STMicroelectronics.X-CUBE-BLEMGR.2.0.0
2024-06-01 16:43:41,687 [WARN] PackLoader:240 - Cannot read IP mode file for STMicroelectronics.X-CUBE-AI.9.0.0
2024-06-01 16:43:41,714 [WARN] ConditionMgr:438 - getConditionDescription Invalid condition id : UX DEVICE CLASS RTOS Condition cause : null
2024-06-01 16:43:41,714 [WARN] ConditionMgr:438 - getConditionDescription Invalid condition id : UX DEVICE CLASS RTOS Condition cause : null
2024-06-01 16:43:41,716 [WARN] PackLoader:240 - Cannot read IP mode file for STMicroelectronics.X-CUBE-AZRTOS-H7.3.1.0
2024-06-01 16:43:41,717 [WARN] ConditionMgr:1039 - genDependencies : Invalid condition id : UX DEVICE CLASS RTOS Condition cause : null
2024-06-01 16:43:41,717 [WARN] ConditionMgr:1039 - genDependencies : Invalid condition id : UX DEVICE CLASS RTOS Condition cause : null
2024-06-01 16:43:41,718 [WARN] ConditionMgr:1039 - genDependencies : Invalid condition id : UX DEVICE CLASS RTOS Condition cause : null
2024-06-01 16:43:41,718 [WARN] ConditionMgr:1039 - genDependencies : Invalid condition id : UX DEVICE CLASS RTOS Condition cause : null
2024-06-01 16:43:41,718 [WARN] ConditionMgr:1039 - genDependencies : Invalid condition id : UX DEVICE CLASS RTOS Condition cause : null
2024-06-01 16:43:41,734 [WARN] PackLoader:240 - Cannot read IP mode file for wolfSSL.I-CUBE-wolfSSL.5.5.4
2024-06-01 16:43:41,749 [WARN] PackLoader:240 - Cannot read IP mode file for STMicroelectronics.X-CUBE-NFC7.1.0.1
2024-06-01 16:43:41,762 [WARN] PackLoader:240 - Cannot read IP mode file for STMicroelectronics.X-CUBE-NFC7.1.0.0
2024-06-01 16:43:41,780 [WARN] PackLoader:240 - Cannot read IP mode file for STMicroelectronics.X-CUBE-NFC6.3.0.0
2024-06-01 16:43:41,798 [WARN] PackLoader:240 - Cannot read IP mode file for STMicroelectronics.X-CUBE-EEPRMA1.4.1.0
2024-06-01 16:43:41,811 [WARN] PackLoader:240 - Cannot read IP mode file for STMicroelectronics.X-CUBE-AI.8.1.0
2024-06-01 16:43:41,837 [WARN] ConditionMgr:438 - getConditionDescription Invalid condition id : LAN8742 Phy interface Condition cause : null
2024-06-01 16:43:41,837 [WARN] PackLoader:240 - Cannot read IP mode file for STMicroelectronics.X-CUBE-AZRTOS-L4.2.0.0
2024-06-01 16:43:41,839 [WARN] ConditionMgr:1039 - genDependencies : Invalid condition id : LAN8742 Phy interface Condition cause : null
2024-06-01 16:43:41,839 [WARN] ConditionMgr:1039 - genDependencies : Invalid condition id : LAN8742 Phy interface Condition cause : null
2024-06-01 16:43:41,839 [WARN] ConditionMgr:1039 - genDependencies : Invalid condition id : LAN8742 Phy interface Condition cause : null
2024-06-01 16:43:41,853 [WARN] PackLoader:240 - Cannot read IP mode file for STMicroelectronics.X-CUBE-SFXS2LP1.4.0.0
2024-06-01 16:43:41,884 [WARN] PackLoader:240 - Cannot read IP mode file for STMicroelectronics.X-CUBE-AZRTOS-H7.3.0.0
2024-06-01 16:43:41,901 [WARN] PackLoader:240 - Cannot read IP mode file for STMicroelectronics.X-CUBE-ISPU.1.1.0
2024-06-01 16:43:41,920 [WARN] PackLoader:240 - Cannot read IP mode file for RoweBots.I-CUBE-UNISONRTOS.5.5.0-4
2024-06-01 16:43:41,935 [WARN] PackLoader:240 - Cannot read IP mode file for STMicroelectronics.X-CUBE-AI.8.0.0
2024-06-01 16:43:41,960 [WARN] ConditionMgr:438 - getConditionDescription Invalid condition id : UX DEVICE CLASS RTOS Condition cause : null
2024-06-01 16:43:41,960 [WARN] ConditionMgr:438 - getConditionDescription Invalid condition id : UX DEVICE CLASS RTOS Condition cause : null
2024-06-01 16:43:41,962 [WARN] PackLoader:240 - Cannot read IP mode file for STMicroelectronics.X-CUBE-AZRTOS-WB.2.0.0
2024-06-01 16:43:41,962 [WARN] ConditionMgr:1039 - genDependencies : Invalid condition id : UX DEVICE CLASS RTOS Condition cause : null
2024-06-01 16:43:41,963 [WARN] ConditionMgr:1039 - genDependencies : Invalid condition id : UX DEVICE CLASS RTOS Condition cause : null
2024-06-01 16:43:41,963 [WARN] ConditionMgr:1039 - genDependencies : Invalid condition id : UX DEVICE CLASS RTOS Condition cause : null
2024-06-01 16:43:41,963 [WARN] ConditionMgr:1039 - genDependencies : Invalid condition id : UX DEVICE CLASS RTOS Condition cause : null
2024-06-01 16:43:41,963 [WARN] ConditionMgr:1039 - genDependencies : Invalid condition id : UX DEVICE CLASS RTOS Condition cause : null
2024-06-01 16:43:41,979 [WARN] PackLoader:240 - Cannot read IP mode file for STMicroelectronics.X-CUBE-FREERTOS.1.0.0
2024-06-01 16:43:41,991 [WARN] PackLoader:240 - Cannot read IP mode file for STMicroelectronics.X-CUBE-FREERTOS.1.0.1
2024-06-01 16:43:42,016 [WARN] PackLoader:240 - Cannot read IP mode file for STMicroelectronics.X-CUBE-AZRTOS-L5.1.1.0
2024-06-01 16:43:42,030 [WARN] PackLoader:240 - Cannot read IP mode file for STMicroelectronics.X-CUBE-AI.8.0.1
2024-06-01 16:43:42,048 [WARN] PackLoader:240 - Cannot read IP mode file for STMicroelectronics.X-CUBE-SUBG2.5.0.0
2024-06-01 16:43:42,064 [WARN] PackLoader:240 - Cannot read IP mode file for Cesanta.I-CUBE-Mongoose.7.13.0
2024-06-01 16:43:42,081 [WARN] PackLoader:240 - Cannot read IP mode file for STMicroelectronics.X-CUBE-TOF1.3.3.1
2024-06-01 16:43:42,112 [WARN] PackLoader:240 - Cannot read IP mode file for STMicroelectronics.X-CUBE-AZRTOS-G4.2.0.0
2024-06-01 16:43:42,132 [WARN] PackLoader:240 - Cannot read IP mode file for STMicroelectronics.X-CUBE-TOF1.3.3.0
2024-06-01 16:43:42,149 [WARN] PackLoader:240 - Cannot read IP mode file for STMicroelectronics.FP-ATR-ASTRA1.1.1.1
2024-06-01 16:43:42,170 [WARN] PackLoader:240 - Cannot read IP mode file for Infineon.AIROC-Wi-Fi-Bluetooth-STM32.1.5.1
2024-06-01 16:43:42,184 [WARN] PackLoader:240 - Cannot read IP mode file for STMicroelectronics.FP-SNS-MOTENVWB1.1.3.0
2024-06-01 16:43:42,197 [WARN] PackLoader:240 - Cannot read IP mode file for STMicroelectronics.FP-SNS-MOTENVWB1.1.3.1
2024-06-01 16:43:42,218 [WARN] PackLoader:240 - Cannot read IP mode file for STMicroelectronics.X-CUBE-AZRTOS-G4.1.0.0
2024-06-01 16:43:42,245 [WARN] PackLoader:240 - Cannot read IP mode file for STMicroelectronics.X-CUBE-AZRTOS-L4.1.0.0
2024-06-01 16:43:42,261 [WARN] PackLoader:240 - Cannot read IP mode file for STMicroelectronics.X-CUBE-ISPU.2.0.0
2024-06-01 16:43:42,274 [WARN] PackLoader:240 - Cannot read IP mode file for STMicroelectronics.X-CUBE-ALS.1.0.2
2024-06-01 16:43:42,318 [WARN] PackLoader:240 - Cannot read IP mode file for STMicroelectronics.X-CUBE-MEMS1.10.0.0
2024-06-01 16:43:42,421 [WARN] PackLoader:240 - Cannot read IP mode file for STMicroelectronics.X-CUBE-FREERTOS.1.1.0
2024-06-01 16:43:42,440 [WARN] PackLoader:240 - Cannot read IP mode file for STMicroelectronics.X-CUBE-AZRTOS-WL.1.0.0
2024-06-01 16:43:42,456 [WARN] PackLoader:240 - Cannot read IP mode file for portGmbH.I-Cube-SoM-uGOAL.1.1.0
2024-06-01 16:43:42,470 [WARN] PackLoader:240 - Cannot read IP mode file for STMicroelectronics.X-CUBE-ALS.1.0.1
2024-06-01 16:43:42,491 [WARN] PackLoader:240 - Cannot read IP mode file for STMicroelectronics.X-CUBE-AZRTOS-WB.1.1.0
2024-06-01 16:43:42,520 [WARN] PackLoader:240 - Cannot read IP mode file for STMicroelectronics.X-CUBE-AZRTOS-H7RS.1.0.0
2024-06-01 16:43:42,538 [WARN] PackLoader:240 - Cannot read IP mode file for STMicroelectronics.FP-ATR-ASTRA1.2.0.0
2024-06-01 16:43:42,561 [WARN] PackLoader:240 - Cannot read IP mode file for STMicroelectronics.X-CUBE-TOF1.3.4.0
2024-06-01 16:43:42,589 [WARN] PackLoader:240 - Cannot read IP mode file for STMicroelectronics.X-CUBE-TOF1.3.4.1
2024-06-01 16:43:42,616 [WARN] PackLoader:240 - Cannot read IP mode file for STMicroelectronics.X-CUBE-AZRTOS-H7.3.2.0
2024-06-01 16:43:42,619 [INFO] ThirdParty:978 - Integrity check success = true
2024-06-01 16:43:42,619 [INFO] IntegrityCheckThread:100 - exiting critical section [integrity check]
2024-06-01 16:43:42,619 [INFO] IntegrityCheckThread:103 - End integrity checks thread
2024-06-01 16:43:42,619 [INFO] ThirdParty:873 - entering critical section [close project]
2024-06-01 16:43:42,619 [INFO] ThirdParty:883 - exiting critical section [close project]
2024-06-01 16:43:42,622 [INFO] PinOutPanel:1561 - setPackage(No Configuration,No Configuration)
2024-06-01 16:43:42,627 [INFO] UtilMem:75 - Begin LoadConfig() Used Memory: 177820176 Bytes (268435456)
2024-06-01 16:43:42,638 [INFO] MicroXplorer:468 - Change Database Path : C:/Users/bakra/.stm32cubemx/databases/DB.6.0.100/db/
2024-06-01 16:43:42,638 [INFO] MicroXplorer:498 - Change Database Version : DB.6.0.100
2024-06-01 16:43:43,755 [INFO] WebApp:161 - Instantiating new browser for Auth
2024-06-01 16:43:44,482 [INFO] WebApp:779 - Register for checkConnection events
2024-06-01 16:43:44,484 [INFO] WebApp:414 - Apply proxy settings
2024-06-01 16:43:44,484 [INFO] WebApp:499 - Chromium requires no authentication
2024-06-01 16:43:44,497 [INFO] WebApp:442 - Direct internet connection detected
2024-06-01 16:43:44,579 [INFO] MicroXplorer:468 - Change Database Path : 
2024-06-01 16:43:44,581 [INFO] MicroXplorer:498 - Change Database Version : DB.6.0.111
2024-06-01 16:43:44,581 [INFO] OpenFileManager:312 - Change cursor
2024-06-01 16:43:44,607 [INFO] Mcu:2021 - Initializing MCU STM32F103C(8-B)Tx STM32F103C8Tx STM32F103C8T6
2024-06-01 16:43:44,815 [INFO] WebApp:192 - Starting web application
2024-06-01 16:43:44,815 [INFO] WebApp:544 - Web application path used C:\ST\STM32CubeIDE_1.11.2\STM32CubeIDE\plugins\com.st.stm32cube.common.mx_6.11.1.202404110753\db\plugins\mcufinder\reactClient1\index.html
2024-06-01 16:43:45,374 [INFO] Context:663 - Trying to add GPIOservice into a context  which must be forbidden
2024-06-01 16:43:45,715 [INFO] RtosManager:555 - Registered RTOS mode: class=CMSIS, group=RTOS, mode=CMSIS_V1, owner=FREERTOS
2024-06-01 16:43:45,716 [INFO] RtosManager:555 - Registered RTOS mode: class=CMSIS, group=RTOS2, mode=CMSIS_V2, owner=FREERTOS
2024-06-01 16:43:45,716 [INFO] RtosManager:555 - Registered RTOS mode: class=RTOS, group=Core, mode=CMSIS_V1, owner=FREERTOS
2024-06-01 16:43:45,716 [INFO] RtosManager:555 - Registered RTOS mode: class=RTOS, group=Core, mode=CMSIS_V2, owner=FREERTOS
2024-06-01 16:43:45,716 [WARN] ModelIntegratedComponent:184 - Missing modes for component STMicroelectronics:FreeRTOS:0.0.1:STMicroelectronics:RTOS:FreeRTOS:Core:::10.2.0:
2024-06-01 16:43:45,721 [WARN] ModelIntegratedComponent:63 - No mode defined for component null
2024-06-01 16:43:45,721 [WARN] ModelIntegratedComponent:63 - No mode defined for component null
2024-06-01 16:43:45,721 [WARN] ModelIntegratedComponent:63 - No mode defined for component null
2024-06-01 16:43:45,721 [WARN] ModelIntegratedComponent:63 - No mode defined for component null
2024-06-01 16:43:45,721 [WARN] ModelIntegratedComponent:63 - No mode defined for component null
2024-06-01 16:43:45,721 [WARN] ModelIntegratedComponent:63 - No mode defined for component null
2024-06-01 16:43:45,721 [WARN] ModelIntegratedComponent:63 - No mode defined for component null
2024-06-01 16:43:45,722 [WARN] ModelIntegratedComponent:63 - No mode defined for component null
2024-06-01 16:43:45,722 [WARN] ModelIntegratedComponent:63 - No mode defined for component null
2024-06-01 16:43:45,722 [WARN] ModelIntegratedComponent:63 - No mode defined for component null
2024-06-01 16:43:45,722 [WARN] ModelIntegratedComponent:63 - No mode defined for component null
2024-06-01 16:43:45,722 [WARN] ModelIntegratedComponent:63 - No mode defined for component null
2024-06-01 16:43:45,722 [WARN] ModelIntegratedComponent:63 - No mode defined for component null
2024-06-01 16:43:45,722 [WARN] ModelIntegratedComponent:63 - No mode defined for component null
2024-06-01 16:43:45,722 [WARN] ModelIntegratedComponent:63 - No mode defined for component null
2024-06-01 16:43:45,722 [WARN] ModelIntegratedComponent:63 - No mode defined for component null
2024-06-01 16:43:45,722 [WARN] ModelIntegratedComponent:63 - No mode defined for component null
2024-06-01 16:43:45,722 [WARN] ModelIntegratedComponent:63 - No mode defined for component null
2024-06-01 16:43:45,722 [WARN] ModelIntegratedComponent:63 - No mode defined for component null
2024-06-01 16:43:45,722 [WARN] ModelIntegratedComponent:63 - No mode defined for component null
2024-06-01 16:43:45,722 [WARN] ModelIntegratedComponent:63 - No mode defined for component null
2024-06-01 16:43:45,722 [WARN] ModelIntegratedComponent:63 - No mode defined for component null
2024-06-01 16:43:45,722 [WARN] ModelIntegratedComponent:63 - No mode defined for component null
2024-06-01 16:43:45,722 [WARN] ModelIntegratedComponent:63 - No mode defined for component null
2024-06-01 16:43:45,722 [WARN] ModelIntegratedComponent:63 - No mode defined for component null
2024-06-01 16:43:45,722 [WARN] ModelIntegratedComponent:63 - No mode defined for component null
2024-06-01 16:43:45,722 [WARN] ModelIntegratedComponent:63 - No mode defined for component null
2024-06-01 16:43:45,723 [WARN] ModelIntegratedComponent:63 - No mode defined for component null
2024-06-01 16:43:45,723 [WARN] ModelIntegratedComponent:63 - No mode defined for component null
2024-06-01 16:43:45,723 [WARN] ModelIntegratedComponent:63 - No mode defined for component null
2024-06-01 16:43:45,723 [WARN] ModelIntegratedComponent:63 - No mode defined for component null
2024-06-01 16:43:45,723 [WARN] ModelIntegratedComponent:63 - No mode defined for component null
2024-06-01 16:43:45,723 [WARN] ModelIntegratedComponent:63 - No mode defined for component null
2024-06-01 16:43:45,723 [WARN] ModelIntegratedComponent:63 - No mode defined for component null
2024-06-01 16:43:45,854 [INFO] ThirdPartyModel:298 - Start build external matchings
2024-06-01 16:43:47,002 [INFO] ThirdPartyModel:316 - End build external matchings
2024-06-01 16:43:47,224 [INFO] ApiDb:581 - Connected to CubeFinder SQLite database (C:\Users\bakra\.stmcufinder\plugins\mcufinder\mcu\cube-finder-db.db)
2024-06-01 16:43:47,291 [INFO] ApiDb:668 - CubeFinder database Data Model version=2.1
2024-06-01 16:43:47,291 [INFO] ApiDb:669 - CubeFinder database Configuration version=3.0.39
2024-06-01 16:43:47,291 [INFO] ApiDb:670 - CubeFinder database generation date=2024-05-16 (1715872938)
2024-06-01 16:43:47,291 [INFO] ApiDb:671 - CubeFinder database FW Pack versions=[FP-ATR-ASTRA1_V2.0.0, FP-SNS-FLIGHT1_V5.0.1, FP-SNS-FLIGHT1_V5.0.2, FP-SNS-MOTENV1_V4.3.1, FP-SNS-MOTENV1_V4.3.2, FP-SNS-MOTENV1_V5.0.0, FP-SNS-MOTENVWB1_V1.4.0, FP-SNS-SMARTAG2_V1.2.0, STM32Cube_FW_C0_V1.1.0, STM32Cube_FW_F4_V1.28.0, STM32Cube_FW_F7_V1.17.0, STM32Cube_FW_G0_V1.6.2, STM32Cube_FW_G4_V1.5.2, STM32Cube_FW_H5_V0.5.1, STM32Cube_FW_H5_V1.1.1, STM32Cube_FW_H5_V1.2.0, STM32Cube_FW_H5_V1.2.0RC4, STM32Cube_FW_H7RS_V1.0.0, STM32Cube_FW_H7RS_V1.0.0RC4, STM32Cube_FW_H7_V1.11.0, STM32Cube_FW_L0_V1.12.2, STM32Cube_FW_L5_V1.5.1, STM32Cube_FW_U0_V1.0.0, STM32Cube_FW_U0_V1.0.0RC1, STM32Cube_FW_U5_V1.3.0RC4, STM32Cube_FW_U5_V1.5.0, STM32Cube_FW_U5_V1.5.0RC1, STM32Cube_FW_WBA_V1.0.0RC1, STM32Cube_FW_WBA_V1.2.0, STM32Cube_FW_WBA_V1.2.0RC2, STM32Cube_FW_WBA_V1.3.0, STM32Cube_FW_WBA_V1.3.0RC1, STM32Cube_FW_WB_V1.15.0RC1, STM32Cube_FW_WB_V1.16.0, STM32Cube_FW_WB_V1.16.0RC2, STM32Cube_FW_WB_V1.18.0, STM32Cube_FW_WB_V1.19.0, STM32Cube_FW_WL_V1.3.0, X-CUBE-ALGOBUILD_V1.4.0, X-CUBE-ALS_V1.0.1, X-CUBE-AZRTOS-F4_V1.1.0, X-CUBE-AZRTOS-F7_V1.1.0, X-CUBE-AZRTOS-G0_V1.1.0, X-CUBE-AZRTOS-G4_V2.0.0, X-CUBE-AZRTOS-H7_V3.2.0, X-CUBE-AZRTOS-L4_V1.0.0, X-CUBE-AZRTOS-L4_V2.0.0, X-CUBE-AZRTOS-L5_V1.1.0, X-CUBE-AZRTOS-WB_V2.0.0, X-CUBE-AZRTOS-WL_V2.0.0, X-CUBE-BLE1_V7.0.0, X-CUBE-BLE2_V3.3.0, X-CUBE-BLEMGR_V3.1.0, X-CUBE-EEPRMA1_V4.1.0, X-CUBE-EEPRMA1_V5.1.0, X-CUBE-FREERTOS_V1.1.0, X-CUBE-GNSS1_V6.0.0, X-CUBE-MEMS1_V10.0.0, X-CUBE-MEMS1_V9.1.0, X-CUBE-MEMS1_V9.4.0, X-CUBE-MEMS1_V9.6.0, X-CUBE-NFC4_V3.0.0, X-CUBE-NFC7_V1.0.1, X-CUBE-SFXS2LP1_V4.0.0, X-CUBE-SUBG2_V5.0.0, X-CUBE-TOF1_V3.4.0]
2024-06-01 16:43:47,417 [INFO] DbBoardsSqlite:226 - include board P-NUCLEO-WB55-NUCLEO as a kit item of type 'Nucleo-64'
2024-06-01 16:43:47,417 [INFO] DbBoardsSqlite:226 - include board P-NUCLEO-WB55-USBDONGLE as a kit item of type 'Nucleo USB Dongle'
2024-06-01 16:43:47,418 [INFO] DbBoardsSqlite:226 - include board STEVAL-IDP005V1 as a kit item of type 'Evaluation Board'
2024-06-01 16:43:47,419 [INFO] DbBoardsSqlite:226 - include board STEVAL-IDP005V2 as a kit item of type 'Evaluation Board'
2024-06-01 16:43:47,847 [INFO] ApiDb:240 - Found 483 in-development CPN: [B-G473E-ZEST1S, B-WB1M-WPAN1, B-WL5M-SUBG1, NUCLEO-C031C6, NUCLEO-H503RB, NUCLEO-H533RE, NUCLEO-H563ZI, NUCLEO-H7S3L8, NUCLEO-U031R8, NUCLEO-U083RC, NUCLEO-U545RE-Q, NUCLEO-U5A5ZJ-Q, NUCLEO-WBA52CG, NUCLEO-WBA55CG, STEVAL-PROTEUS1, STEVAL-SMARTAG2, STEVAL-STWINBX1, STM320518-EVAL, STM32C0116-DK, STM32C011D6Y3TR, STM32C011D6Y6TR, STM32C011F4P3, STM32C011F4P6, STM32C011F4U3, STM32C011F4U6TR, STM32C011F6P3, STM32C011F6P6, STM32C011F6U3, STM32C011F6U6TR, STM32C011J4M3, STM32C011J4M6, STM32C011J6M3, STM32C011J6M6, STM32C0316-DK, STM32C031C4T3, STM32C031C4T6, STM32C031C4U3, STM32C031C4U6, STM32C031C6T3, STM32C031C6T6, STM32C031C6U3, STM32C031C6U6, STM32C031F4P3, STM32C031F4P6, STM32C031F6P3, STM32C031F6P6, STM32C031G4U3, STM32C031G4U6, STM32C031G6U3, STM32C031G6U6, STM32C031K4T3, STM32C031K4T6, STM32C031K4U3, STM32C031K4U6, STM32C031K6T3, STM32C031K6T6, STM32C031K6U3, STM32C031K6U6, STM32G071K8TXN, STM32G071K8UXN, STM32G081GBU6N, STM32G081KBT6N, STM32G081KBUXN, STM32G0B1CCT6N, STM32G0B1KCT6, STM32G0B1NEY6TR, STM32G0B1RCT6N, STM32G0C1CCT6, STM32G0C1CCT6N, STM32G0C1CCU6N, STM32G0C1CET6N, STM32G0C1CEU6N, STM32G0C1KCT6, STM32G0C1NEY6TR, STM32G0C1RCI6N, STM32G0C1RCT6N, STM32G0C1REI6N, STM32G0C1RET6N, STM32G0C1VCI6, STM32G0C1VEI6, STM32G471CCT6, STM32G471CCU6, STM32G471CET3, STM32G471CET6, STM32G471CEU3, STM32G471CEU6, STM32G471MCT6, STM32G471MET3, STM32G471MET6, STM32G471MEY6TR, STM32G471QCT6, STM32G471QET3, STM32G471RCT6, STM32G471RET3, STM32G471RET6, STM32G471VCH6, STM32G471VCI6, STM32G471VCT6, STM32G471VEH3, STM32G471VEH6, STM32G471VEI3, STM32G471VEI6, STM32G471VET3, STM32G471VET6, STM32G474CCT6, STM32H503CBT6, STM32H503CBU6, STM32H503EBY6TR, STM32H503KBU6, STM32H503RBT6, STM32H523CCT6, STM32H523CCU6, STM32H523CET6, STM32H523CEU6, STM32H523HEY6TR, STM32H523RCT6, STM32H523RET6, STM32H523VCI6, STM32H523VCT6, STM32H523VEI6, STM32H523VET6, STM32H523ZCJ6, STM32H523ZCT6, STM32H523ZEJ6, STM32H523ZET6, STM32H533CET6, STM32H533CEU6, STM32H533HEY6TR, STM32H533RET6, STM32H533VEI6, STM32H533VET6, STM32H533ZEJ6, STM32H533ZET6, STM32H562AGI6, STM32H562AII6, STM32H562IGK6, STM32H562IGT6, STM32H562IIK6, STM32H562IIT6, STM32H562RGT6, STM32H562RGV6, STM32H562RIT6, STM32H562RIV6, STM32H562VGT6, STM32H562VIT6, STM32H562ZGT6, STM32H562ZIT6, STM32H563AGI6, STM32H563AII3Q, STM32H563AII6, STM32H563IGK6, STM32H563IGT6, STM32H563IIK3Q, STM32H563IIK6, STM32H563IIT3Q, STM32H563IIT6, STM32H563MIY3QTR, STM32H563RGT6, STM32H563RGV6, STM32H563RIT6, STM32H563RIV6, STM32H563VGT6, STM32H563VIT3Q, STM32H563VIT6, STM32H563ZGT6, STM32H563ZIT3Q, STM32H563ZIT6, STM32H573AII3Q, STM32H573AII6, STM32H573I-DK, STM32H573IIK3Q, STM32H573IIK6, STM32H573IIT3Q, STM32H573IIT6, STM32H573MIY3QTR, STM32H573RIT6, STM32H573RIV6, STM32H573VIT3Q, STM32H573VIT6, STM32H573ZIT3Q, STM32H573ZIT6, STM32H7R3A8I6, STM32H7R3I8K6, STM32H7R3I8T6, STM32H7R3L8H6, STM32H7R3L8H6H, STM32H7R3R8V6, STM32H7R3V8H6, STM32H7R3V8T6, STM32H7R3V8Y6, STM32H7R3Z8J6, STM32H7R3Z8T6, STM32H7R7A8I6, STM32H7R7I8K6, STM32H7R7I8T6, STM32H7R7L8H6, STM32H7R7L8H6H, STM32H7R7Z8J6, STM32H7S3A8I6, STM32H7S3I8K6, STM32H7S3I8T6, STM32H7S3L8H6, STM32H7S3L8H6H, STM32H7S3R8V6, STM32H7S3V8H6, STM32H7S3V8T6, STM32H7S3V8Y6, STM32H7S3Z8J6, STM32H7S3Z8T6, STM32H7S78-DK, STM32H7S7A8I6, STM32H7S7I8K6, STM32H7S7I8T6, STM32H7S7L8H6, STM32H7S7L8H6H, STM32H7S7Z8J6, STM32L4R5QGI6STR, STM32MP131AAE3, STM32MP131AAF3, STM32MP131AAG3, STM32MP131CAE3, STM32MP131CAF3, STM32MP131CAG3, STM32MP131DAE7, STM32MP131DAF7, STM32MP131DAG7, STM32MP131FAE7, STM32MP131FAF7, STM32MP131FAG7, STM32MP133AAE3, STM32MP133AAF3, STM32MP133AAG3, STM32MP133CAE3, STM32MP133CAF3, STM32MP133CAG3, STM32MP133DAE7, STM32MP133DAF7, STM32MP133DAG7, STM32MP133FAE7, STM32MP133FAF7, STM32MP133FAG7, STM32MP135AAE3, STM32MP135AAF3, STM32MP135AAG3, STM32MP135CAE3, STM32MP135CAF3, STM32MP135CAG3, STM32MP135DAE7, STM32MP135DAF7, STM32MP135DAG7, STM32MP135F-DK, STM32MP135FAE7, STM32MP135FAF7, STM32MP135FAF7T, STM32MP135FAF7U, STM32MP135FAG7, STM32U031C6T6, STM32U031C6U6, STM32U031C8T6, STM32U031C8U6, STM32U031F4P6, STM32U031F6P6, STM32U031F8P6, STM32U031G6Y6TR, STM32U031G8Y6TR, STM32U031K4U6, STM32U031K6U6, STM32U031K8U6, STM32U031R6I6, STM32U031R6T6, STM32U031R8I6, STM32U031R8T6, STM32U073C8T6, STM32U073C8U6, STM32U073CBT6, STM32U073CBU6, STM32U073CCT6, STM32U073CCU6, STM32U073H8Y6TR, STM32U073HBY6TR, STM32U073HCY6TR, STM32U073K8U6, STM32U073KBU6, STM32U073KCU6, STM32U073M8I6, STM32U073M8T6, STM32U073MBI6, STM32U073MBT6, STM32U073MCI6, STM32U073MCT6, STM32U073R8I6, STM32U073R8T6, STM32U073RBI6, STM32U073RBT6, STM32U073RCI6, STM32U073RCT6, STM32U083C-DK, STM32U083CCT6, STM32U083CCU6, STM32U083HCY6TR, STM32U083KCU6, STM32U083MCI6, STM32U083MCT6, STM32U083RCI6, STM32U083RCT6, STM32U535CBT6, STM32U535CBT6Q, STM32U535CBU6, STM32U535CBU6Q, STM32U535CCT6, STM32U535CCT6Q, STM32U535CCU6, STM32U535CCU6Q, STM32U535CET6, STM32U535CET6Q, STM32U535CEU6, STM32U535CEU6Q, STM32U535JEY6QTR, STM32U535NCY6QTR, STM32U535NEY6QTR, STM32U535RBI6, STM32U535RBI6Q, STM32U535RBT6, STM32U535RBT6Q, STM32U535RCI6, STM32U535RCI6Q, STM32U535RCT6, STM32U535RCT6Q, STM32U535REI6, STM32U535REI6Q, STM32U535RET6, STM32U535RET6Q, STM32U535VCI6, STM32U535VCI6Q, STM32U535VCT6, STM32U535VCT6Q, STM32U535VEI6, STM32U535VEI6Q, STM32U535VET6, STM32U535VET6Q, STM32U545CET6, STM32U545CET6Q, STM32U545CEU6, STM32U545CEU6Q, STM32U545JEY6QTR, STM32U545NEY6QTR, STM32U545REI6, STM32U545REI6Q, STM32U545RET6, STM32U545RET6Q, STM32U545VEI6, STM32U545VEI6Q, STM32U545VET6, STM32U545VET6Q, STM32U595AIH6, STM32U595AIH6Q, STM32U595AJH6, STM32U595AJH6Q, STM32U595QII6, STM32U595QII6Q, STM32U595QJI6, STM32U595QJI6Q, STM32U595RIT6, STM32U595RIT6Q, STM32U595RJT6, STM32U595RJT6Q, STM32U595VIT6, STM32U595VIT6Q, STM32U595VJT6, STM32U595VJT6Q, STM32U595ZIT6, STM32U595ZIT6Q, STM32U595ZIY6QTR, STM32U595ZJT6, STM32U595ZJT6Q, STM32U595ZJY6QTR, STM32U599BJY6QTR, STM32U599NIH6Q, STM32U599NJH6Q, STM32U599VIT6Q, STM32U599VJT6, STM32U599VJT6Q, STM32U599ZIT6Q, STM32U599ZIY6QTR, STM32U599ZJT6Q, STM32U599ZJY6QTR, STM32U5A5AJH6, STM32U5A5AJH6Q, STM32U5A5QII3Q , STM32U5A5QJI6, STM32U5A5QJI6Q, STM32U5A5RJT6, STM32U5A5RJT6Q, STM32U5A5VJT6, STM32U5A5VJT6Q, STM32U5A5ZJT6, STM32U5A5ZJT6Q, STM32U5A5ZJY6QTR, STM32U5A9BJY6QTR, STM32U5A9J-DK, STM32U5A9NJH6Q, STM32U5A9VJT6Q, STM32U5A9ZJT6Q, STM32U5A9ZJY6QTR, STM32U5F7VIT6, STM32U5F7VIT6Q, STM32U5F7VJT6, STM32U5F7VJT6Q, STM32U5F9BJY6QTR, STM32U5F9NJH6Q, STM32U5F9VIT6Q, STM32U5F9VJT6Q, STM32U5F9ZIJ6QTR, STM32U5F9ZIT6Q, STM32U5F9ZJJ6QTR, STM32U5F9ZJT6Q, STM32U5G7VJT6, STM32U5G7VJT6Q, STM32U5G9BJY6QTR, STM32U5G9J-DK1, STM32U5G9J-DK2, STM32U5G9NJH6Q, STM32U5G9VJT6Q, STM32U5G9ZJJ6QTR, STM32U5G9ZJT6Q, STM32WB1MMCH6, STM32WBA50KEU6, STM32WBA50KEU6TR, STM32WBA50KGU6, STM32WBA50KGU6TR, STM32WBA52CEU6, STM32WBA52CEU6TR, STM32WBA52CEU7, STM32WBA52CEU7TR, STM32WBA52CGU6, STM32WBA52CGU6TR, STM32WBA52CGU6U, STM32WBA52CGU7, STM32WBA52CGU7TR, STM32WBA52KEU6, STM32WBA52KEU6TR, STM32WBA52KGU6, STM32WBA52KGU6TR, STM32WBA54CEU6, STM32WBA54CEU6TR, STM32WBA54CEU7, STM32WBA54CEU7TR, STM32WBA54CGU6, STM32WBA54CGU6TR, STM32WBA54CGU7, STM32WBA54CGU7TR, STM32WBA54KEU6, STM32WBA54KEU6TR, STM32WBA54KEU7, STM32WBA54KEU7TR, STM32WBA54KGU6, STM32WBA54KGU6TR, STM32WBA54KGU7, STM32WBA54KGU7TR, STM32WBA55CEU6, STM32WBA55CEU6TR, STM32WBA55CEU7, STM32WBA55CEU7TR, STM32WBA55CGU6, STM32WBA55CGU6TR, STM32WBA55CGU6U, STM32WBA55CGU7, STM32WBA55CGU7TR, STM32WBA55G-DK1, STM32WBA55HEF6, STM32WBA55HEF7, STM32WBA55HGF6, STM32WBA55HGF7, STM32WBA55UEI6, STM32WBA55UEI6TR, STM32WBA55UEI7, STM32WBA55UEI7TR, STM32WBA55UGI6, STM32WBA55UGI6TR, STM32WBA55UGI7, STM32WBA55UGI7TR, STM32WL5MOCH6, STM32WL5MOCH6TR]
2024-06-01 16:43:47,946 [INFO] BoardInfo:889 - No configuration file found for board P-NUCLEO-WB55
2024-06-01 16:43:47,947 [INFO] DbBoards:161 - Kit is not supported: P-NUCLEO-WB55
2024-06-01 16:43:47,950 [INFO] BoardInfo:889 - No configuration file found for board STEVAL-BFA001V1B
2024-06-01 16:43:47,950 [INFO] DbBoards:161 - Kit is not supported: STEVAL-BFA001V1B
2024-06-01 16:43:47,951 [INFO] BoardInfo:889 - No configuration file found for board STEVAL-BFA001V2B
2024-06-01 16:43:47,951 [INFO] DbBoards:161 - Kit is not supported: STEVAL-BFA001V2B
2024-06-01 16:43:48,051 [INFO] DbBoards:168 - Found 199 boards, 196 are supported
2024-06-01 16:43:48,051 [INFO] DbBoards:169 - Found 199 boards, 8 of them is supported for  Bsp
2024-06-01 16:43:48,054 [INFO] ApiDb:668 - CubeFinder database Data Model version=2.1
2024-06-01 16:43:48,054 [INFO] ApiDb:669 - CubeFinder database Configuration version=3.0.39
2024-06-01 16:43:48,054 [INFO] ApiDb:670 - CubeFinder database generation date=2024-05-16 (1715872938)
2024-06-01 16:43:48,054 [INFO] ApiDb:671 - CubeFinder database FW Pack versions=[FP-ATR-ASTRA1_V2.0.0, FP-SNS-FLIGHT1_V5.0.1, FP-SNS-FLIGHT1_V5.0.2, FP-SNS-MOTENV1_V4.3.1, FP-SNS-MOTENV1_V4.3.2, FP-SNS-MOTENV1_V5.0.0, FP-SNS-MOTENVWB1_V1.4.0, FP-SNS-SMARTAG2_V1.2.0, STM32Cube_FW_C0_V1.1.0, STM32Cube_FW_F4_V1.28.0, STM32Cube_FW_F7_V1.17.0, STM32Cube_FW_G0_V1.6.2, STM32Cube_FW_G4_V1.5.2, STM32Cube_FW_H5_V0.5.1, STM32Cube_FW_H5_V1.1.1, STM32Cube_FW_H5_V1.2.0, STM32Cube_FW_H5_V1.2.0RC4, STM32Cube_FW_H7RS_V1.0.0, STM32Cube_FW_H7RS_V1.0.0RC4, STM32Cube_FW_H7_V1.11.0, STM32Cube_FW_L0_V1.12.2, STM32Cube_FW_L5_V1.5.1, STM32Cube_FW_U0_V1.0.0, STM32Cube_FW_U0_V1.0.0RC1, STM32Cube_FW_U5_V1.3.0RC4, STM32Cube_FW_U5_V1.5.0, STM32Cube_FW_U5_V1.5.0RC1, STM32Cube_FW_WBA_V1.0.0RC1, STM32Cube_FW_WBA_V1.2.0, STM32Cube_FW_WBA_V1.2.0RC2, STM32Cube_FW_WBA_V1.3.0, STM32Cube_FW_WBA_V1.3.0RC1, STM32Cube_FW_WB_V1.15.0RC1, STM32Cube_FW_WB_V1.16.0, STM32Cube_FW_WB_V1.16.0RC2, STM32Cube_FW_WB_V1.18.0, STM32Cube_FW_WB_V1.19.0, STM32Cube_FW_WL_V1.3.0, X-CUBE-ALGOBUILD_V1.4.0, X-CUBE-ALS_V1.0.1, X-CUBE-AZRTOS-F4_V1.1.0, X-CUBE-AZRTOS-F7_V1.1.0, X-CUBE-AZRTOS-G0_V1.1.0, X-CUBE-AZRTOS-G4_V2.0.0, X-CUBE-AZRTOS-H7_V3.2.0, X-CUBE-AZRTOS-L4_V1.0.0, X-CUBE-AZRTOS-L4_V2.0.0, X-CUBE-AZRTOS-L5_V1.1.0, X-CUBE-AZRTOS-WB_V2.0.0, X-CUBE-AZRTOS-WL_V2.0.0, X-CUBE-BLE1_V7.0.0, X-CUBE-BLE2_V3.3.0, X-CUBE-BLEMGR_V3.1.0, X-CUBE-EEPRMA1_V4.1.0, X-CUBE-EEPRMA1_V5.1.0, X-CUBE-FREERTOS_V1.1.0, X-CUBE-GNSS1_V6.0.0, X-CUBE-MEMS1_V10.0.0, X-CUBE-MEMS1_V9.1.0, X-CUBE-MEMS1_V9.4.0, X-CUBE-MEMS1_V9.6.0, X-CUBE-NFC4_V3.0.0, X-CUBE-NFC7_V1.0.1, X-CUBE-SFXS2LP1_V4.0.0, X-CUBE-SUBG2_V5.0.0, X-CUBE-TOF1_V3.4.0]
2024-06-01 16:43:49,734 [INFO] ApiDb:240 - Found 483 in-development CPN: [B-G473E-ZEST1S, B-WB1M-WPAN1, B-WL5M-SUBG1, NUCLEO-C031C6, NUCLEO-H503RB, NUCLEO-H533RE, NUCLEO-H563ZI, NUCLEO-H7S3L8, NUCLEO-U031R8, NUCLEO-U083RC, NUCLEO-U545RE-Q, NUCLEO-U5A5ZJ-Q, NUCLEO-WBA52CG, NUCLEO-WBA55CG, STEVAL-PROTEUS1, STEVAL-SMARTAG2, STEVAL-STWINBX1, STM320518-EVAL, STM32C0116-DK, STM32C011D6Y3TR, STM32C011D6Y6TR, STM32C011F4P3, STM32C011F4P6, STM32C011F4U3, STM32C011F4U6TR, STM32C011F6P3, STM32C011F6P6, STM32C011F6U3, STM32C011F6U6TR, STM32C011J4M3, STM32C011J4M6, STM32C011J6M3, STM32C011J6M6, STM32C0316-DK, STM32C031C4T3, STM32C031C4T6, STM32C031C4U3, STM32C031C4U6, STM32C031C6T3, STM32C031C6T6, STM32C031C6U3, STM32C031C6U6, STM32C031F4P3, STM32C031F4P6, STM32C031F6P3, STM32C031F6P6, STM32C031G4U3, STM32C031G4U6, STM32C031G6U3, STM32C031G6U6, STM32C031K4T3, STM32C031K4T6, STM32C031K4U3, STM32C031K4U6, STM32C031K6T3, STM32C031K6T6, STM32C031K6U3, STM32C031K6U6, STM32G071K8TXN, STM32G071K8UXN, STM32G081GBU6N, STM32G081KBT6N, STM32G081KBUXN, STM32G0B1CCT6N, STM32G0B1KCT6, STM32G0B1NEY6TR, STM32G0B1RCT6N, STM32G0C1CCT6, STM32G0C1CCT6N, STM32G0C1CCU6N, STM32G0C1CET6N, STM32G0C1CEU6N, STM32G0C1KCT6, STM32G0C1NEY6TR, STM32G0C1RCI6N, STM32G0C1RCT6N, STM32G0C1REI6N, STM32G0C1RET6N, STM32G0C1VCI6, STM32G0C1VEI6, STM32G471CCT6, STM32G471CCU6, STM32G471CET3, STM32G471CET6, STM32G471CEU3, STM32G471CEU6, STM32G471MCT6, STM32G471MET3, STM32G471MET6, STM32G471MEY6TR, STM32G471QCT6, STM32G471QET3, STM32G471RCT6, STM32G471RET3, STM32G471RET6, STM32G471VCH6, STM32G471VCI6, STM32G471VCT6, STM32G471VEH3, STM32G471VEH6, STM32G471VEI3, STM32G471VEI6, STM32G471VET3, STM32G471VET6, STM32G474CCT6, STM32H503CBT6, STM32H503CBU6, STM32H503EBY6TR, STM32H503KBU6, STM32H503RBT6, STM32H523CCT6, STM32H523CCU6, STM32H523CET6, STM32H523CEU6, STM32H523HEY6TR, STM32H523RCT6, STM32H523RET6, STM32H523VCI6, STM32H523VCT6, STM32H523VEI6, STM32H523VET6, STM32H523ZCJ6, STM32H523ZCT6, STM32H523ZEJ6, STM32H523ZET6, STM32H533CET6, STM32H533CEU6, STM32H533HEY6TR, STM32H533RET6, STM32H533VEI6, STM32H533VET6, STM32H533ZEJ6, STM32H533ZET6, STM32H562AGI6, STM32H562AII6, STM32H562IGK6, STM32H562IGT6, STM32H562IIK6, STM32H562IIT6, STM32H562RGT6, STM32H562RGV6, STM32H562RIT6, STM32H562RIV6, STM32H562VGT6, STM32H562VIT6, STM32H562ZGT6, STM32H562ZIT6, STM32H563AGI6, STM32H563AII3Q, STM32H563AII6, STM32H563IGK6, STM32H563IGT6, STM32H563IIK3Q, STM32H563IIK6, STM32H563IIT3Q, STM32H563IIT6, STM32H563MIY3QTR, STM32H563RGT6, STM32H563RGV6, STM32H563RIT6, STM32H563RIV6, STM32H563VGT6, STM32H563VIT3Q, STM32H563VIT6, STM32H563ZGT6, STM32H563ZIT3Q, STM32H563ZIT6, STM32H573AII3Q, STM32H573AII6, STM32H573I-DK, STM32H573IIK3Q, STM32H573IIK6, STM32H573IIT3Q, STM32H573IIT6, STM32H573MIY3QTR, STM32H573RIT6, STM32H573RIV6, STM32H573VIT3Q, STM32H573VIT6, STM32H573ZIT3Q, STM32H573ZIT6, STM32H7R3A8I6, STM32H7R3I8K6, STM32H7R3I8T6, STM32H7R3L8H6, STM32H7R3L8H6H, STM32H7R3R8V6, STM32H7R3V8H6, STM32H7R3V8T6, STM32H7R3V8Y6, STM32H7R3Z8J6, STM32H7R3Z8T6, STM32H7R7A8I6, STM32H7R7I8K6, STM32H7R7I8T6, STM32H7R7L8H6, STM32H7R7L8H6H, STM32H7R7Z8J6, STM32H7S3A8I6, STM32H7S3I8K6, STM32H7S3I8T6, STM32H7S3L8H6, STM32H7S3L8H6H, STM32H7S3R8V6, STM32H7S3V8H6, STM32H7S3V8T6, STM32H7S3V8Y6, STM32H7S3Z8J6, STM32H7S3Z8T6, STM32H7S78-DK, STM32H7S7A8I6, STM32H7S7I8K6, STM32H7S7I8T6, STM32H7S7L8H6, STM32H7S7L8H6H, STM32H7S7Z8J6, STM32L4R5QGI6STR, STM32MP131AAE3, STM32MP131AAF3, STM32MP131AAG3, STM32MP131CAE3, STM32MP131CAF3, STM32MP131CAG3, STM32MP131DAE7, STM32MP131DAF7, STM32MP131DAG7, STM32MP131FAE7, STM32MP131FAF7, STM32MP131FAG7, STM32MP133AAE3, STM32MP133AAF3, STM32MP133AAG3, STM32MP133CAE3, STM32MP133CAF3, STM32MP133CAG3, STM32MP133DAE7, STM32MP133DAF7, STM32MP133DAG7, STM32MP133FAE7, STM32MP133FAF7, STM32MP133FAG7, STM32MP135AAE3, STM32MP135AAF3, STM32MP135AAG3, STM32MP135CAE3, STM32MP135CAF3, STM32MP135CAG3, STM32MP135DAE7, STM32MP135DAF7, STM32MP135DAG7, STM32MP135F-DK, STM32MP135FAE7, STM32MP135FAF7, STM32MP135FAF7T, STM32MP135FAF7U, STM32MP135FAG7, STM32U031C6T6, STM32U031C6U6, STM32U031C8T6, STM32U031C8U6, STM32U031F4P6, STM32U031F6P6, STM32U031F8P6, STM32U031G6Y6TR, STM32U031G8Y6TR, STM32U031K4U6, STM32U031K6U6, STM32U031K8U6, STM32U031R6I6, STM32U031R6T6, STM32U031R8I6, STM32U031R8T6, STM32U073C8T6, STM32U073C8U6, STM32U073CBT6, STM32U073CBU6, STM32U073CCT6, STM32U073CCU6, STM32U073H8Y6TR, STM32U073HBY6TR, STM32U073HCY6TR, STM32U073K8U6, STM32U073KBU6, STM32U073KCU6, STM32U073M8I6, STM32U073M8T6, STM32U073MBI6, STM32U073MBT6, STM32U073MCI6, STM32U073MCT6, STM32U073R8I6, STM32U073R8T6, STM32U073RBI6, STM32U073RBT6, STM32U073RCI6, STM32U073RCT6, STM32U083C-DK, STM32U083CCT6, STM32U083CCU6, STM32U083HCY6TR, STM32U083KCU6, STM32U083MCI6, STM32U083MCT6, STM32U083RCI6, STM32U083RCT6, STM32U535CBT6, STM32U535CBT6Q, STM32U535CBU6, STM32U535CBU6Q, STM32U535CCT6, STM32U535CCT6Q, STM32U535CCU6, STM32U535CCU6Q, STM32U535CET6, STM32U535CET6Q, STM32U535CEU6, STM32U535CEU6Q, STM32U535JEY6QTR, STM32U535NCY6QTR, STM32U535NEY6QTR, STM32U535RBI6, STM32U535RBI6Q, STM32U535RBT6, STM32U535RBT6Q, STM32U535RCI6, STM32U535RCI6Q, STM32U535RCT6, STM32U535RCT6Q, STM32U535REI6, STM32U535REI6Q, STM32U535RET6, STM32U535RET6Q, STM32U535VCI6, STM32U535VCI6Q, STM32U535VCT6, STM32U535VCT6Q, STM32U535VEI6, STM32U535VEI6Q, STM32U535VET6, STM32U535VET6Q, STM32U545CET6, STM32U545CET6Q, STM32U545CEU6, STM32U545CEU6Q, STM32U545JEY6QTR, STM32U545NEY6QTR, STM32U545REI6, STM32U545REI6Q, STM32U545RET6, STM32U545RET6Q, STM32U545VEI6, STM32U545VEI6Q, STM32U545VET6, STM32U545VET6Q, STM32U595AIH6, STM32U595AIH6Q, STM32U595AJH6, STM32U595AJH6Q, STM32U595QII6, STM32U595QII6Q, STM32U595QJI6, STM32U595QJI6Q, STM32U595RIT6, STM32U595RIT6Q, STM32U595RJT6, STM32U595RJT6Q, STM32U595VIT6, STM32U595VIT6Q, STM32U595VJT6, STM32U595VJT6Q, STM32U595ZIT6, STM32U595ZIT6Q, STM32U595ZIY6QTR, STM32U595ZJT6, STM32U595ZJT6Q, STM32U595ZJY6QTR, STM32U599BJY6QTR, STM32U599NIH6Q, STM32U599NJH6Q, STM32U599VIT6Q, STM32U599VJT6, STM32U599VJT6Q, STM32U599ZIT6Q, STM32U599ZIY6QTR, STM32U599ZJT6Q, STM32U599ZJY6QTR, STM32U5A5AJH6, STM32U5A5AJH6Q, STM32U5A5QII3Q , STM32U5A5QJI6, STM32U5A5QJI6Q, STM32U5A5RJT6, STM32U5A5RJT6Q, STM32U5A5VJT6, STM32U5A5VJT6Q, STM32U5A5ZJT6, STM32U5A5ZJT6Q, STM32U5A5ZJY6QTR, STM32U5A9BJY6QTR, STM32U5A9J-DK, STM32U5A9NJH6Q, STM32U5A9VJT6Q, STM32U5A9ZJT6Q, STM32U5A9ZJY6QTR, STM32U5F7VIT6, STM32U5F7VIT6Q, STM32U5F7VJT6, STM32U5F7VJT6Q, STM32U5F9BJY6QTR, STM32U5F9NJH6Q, STM32U5F9VIT6Q, STM32U5F9VJT6Q, STM32U5F9ZIJ6QTR, STM32U5F9ZIT6Q, STM32U5F9ZJJ6QTR, STM32U5F9ZJT6Q, STM32U5G7VJT6, STM32U5G7VJT6Q, STM32U5G9BJY6QTR, STM32U5G9J-DK1, STM32U5G9J-DK2, STM32U5G9NJH6Q, STM32U5G9VJT6Q, STM32U5G9ZJJ6QTR, STM32U5G9ZJT6Q, STM32WB1MMCH6, STM32WBA50KEU6, STM32WBA50KEU6TR, STM32WBA50KGU6, STM32WBA50KGU6TR, STM32WBA52CEU6, STM32WBA52CEU6TR, STM32WBA52CEU7, STM32WBA52CEU7TR, STM32WBA52CGU6, STM32WBA52CGU6TR, STM32WBA52CGU6U, STM32WBA52CGU7, STM32WBA52CGU7TR, STM32WBA52KEU6, STM32WBA52KEU6TR, STM32WBA52KGU6, STM32WBA52KGU6TR, STM32WBA54CEU6, STM32WBA54CEU6TR, STM32WBA54CEU7, STM32WBA54CEU7TR, STM32WBA54CGU6, STM32WBA54CGU6TR, STM32WBA54CGU7, STM32WBA54CGU7TR, STM32WBA54KEU6, STM32WBA54KEU6TR, STM32WBA54KEU7, STM32WBA54KEU7TR, STM32WBA54KGU6, STM32WBA54KGU6TR, STM32WBA54KGU7, STM32WBA54KGU7TR, STM32WBA55CEU6, STM32WBA55CEU6TR, STM32WBA55CEU7, STM32WBA55CEU7TR, STM32WBA55CGU6, STM32WBA55CGU6TR, STM32WBA55CGU6U, STM32WBA55CGU7, STM32WBA55CGU7TR, STM32WBA55G-DK1, STM32WBA55HEF6, STM32WBA55HEF7, STM32WBA55HGF6, STM32WBA55HGF7, STM32WBA55UEI6, STM32WBA55UEI6TR, STM32WBA55UEI7, STM32WBA55UEI7TR, STM32WBA55UGI6, STM32WBA55UGI6TR, STM32WBA55UGI7, STM32WBA55UGI7TR, STM32WL5MOCH6, STM32WL5MOCH6TR]
2024-06-01 16:43:49,737 [INFO] DbMcus:218 - Found 4096 MCUs, 4096 are supported
2024-06-01 16:43:49,738 [INFO] ApiDb:423 - Load user favorites file C:\Users\bakra/.stm32cubeide/favorites.mcus.txt: 0 item(s)
2024-06-01 16:43:49,738 [INFO] ApiDb:427 - User favorites MCUs=[]
2024-06-01 16:43:49,738 [INFO] DbMcus:224 - Set 0 / 0 favorites MCUs
2024-06-01 16:43:49,986 [INFO] ApiDb:423 - Load user favorites file C:\Users\bakra/.stm32cubeide/favorites.boards.txt: 1 item(s)
2024-06-01 16:43:49,986 [INFO] ApiDb:427 - User favorites Boards=[NUCLEO-F767ZI]
2024-06-01 16:43:49,986 [INFO] DbBoards:198 - Set 1 / 1 favorites Boards
2024-06-01 16:43:50,036 [INFO] UtilMem:75 - End LoadConfig() Used Memory: 213410384 Bytes (307232768)
2024-06-01 16:43:50,127 [WARN] ThirdParty:833 - waiting for thirdparty lock release [change project]
2024-06-01 16:43:50,127 [INFO] ThirdParty:835 - entering critical section [change project]
2024-06-01 16:43:50,127 [INFO] ThirdParty:1030 - CMSIS Pack Vendor :STMicroelectronics USBPD 4.1
2024-06-01 16:43:50,127 [INFO] ThirdParty:1030 - CMSIS Pack Vendor :STMicroelectronics X-CUBE-GNSS1 6.0.0
2024-06-01 16:43:50,127 [INFO] ThirdParty:1030 - CMSIS Pack Vendor :STMicroelectronics USB_HOST 2.0.0
2024-06-01 16:43:50,127 [INFO] ThirdParty:1030 - CMSIS Pack Vendor :STMicroelectronics FP-SNS-MOTENVWB1 1.4.0
2024-06-01 16:43:50,127 [INFO] ThirdParty:1030 - CMSIS Pack Vendor :STMicroelectronics X-CUBE-AZRTOS-F4 1.1.0
2024-06-01 16:43:50,127 [INFO] ThirdParty:1030 - CMSIS Pack Vendor :STMicroelectronics LIBJPEG 8.0.0
2024-06-01 16:43:50,127 [INFO] ThirdParty:1030 - CMSIS Pack Vendor :STMicroelectronics X-CUBE-SMBUS 2.1.0
2024-06-01 16:43:50,127 [INFO] ThirdParty:1030 - CMSIS Pack Vendor :STMicroelectronics X-CUBE-FREERTOS 1.2.0
2024-06-01 16:43:50,127 [INFO] ThirdParty:1030 - CMSIS Pack Vendor :STMicroelectronics X-CUBE-TOUCHGFX 4.23.0
2024-06-01 16:43:50,127 [INFO] ThirdParty:1030 - CMSIS Pack Vendor :STMicroelectronics X-CUBE-TOUCHGFX 4.23.2
2024-06-01 16:43:50,127 [INFO] ThirdParty:1030 - CMSIS Pack Vendor :STMicroelectronics X-CUBE-AZRTOS-F7 1.1.0
2024-06-01 16:43:50,127 [INFO] ThirdParty:1030 - CMSIS Pack Vendor :STMicroelectronics X-CUBE-AZRTOS-L5 2.0.0
2024-06-01 16:43:50,127 [INFO] ThirdParty:1030 - CMSIS Pack Vendor :STMicroelectronics USB_DEVICE 2.0.0
2024-06-01 16:43:50,127 [INFO] ThirdParty:1030 - CMSIS Pack Vendor :STMicroelectronics X-CUBE-MEMS1 9.6.0
2024-06-01 16:43:50,127 [INFO] ThirdParty:1030 - CMSIS Pack Vendor :STMicroelectronics X-CUBE-EEPRMA1 4.2.0
2024-06-01 16:43:50,127 [INFO] ThirdParty:1030 - CMSIS Pack Vendor :STMicroelectronics X-CUBE-NFC6 3.1.0
2024-06-01 16:43:50,127 [INFO] ThirdParty:1030 - CMSIS Pack Vendor :ITTIA_DB I-CUBE-ITTIADB 8.8.0
2024-06-01 16:43:50,127 [INFO] ThirdParty:1030 - CMSIS Pack Vendor :STMicroelectronics FP-SNS-MOTENV1 4.3.0
2024-06-01 16:43:50,127 [INFO] ThirdParty:1030 - CMSIS Pack Vendor :STMicroelectronics FP-SNS-MOTENV1 4.3.2
2024-06-01 16:43:50,127 [INFO] ThirdParty:1030 - CMSIS Pack Vendor :STMicroelectronics FP-SNS-FLIGHT1 5.0.0
2024-06-01 16:43:50,127 [INFO] ThirdParty:1030 - CMSIS Pack Vendor :STMicroelectronics FP-SNS-MOTENV1 4.3.1
2024-06-01 16:43:50,127 [INFO] ThirdParty:1030 - CMSIS Pack Vendor :STMicroelectronics FP-SNS-FLIGHT1 5.0.1
2024-06-01 16:43:50,127 [INFO] ThirdParty:1030 - CMSIS Pack Vendor :STMicroelectronics X-CUBE-BLE1 6.2.4
2024-06-01 16:43:50,127 [INFO] ThirdParty:1030 - CMSIS Pack Vendor :STMicroelectronics FreeRTOS 0.0.1
2024-06-01 16:43:50,127 [INFO] ThirdParty:1030 - CMSIS Pack Vendor :emotas I-CUBE-CANOPEN 1.1.3
2024-06-01 16:43:50,129 [INFO] ThirdParty:1030 - CMSIS Pack Vendor :STMicroelectronics X-CUBE-BLEMGR 2.0.0
2024-06-01 16:43:50,129 [INFO] ThirdParty:1030 - CMSIS Pack Vendor :STMicroelectronics FP-SNS-FLIGHT1 5.0.2
2024-06-01 16:43:50,129 [INFO] ThirdParty:1030 - CMSIS Pack Vendor :STMicroelectronics X-CUBE-AI 9.0.0
2024-06-01 16:43:50,129 [INFO] ThirdParty:1030 - CMSIS Pack Vendor :STMicroelectronics X-CUBE-AZRTOS-H7 3.1.0
2024-06-01 16:43:50,129 [INFO] ThirdParty:1030 - CMSIS Pack Vendor :STMicroelectronics PDM2PCM 3.3.0
2024-06-01 16:43:50,129 [INFO] ThirdParty:1030 - CMSIS Pack Vendor :STMicroelectronics X-CUBE-DISPLAY 3.0.0
2024-06-01 16:43:50,129 [INFO] ThirdParty:1030 - CMSIS Pack Vendor :STMicroelectronics X-CUBE-BLE1 7.0.0
2024-06-01 16:43:50,129 [INFO] ThirdParty:1030 - CMSIS Pack Vendor :wolfSSL I-CUBE-wolfSSL 5.5.4
2024-06-01 16:43:50,129 [INFO] ThirdParty:1030 - CMSIS Pack Vendor :STMicroelectronics HAL Drivers 0.0.0
2024-06-01 16:43:50,129 [INFO] ThirdParty:1030 - CMSIS Pack Vendor :STMicroelectronics X-CUBE-TOUCHGFX 4.22.0
2024-06-01 16:43:50,129 [INFO] ThirdParty:1030 - CMSIS Pack Vendor :STMicroelectronics X-CUBE-NFC7 1.0.1
2024-06-01 16:43:50,129 [INFO] ThirdParty:1030 - CMSIS Pack Vendor :STMicroelectronics MBEDTLS 2.14.1
2024-06-01 16:43:50,129 [INFO] ThirdParty:1030 - CMSIS Pack Vendor :STMicroelectronics X-CUBE-NFC7 1.0.0
2024-06-01 16:43:50,129 [INFO] ThirdParty:1030 - CMSIS Pack Vendor :STMicroelectronics X-CUBE-TOUCHGFX 4.22.1
2024-06-01 16:43:50,129 [INFO] ThirdParty:1030 - CMSIS Pack Vendor :STMicroelectronics X-CUBE-NFC6 3.0.0
2024-06-01 16:43:50,129 [INFO] ThirdParty:1030 - CMSIS Pack Vendor :STMicroelectronics X-CUBE-EEPRMA1 4.1.0
2024-06-01 16:43:50,129 [INFO] ThirdParty:1030 - CMSIS Pack Vendor :STMicroelectronics X-CUBE-BLEMGR 3.1.0
2024-06-01 16:43:50,129 [INFO] ThirdParty:1030 - CMSIS Pack Vendor :STMicroelectronics FP-SNS-SMARTAG2 1.2.0
2024-06-01 16:43:50,129 [INFO] ThirdParty:1030 - CMSIS Pack Vendor :STMicroelectronics X-CUBE-AZRTOS-WL 2.0.0
2024-06-01 16:43:50,129 [INFO] ThirdParty:1030 - CMSIS Pack Vendor :STMicroelectronics FP-SNS-MOTENV1 5.0.0
2024-06-01 16:43:50,129 [INFO] ThirdParty:1030 - CMSIS Pack Vendor :STMicroelectronics USB_DEVICE 1.0.0
2024-06-01 16:43:50,129 [INFO] ThirdParty:1030 - CMSIS Pack Vendor :STMicroelectronics X-CUBE-AI 8.1.0
2024-06-01 16:43:50,129 [INFO] ThirdParty:1030 - CMSIS Pack Vendor :STMicroelectronics X-CUBE-AZRTOS-L4 2.0.0
2024-06-01 16:43:50,129 [INFO] ThirdParty:1030 - CMSIS Pack Vendor :STMicroelectronics ThreadX 0.0.2
2024-06-01 16:43:50,129 [INFO] ThirdParty:1030 - CMSIS Pack Vendor :WES I-CUBE-Cesium 1.3.0
2024-06-01 16:43:50,129 [INFO] ThirdParty:1030 - CMSIS Pack Vendor :STMicroelectronics lwIP 2.1.2
2024-06-01 16:43:50,129 [INFO] ThirdParty:1030 - CMSIS Pack Vendor :STMicroelectronics X-CUBE-SFXS2LP1 4.0.0
2024-06-01 16:43:50,129 [INFO] ThirdParty:1030 - CMSIS Pack Vendor :STMicroelectronics X-CUBE-BLE2 3.3.0
2024-06-01 16:43:50,129 [INFO] ThirdParty:1030 - CMSIS Pack Vendor :STMicroelectronics X-CUBE-TOF1 3.2.0
2024-06-01 16:43:50,129 [INFO] ThirdParty:1030 - CMSIS Pack Vendor :STMicroelectronics PDM2PCM 3.2.0
2024-06-01 16:43:50,129 [INFO] ThirdParty:1030 - CMSIS Pack Vendor :STMicroelectronics X-CUBE-AZRTOS-H7 3.0.0
2024-06-01 16:43:50,129 [INFO] ThirdParty:1030 - CMSIS Pack Vendor :STMicroelectronics X-CUBE-ISPU 1.1.0
2024-06-01 16:43:50,129 [INFO] ThirdParty:1030 - CMSIS Pack Vendor :RoweBots I-CUBE-UNISONRTOS 5.5.0-4
2024-06-01 16:43:50,129 [INFO] ThirdParty:1030 - CMSIS Pack Vendor :STMicroelectronics USB_DEVICE 3.0.0
2024-06-01 16:43:50,129 [INFO] ThirdParty:1030 - CMSIS Pack Vendor :STMicroelectronics X-CUBE-TCPP 4.1.0
2024-06-01 16:43:50,129 [INFO] ThirdParty:1030 - CMSIS Pack Vendor :STMicroelectronics X-CUBE-AI 8.0.0
2024-06-01 16:43:50,129 [INFO] ThirdParty:1030 - CMSIS Pack Vendor :STMicroelectronics X-CUBE-AZRTOS-WB 2.0.0
2024-06-01 16:43:50,129 [INFO] ThirdParty:1030 - CMSIS Pack Vendor :STMicroelectronics X-CUBE-FREERTOS 1.0.0
2024-06-01 16:43:50,129 [INFO] ThirdParty:1030 - CMSIS Pack Vendor :STMicroelectronics X-CUBE-FREERTOS 1.0.1
2024-06-01 16:43:50,129 [INFO] ThirdParty:1030 - CMSIS Pack Vendor :STMicroelectronics X-CUBE-TOUCHGFX 4.21.1
2024-06-01 16:43:50,129 [INFO] ThirdParty:1030 - CMSIS Pack Vendor :STMicroelectronics X-CUBE-TOUCHGFX 4.21.3
2024-06-01 16:43:50,129 [INFO] ThirdParty:1030 - CMSIS Pack Vendor :STMicroelectronics X-CUBE-TOUCHGFX 4.21.4
2024-06-01 16:43:50,129 [INFO] ThirdParty:1030 - CMSIS Pack Vendor :STMicroelectronics X-CUBE-ALGOBUILD 1.3.0
2024-06-01 16:43:50,129 [INFO] ThirdParty:1030 - CMSIS Pack Vendor :STMicroelectronics X-CUBE-AZRTOS-L5 1.1.0
2024-06-01 16:43:50,129 [INFO] ThirdParty:1030 - CMSIS Pack Vendor :STMicroelectronics X-CUBE-AZRTOS-G0 1.1.0
2024-06-01 16:43:50,129 [INFO] ThirdParty:1030 - CMSIS Pack Vendor :STMicroelectronics X-CUBE-AI 8.0.1
2024-06-01 16:43:50,129 [INFO] ThirdParty:1030 - CMSIS Pack Vendor :STMicroelectronics X-CUBE-SAFEA1 1.2.2
2024-06-01 16:43:50,130 [INFO] ThirdParty:1030 - CMSIS Pack Vendor :STMicroelectronics X-CUBE-NFC4 3.0.0
2024-06-01 16:43:50,130 [INFO] ThirdParty:1030 - CMSIS Pack Vendor :STMicroelectronics X-CUBE-SUBG2 5.0.0
2024-06-01 16:43:50,130 [INFO] ThirdParty:1030 - CMSIS Pack Vendor :STMicroelectronics STM32_WPAN 1.0.0
2024-06-01 16:43:50,130 [INFO] ThirdParty:1030 - CMSIS Pack Vendor :STMicroelectronics lwIP 2.0.3
2024-06-01 16:43:50,130 [INFO] ThirdParty:1030 - CMSIS Pack Vendor :Cesanta I-CUBE-Mongoose 7.13.0
2024-06-01 16:43:50,130 [INFO] ThirdParty:1030 - CMSIS Pack Vendor :STMicroelectronics USB_HOST 1.0.0
2024-06-01 16:43:50,130 [INFO] ThirdParty:1030 - CMSIS Pack Vendor :STMicroelectronics X-CUBE-TOF1 3.3.1
2024-06-01 16:43:50,130 [INFO] ThirdParty:1030 - CMSIS Pack Vendor :STMicroelectronics X-CUBE-AZRTOS-G4 2.0.0
2024-06-01 16:43:50,130 [INFO] ThirdParty:1030 - CMSIS Pack Vendor :STMicroelectronics PDM2PCM 3.1.0
2024-06-01 16:43:50,130 [INFO] ThirdParty:1030 - CMSIS Pack Vendor :STMicroelectronics X-CUBE-TOF1 3.3.0
2024-06-01 16:43:50,130 [INFO] ThirdParty:1030 - CMSIS Pack Vendor :STMicroelectronics FP-ATR-ASTRA1 1.1.1
2024-06-01 16:43:50,130 [INFO] ThirdParty:1030 - CMSIS Pack Vendor :Infineon AIROC-Wi-Fi-Bluetooth-STM32 1.5.1
2024-06-01 16:43:50,130 [INFO] ThirdParty:1030 - CMSIS Pack Vendor :STMicroelectronics X-CUBE-BLEMGR 3.0.0
2024-06-01 16:43:50,130 [INFO] ThirdParty:1030 - CMSIS Pack Vendor :STMicroelectronics X-CUBE-BLEMGR 1.3.0
2024-06-01 16:43:50,130 [INFO] ThirdParty:1030 - CMSIS Pack Vendor :STMicroelectronics FP-SNS-MOTENVWB1 1.3.0
2024-06-01 16:43:50,130 [INFO] ThirdParty:1030 - CMSIS Pack Vendor :STMicroelectronics FP-SNS-MOTENVWB1 1.3.1
2024-06-01 16:43:50,130 [INFO] ThirdParty:1030 - CMSIS Pack Vendor :STMicroelectronics FP-ATR-SIGFOX1 3.2.0
2024-06-01 16:43:50,130 [INFO] ThirdParty:1030 - CMSIS Pack Vendor :STMicroelectronics X-CUBE-AZRTOS-G4 1.0.0
2024-06-01 16:43:50,130 [INFO] ThirdParty:1030 - CMSIS Pack Vendor :STMicroelectronics X-CUBE-AZRTOS-L4 1.0.0
2024-06-01 16:43:50,130 [INFO] ThirdParty:1030 - CMSIS Pack Vendor :STMicroelectronics X-CUBE-ISPU 2.0.0
2024-06-01 16:43:50,130 [INFO] ThirdParty:1030 - CMSIS Pack Vendor :STMicroelectronics X-CUBE-EEPRMA1 5.1.0
2024-06-01 16:43:50,130 [INFO] ThirdParty:1030 - CMSIS Pack Vendor :STMicroelectronics MBEDTLS 2.16.2
2024-06-01 16:43:50,130 [INFO] ThirdParty:1030 - CMSIS Pack Vendor :STMicroelectronics X-CUBE-ALS 1.0.2
2024-06-01 16:43:50,130 [INFO] ThirdParty:1030 - CMSIS Pack Vendor :STMicroelectronics X-CUBE-MEMS1 10.0.0
2024-06-01 16:43:50,130 [INFO] ThirdParty:1030 - CMSIS Pack Vendor :STMicroelectronics X-CUBE-FREERTOS 1.1.0
2024-06-01 16:43:50,130 [INFO] ThirdParty:1030 - CMSIS Pack Vendor :STMicroelectronics X-CUBE-AZRTOS-WL 1.0.0
2024-06-01 16:43:50,130 [INFO] ThirdParty:1030 - CMSIS Pack Vendor :portGmbH I-Cube-SoM-uGOAL 1.1.0
2024-06-01 16:43:50,130 [INFO] ThirdParty:1030 - CMSIS Pack Vendor :STMicroelectronics X-CUBE-ALS 1.0.1
2024-06-01 16:43:50,130 [INFO] ThirdParty:1030 - CMSIS Pack Vendor :STMicroelectronics X-CUBE-MEMS1 9.5.0
2024-06-01 16:43:50,130 [INFO] ThirdParty:1030 - CMSIS Pack Vendor :STMicroelectronics ThreadX 1.0.0
2024-06-01 16:43:50,130 [INFO] ThirdParty:1030 - CMSIS Pack Vendor :STMicroelectronics X-CUBE-AZRTOS-WB 1.1.0
2024-06-01 16:43:50,130 [INFO] ThirdParty:1030 - CMSIS Pack Vendor :SEGGER I-CUBE-embOS 1.3.1
2024-06-01 16:43:50,130 [INFO] ThirdParty:1030 - CMSIS Pack Vendor :STMicroelectronics X-CUBE-ALGOBUILD 1.4.0
2024-06-01 16:43:50,130 [INFO] ThirdParty:1030 - CMSIS Pack Vendor :STMicroelectronics X-CUBE-AZRTOS-H7RS 1.0.0
2024-06-01 16:43:50,130 [INFO] ThirdParty:1030 - CMSIS Pack Vendor :STMicroelectronics FP-ATR-ASTRA1 2.0.0
2024-06-01 16:43:50,130 [INFO] ThirdParty:1030 - CMSIS Pack Vendor :STMicroelectronics X-CUBE-TOF1 3.4.0
2024-06-01 16:43:50,130 [INFO] ThirdParty:1030 - CMSIS Pack Vendor :STMicroelectronics X-CUBE-TOF1 3.4.1
2024-06-01 16:43:50,130 [INFO] ThirdParty:1030 - CMSIS Pack Vendor :STMicroelectronics X-CUBE-AZRTOS-H7 3.2.0
2024-06-01 16:43:50,130 [INFO] ThirdParty:841 - exiting critical section [change project]
2024-06-01 16:43:50,526 [INFO] PinOutPanel:1561 - setPackage(No Configuration,No Configuration)
2024-06-01 16:43:50,527 [INFO] PinOutPanel:1561 - setPackage(STM32F103C8Tx,LQFP48)
2024-06-01 16:43:50,878 [INFO] UtilMem:75 - Before build in PCC Used Memory: 243594320 Bytes (307232768)
2024-06-01 16:43:51,915 [INFO] UtilMem:75 - After build in PCC Used Memory: 204848416 Bytes (307232768)
2024-06-01 16:43:51,942 [INFO] IPUIPlugin:80 - create IPUIPlugin
2024-06-01 16:43:51,942 [INFO] IPUIPlugin:80 - create IPUIPlugin
2024-06-01 16:43:51,942 [INFO] IPUIPlugin:80 - create IPUIPlugin
2024-06-01 16:43:51,943 [INFO] IPUIPlugin:80 - create IPUIPlugin
2024-06-01 16:43:51,943 [INFO] IPUIPlugin:80 - create IPUIPlugin
2024-06-01 16:43:51,943 [INFO] IPUIPlugin:80 - create IPUIPlugin
2024-06-01 16:43:51,943 [INFO] IPUIPlugin:80 - create IPUIPlugin
2024-06-01 16:43:51,943 [INFO] IPUIPlugin:80 - create IPUIPlugin
2024-06-01 16:43:51,943 [INFO] IPUIPlugin:80 - create IPUIPlugin
2024-06-01 16:43:51,943 [INFO] IPUIPlugin:80 - create IPUIPlugin
2024-06-01 16:43:51,943 [INFO] IPUIPlugin:80 - create IPUIPlugin
2024-06-01 16:43:51,943 [INFO] IPUIPlugin:80 - create IPUIPlugin
2024-06-01 16:43:51,943 [INFO] IPUIPlugin:80 - create IPUIPlugin
2024-06-01 16:43:51,943 [INFO] IPUIPlugin:80 - create IPUIPlugin
2024-06-01 16:43:51,943 [INFO] IPUIPlugin:80 - create IPUIPlugin
2024-06-01 16:43:51,944 [INFO] IPUIPlugin:80 - create IPUIPlugin
2024-06-01 16:43:51,944 [INFO] IPUIPlugin:80 - create IPUIPlugin
2024-06-01 16:43:51,944 [INFO] IPUIPlugin:80 - create IPUIPlugin
2024-06-01 16:43:51,944 [INFO] IPUIPlugin:80 - create IPUIPlugin
2024-06-01 16:43:51,944 [INFO] IPUIPlugin:80 - create IPUIPlugin
2024-06-01 16:43:51,944 [INFO] IPUIPlugin:80 - create IPUIPlugin
2024-06-01 16:43:51,944 [INFO] IPUIPlugin:80 - create IPUIPlugin
2024-06-01 16:43:51,944 [INFO] IPUIPlugin:80 - create IPUIPlugin
2024-06-01 16:43:51,944 [INFO] IPUIPlugin:80 - create IPUIPlugin
2024-06-01 16:43:51,944 [INFO] IPUIPlugin:80 - create IPUIPlugin
2024-06-01 16:43:51,944 [INFO] IPUIPlugin:80 - create IPUIPlugin
2024-06-01 16:43:51,946 [INFO] IPUIPlugin:80 - create IPUIPlugin
2024-06-01 16:43:52,197 [INFO] CADModel:165 - CPN selected for project levelSTM32F103C8T6
2024-06-01 16:43:52,198 [INFO] CADModel:114 - Register for checkConnection events
2024-06-01 16:43:52,250 [INFO] OpenFileManager:343 - Restore cursor
2024-06-01 16:44:11,363 [INFO] UtilMem:75 - End SaveConfig() Used Memory: 501217392 Bytes (683671552)
2024-06-01 16:44:11,428 [INFO] UtilMem:75 - End SaveConfig() Used Memory: 420273136 Bytes (683671552)
2024-06-01 16:44:12,243 [INFO] UtilMem:75 - End SaveConfig() Used Memory: 521442176 Bytes (718274560)
2024-06-01 16:44:12,705 [INFO] BlockDiagram:2759 - set Specific Code input for plugin: NVIC
2024-06-01 16:44:12,705 [INFO] BlockDiagram:2759 - set Specific Code input for plugin: GPIO
2024-06-01 16:44:12,705 [INFO] BlockDiagram:2759 - set Specific Code input for plugin: RCC
2024-06-01 16:44:12,706 [INFO] CodeGenerator:807 - code generatio: config db path: C:\ST\STM32CubeIDE_1.11.2\STM32CubeIDE\plugins\com.st.stm32cube.common.mx_6.11.1.202404110753\\db\
2024-06-01 16:44:12,865 [INFO] CodeEngine:255 - oldGeneratedFile, C:\Users\bakra\Desktop\STM32F103C8T6\blinky_test\MXTmpFiles\license.tmp_save
2024-06-01 16:44:13,205 [INFO] CodeEngine:279 - Generated code: C:\Users\bakra\Desktop\STM32F103C8T6\blinky_test\MXTmpFiles\license.tmp
2024-06-01 16:44:13,341 [INFO] CodeEngine:255 - oldGeneratedFile, C:\Users\bakra\Desktop\STM32F103C8T6\blinky_test\MXTmpFiles\gpio.tmp_save
2024-06-01 16:44:13,506 [INFO] CodeEngine:279 - Generated code: C:\Users\bakra\Desktop\STM32F103C8T6\blinky_test\MXTmpFiles\gpio.tmp
2024-06-01 16:44:13,532 [INFO] CodeEngine:255 - oldGeneratedFile, C:\Users\bakra\Desktop\STM32F103C8T6\blinky_test\Core\Src\stm32f1xx_it.c_save
2024-06-01 16:44:13,694 [INFO] CodeEngine:279 - Generated code: C:\Users\bakra\Desktop\STM32F103C8T6\blinky_test\Core\Src\stm32f1xx_it.c
2024-06-01 16:44:13,724 [INFO] CodeEngine:255 - oldGeneratedFile, C:\Users\bakra\Desktop\STM32F103C8T6\blinky_test\Core\Inc\stm32f1xx_it.h_save
2024-06-01 16:44:13,859 [INFO] CodeEngine:279 - Generated code: C:\Users\bakra\Desktop\STM32F103C8T6\blinky_test\Core\Inc\stm32f1xx_it.h
2024-06-01 16:44:13,929 [INFO] CodeEngine:255 - oldGeneratedFile, C:\Users\bakra\Desktop\STM32F103C8T6\blinky_test\Core\Src\stm32f1xx_hal_msp.c_save
2024-06-01 16:44:14,077 [INFO] CodeEngine:279 - Generated code: C:\Users\bakra\Desktop\STM32F103C8T6\blinky_test\Core\Src\stm32f1xx_hal_msp.c
2024-06-01 16:44:14,094 [INFO] CodeEngine:255 - oldGeneratedFile, C:\Users\bakra\Desktop\STM32F103C8T6\blinky_test\MXTmpFiles\system.tmp_save
2024-06-01 16:44:14,162 [INFO] CodeEngine:279 - Generated code: C:\Users\bakra\Desktop\STM32F103C8T6\blinky_test\MXTmpFiles\system.tmp
2024-06-01 16:44:14,188 [INFO] CodeEngine:311 - oldGeneratedFile, C:\Users\bakra\Desktop\STM32F103C8T6\blinky_test\Core\Inc\stm32f1xx_hal_conf.h_save
2024-06-01 16:44:14,291 [INFO] CodeEngine:335 - Generated code: C:\Users\bakra\Desktop\STM32F103C8T6\blinky_test\Core\Inc\stm32f1xx_hal_conf.h
2024-06-01 16:44:14,351 [INFO] CodeEngine:255 - oldGeneratedFile, C:\Users\bakra\Desktop\STM32F103C8T6\blinky_test\Core\Inc\main.h_save
2024-06-01 16:44:14,456 [INFO] CodeEngine:279 - Generated code: C:\Users\bakra\Desktop\STM32F103C8T6\blinky_test\Core\Inc\main.h
2024-06-01 16:44:14,476 [INFO] CodeEngine:255 - oldGeneratedFile, C:\Users\bakra\Desktop\STM32F103C8T6\blinky_test\Core\Src\main.c_save
2024-06-01 16:44:14,621 [INFO] CodeEngine:279 - Generated code: C:\Users\bakra\Desktop\STM32F103C8T6\blinky_test\Core\Src\main.c
2024-06-01 16:44:14,971 [INFO] ProjectBuilder:3163 - Time for Copy HAL[1] : 157mS.
2024-06-01 16:44:14,975 [INFO] ProjectBuilder:4736 - Project Generator version: 4.3.0-B58
2024-06-01 16:44:15,055 [INFO] ConfigFileManager:1503 - The Die is : DIE410
2024-06-01 16:44:15,075 [INFO] ApiDbMcu:508 - Load IP Config File for FATFS
2024-06-01 16:44:15,096 [INFO] ApiDbMcu:508 - Load IP Config File for FREERTOS
2024-06-01 16:44:15,112 [INFO] ApiDbMcu:508 - Load IP Config File for USB_DEVICE
2024-06-01 16:44:15,757 [INFO] LogOutputStream:77 - [STDOUT_REDIRECT] 
2024-06-01 16:44:17,122 [INFO] ProjectBuilder:5002 - Time for Generating toolchain IDE Files: 2147mS.
2024-06-01 16:44:17,122 [INFO] ProjectBuilder:3034 - Time for Copy CMSIS : 0mS.
2024-06-01 16:44:17,124 [INFO] ProjectBuilder:3034 - Time for Copy CMSIS : 0mS.
2024-06-01 16:44:17,429 [INFO] MainUpdater:2873 - connection check result : 10
2024-06-01 16:44:17,430 [INFO] MainUpdater:2873 - connection check result : 10
2024-06-01 16:44:17,443 [INFO] MicroXplorer:468 - Change Database Path : 
2024-06-01 16:44:17,443 [INFO] MicroXplorer:498 - Change Database Version : DB.6.0.111
2024-06-01 16:44:17,457 [ERROR] ProjectManagerView:394 - 
java.lang.NullPointerException: Cannot invoke "javax.swing.JTextField.getText()" because the return value of "java.util.List.get(int)" is null
	at com.st.microxplorer.plugins.projectmanager.gui.ProjectChoiceTab$10.caretUpdate(ProjectChoiceTab.java:2504) ~[filemanager.jar:?]
	at javax.swing.text.JTextComponent.fireCaretUpdate(JTextComponent.java:412) ~[?:?]
	at javax.swing.text.JTextComponent$MutableCaretEvent.fire(JTextComponent.java:4491) ~[?:?]
	at javax.swing.text.JTextComponent$MutableCaretEvent.stateChanged(JTextComponent.java:4513) ~[?:?]
	at javax.swing.text.DefaultCaret.fireStateChanged(DefaultCaret.java:842) ~[?:?]
	at javax.swing.text.DefaultCaret.changeCaretPosition(DefaultCaret.java:1313) ~[?:?]
	at javax.swing.text.DefaultCaret.handleSetDot(DefaultCaret.java:1212) ~[?:?]
	at javax.swing.text.DefaultCaret.setDot(DefaultCaret.java:1193) ~[?:?]
	at javax.swing.text.DefaultCaret$Handler.insertUpdate(DefaultCaret.java:1789) ~[?:?]
	at javax.swing.text.AbstractDocument.fireInsertUpdate(AbstractDocument.java:226) ~[?:?]
	at javax.swing.text.AbstractDocument.handleInsertString(AbstractDocument.java:780) ~[?:?]
	at javax.swing.text.AbstractDocument.insertString(AbstractDocument.java:739) ~[?:?]
	at javax.swing.text.PlainDocument.insertString(PlainDocument.java:131) ~[?:?]
	at javax.swing.text.AbstractDocument.replace(AbstractDocument.java:698) ~[?:?]
	at javax.swing.text.JTextComponent.setText(JTextComponent.java:1729) ~[?:?]
	at com.st.microxplorer.plugins.projectmanager.gui.ProjectChoiceTab.createHeapStackFields(ProjectChoiceTab.java:944) ~[filemanager.jar:?]
	at com.st.microxplorer.plugins.projectmanager.gui.ProjectChoiceTab.buildLinkSettingsPanel(ProjectChoiceTab.java:3475) ~[filemanager.jar:?]
	at com.st.microxplorer.plugins.projectmanager.gui.ProjectChoiceTab.defineWindowsFields(ProjectChoiceTab.java:1816) ~[filemanager.jar:?]
	at com.st.microxplorer.plugins.projectmanager.gui.ProjectChoiceTab.updateSettings(ProjectChoiceTab.java:544) ~[filemanager.jar:?]
	at com.st.microxplorer.plugins.projectmanager.gui.ProjectSettingsPanel.UpdateDialog(ProjectSettingsPanel.java:245) ~[filemanager.jar:?]
	at com.st.microxplorer.plugins.projectmanager.ProjectManagerView.propertyChange(ProjectManagerView.java:391) ~[filemanager.jar:?]
	at java.beans.PropertyChangeSupport.fire(PropertyChangeSupport.java:343) ~[?:?]
	at java.beans.PropertyChangeSupport.firePropertyChange(PropertyChangeSupport.java:335) ~[?:?]
	at java.beans.PropertyChangeSupport.firePropertyChange(PropertyChangeSupport.java:268) ~[?:?]
	at com.st.microxplorer.util.MXPropertyChangeSupport.firePropertyChange(MXPropertyChangeSupport.java:54) ~[STM32CubeMX.jar:?]
	at com.st.microxplorer.mxsystem.MxSystem.closeConfig(MxSystem.java:900) ~[STM32CubeMX.jar:?]
	at com.st.microxplorer.maingui.MainPanel.closeConfig(MainPanel.java:776) ~[STM32CubeMX.jar:?]
	at com.st.microxplorer.plugins.filemanager.engine.OpenFileManager.loadConfigurationFile(OpenFileManager.java:245) ~[filemanager.jar:?]
	at com.st.microxplorer.plugins.filemanager.engine.MainFileManager.userLoadConfig(MainFileManager.java:315) ~[filemanager.jar:?]
	at com.st.microxplorer.plugins.filemanager.engine.MainFileManager.userLoadConfig(MainFileManager.java:293) ~[filemanager.jar:?]
	at com.st.microxplorer.plugins.filemanager.FileManagerView.getSpecificTask(FileManagerView.java:247) ~[filemanager.jar:?]
	at com.st.stm32cube.common.mx.editor.CubeMxEditor.getMxTabbedPaneInstance(CubeMxEditor.java:1198) ~[com.st.stm32cube.common.mx_6.11.1.202404110753/:?]
	at com.st.stm32cube.common.mx.editor.CubeMxEditor$12$1.createSwingComponent(CubeMxEditor.java:1068) ~[com.st.stm32cube.common.mx_6.11.1.202404110753/:?]
	at com.st.stm32cube.common.mx.oss.core.awtswtbridge.EmbeddedSwingComposite.doComponentCreation(EmbeddedSwingComposite.java:492) ~[com.st.stm32cube.common.mx.oss_6.11.1.202404110753/:?]
	at com.st.stm32cube.common.mx.oss.core.awtswtbridge.EmbeddedSwingComposite$4.run(EmbeddedSwingComposite.java:291) ~[com.st.stm32cube.common.mx.oss_6.11.1.202404110753/:?]
	at com.st.stm32cube.common.mx.oss.core.awtswtbridge.AwtEnvironment$2.run(AwtEnvironment.java:166) ~[com.st.stm32cube.common.mx.oss_6.11.1.202404110753/:?]
	at java.awt.event.InvocationEvent.dispatch(InvocationEvent.java:318) ~[?:?]
	at java.awt.EventQueue.dispatchEventImpl(EventQueue.java:773) ~[?:?]
	at java.awt.EventQueue$4.run(EventQueue.java:720) ~[?:?]
	at java.awt.EventQueue$4.run(EventQueue.java:714) ~[?:?]
	at java.security.AccessController.doPrivileged(AccessController.java:399) ~[?:?]
	at java.security.ProtectionDomain$JavaSecurityAccessImpl.doIntersectionPrivilege(ProtectionDomain.java:86) ~[?:?]
	at java.awt.EventQueue.dispatchEvent(EventQueue.java:742) ~[?:?]
	at java.awt.EventDispatchThread.pumpOneEventForFilters(EventDispatchThread.java:203) ~[?:?]
	at java.awt.EventDispatchThread.pumpEventsForFilter(EventDispatchThread.java:124) ~[?:?]
	at java.awt.EventDispatchThread.pumpEventsForHierarchy(EventDispatchThread.java:113) ~[?:?]
	at java.awt.EventDispatchThread.pumpEvents(EventDispatchThread.java:109) ~[?:?]
	at java.awt.EventDispatchThread.pumpEvents(EventDispatchThread.java:101) ~[?:?]
	at java.awt.EventDispatchThread.run(EventDispatchThread.java:90) ~[?:?]
2024-06-01 16:44:17,467 [WARN] ThirdParty:871 - waiting for thirdparty lock release [close project]
2024-06-01 16:44:17,467 [INFO] ThirdParty:873 - entering critical section [close project]
2024-06-01 16:44:17,467 [INFO] ThirdParty:883 - exiting critical section [close project]
2024-06-01 16:44:17,468 [INFO] PinOutPanel:1561 - setPackage(No Configuration,No Configuration)
2024-06-01 16:44:17,481 [INFO] UtilMem:75 - Begin LoadConfig() Used Memory: 782717704 Bytes (977272832)
2024-06-01 16:44:17,493 [INFO] MicroXplorer:468 - Change Database Path : C:/Users/bakra/.stm32cubemx/databases/DB.5.0.20/db/
2024-06-01 16:44:17,494 [INFO] MicroXplorer:498 - Change Database Version : DB.5.0.20
2024-06-01 16:44:34,614 [INFO] MicroXplorer:468 - Change Database Path : 
2024-06-01 16:44:34,614 [INFO] MicroXplorer:498 - Change Database Version : DB.6.0.111
2024-06-01 16:44:34,614 [INFO] OpenFileManager:312 - Change cursor
2024-06-01 16:44:34,621 [INFO] RulesReader:64 - Compatibility file has been processed (297 Rules)
2024-06-01 16:44:34,710 [INFO] RtosManager:555 - Registered RTOS mode: class=CMSIS, group=RTOS, mode=CMSIS_V1, owner=FREERTOS
2024-06-01 16:44:34,710 [INFO] RtosManager:555 - Registered RTOS mode: class=CMSIS, group=RTOS2, mode=CMSIS_V2, owner=FREERTOS
2024-06-01 16:44:34,710 [INFO] RtosManager:555 - Registered RTOS mode: class=RTOS, group=Core, mode=CMSIS_V1, owner=FREERTOS
2024-06-01 16:44:34,710 [INFO] RtosManager:555 - Registered RTOS mode: class=RTOS, group=Core, mode=CMSIS_V2, owner=FREERTOS
2024-06-01 16:44:34,710 [WARN] ModelIntegratedComponent:184 - Missing modes for component STMicroelectronics:FreeRTOS:0.0.1:STMicroelectronics:RTOS:FreeRTOS:Core:::10.2.0:
2024-06-01 16:44:34,711 [WARN] ModelIntegratedComponent:63 - No mode defined for component null
2024-06-01 16:44:34,711 [WARN] ModelIntegratedComponent:63 - No mode defined for component null
2024-06-01 16:44:34,711 [WARN] ModelIntegratedComponent:63 - No mode defined for component null
2024-06-01 16:44:34,711 [WARN] ModelIntegratedComponent:63 - No mode defined for component null
2024-06-01 16:44:34,711 [WARN] ModelIntegratedComponent:63 - No mode defined for component null
2024-06-01 16:44:34,711 [WARN] ModelIntegratedComponent:63 - No mode defined for component null
2024-06-01 16:44:34,711 [WARN] ModelIntegratedComponent:63 - No mode defined for component null
2024-06-01 16:44:34,711 [WARN] ModelIntegratedComponent:63 - No mode defined for component null
2024-06-01 16:44:34,711 [WARN] ModelIntegratedComponent:63 - No mode defined for component null
2024-06-01 16:44:34,711 [WARN] ModelIntegratedComponent:63 - No mode defined for component null
2024-06-01 16:44:34,711 [WARN] ModelIntegratedComponent:63 - No mode defined for component null
2024-06-01 16:44:34,711 [WARN] ModelIntegratedComponent:63 - No mode defined for component null
2024-06-01 16:44:34,711 [WARN] ModelIntegratedComponent:63 - No mode defined for component null
2024-06-01 16:44:34,711 [WARN] ModelIntegratedComponent:63 - No mode defined for component null
2024-06-01 16:44:34,711 [WARN] ModelIntegratedComponent:63 - No mode defined for component null
2024-06-01 16:44:34,711 [WARN] ModelIntegratedComponent:63 - No mode defined for component null
2024-06-01 16:44:34,711 [WARN] ModelIntegratedComponent:63 - No mode defined for component null
2024-06-01 16:44:34,711 [WARN] ModelIntegratedComponent:63 - No mode defined for component null
2024-06-01 16:44:34,711 [WARN] ModelIntegratedComponent:63 - No mode defined for component null
2024-06-01 16:44:34,711 [WARN] ModelIntegratedComponent:63 - No mode defined for component null
2024-06-01 16:44:34,711 [WARN] ModelIntegratedComponent:63 - No mode defined for component null
2024-06-01 16:44:34,711 [WARN] ModelIntegratedComponent:63 - No mode defined for component null
2024-06-01 16:44:34,711 [WARN] ModelIntegratedComponent:63 - No mode defined for component null
2024-06-01 16:44:34,711 [WARN] ModelIntegratedComponent:63 - No mode defined for component null
2024-06-01 16:44:34,711 [WARN] ModelIntegratedComponent:63 - No mode defined for component null
2024-06-01 16:44:34,711 [WARN] ModelIntegratedComponent:63 - No mode defined for component null
2024-06-01 16:44:34,711 [WARN] ModelIntegratedComponent:63 - No mode defined for component null
2024-06-01 16:44:34,713 [WARN] ModelIntegratedComponent:63 - No mode defined for component null
2024-06-01 16:44:34,713 [WARN] ModelIntegratedComponent:63 - No mode defined for component null
2024-06-01 16:44:34,713 [WARN] ModelIntegratedComponent:63 - No mode defined for component null
2024-06-01 16:44:34,713 [WARN] ModelIntegratedComponent:63 - No mode defined for component null
2024-06-01 16:44:34,713 [WARN] ModelIntegratedComponent:63 - No mode defined for component null
2024-06-01 16:44:34,713 [WARN] ModelIntegratedComponent:63 - No mode defined for component null
2024-06-01 16:44:34,713 [WARN] ModelIntegratedComponent:63 - No mode defined for component null
2024-06-01 16:44:34,798 [INFO] ThirdPartyModel:298 - Start build external matchings
2024-06-01 16:44:35,897 [INFO] ThirdPartyModel:316 - End build external matchings
2024-06-01 16:44:55,476 [INFO] OpenFileManager:343 - Restore cursor
2024-06-01 17:37:48,358 [ERROR] LogOutputStream:75 - [STDERR_REDIRECT] 
2024-06-01 17:37:48,358 [ERROR] LogOutputStream:75 - [STDERR_REDIRECT] 
