2024-01-01 08:55:42,735 [INFO] Activator:176 - 


2024-01-01 08:55:42,741 [INFO] Activator:177 - !SESSION log4j initialized
2024-01-01 08:55:43,499 [ERROR] LogOutputStream:75 - [STDERR_REDIRECT] Managed Build system manifest file error: Option com.atollic.truestudio.general.runtimelib.379644932 uses a null category that is invalid in its context. The option was ignored.
2024-01-01 08:55:43,502 [ERROR] LogOutputStream:75 - [STDERR_REDIRECT] Managed Build system manifest file error: Option com.atollic.truestudio.toolchain_options.mcu.1148613288 uses a null category that is invalid in its context. The option was ignored.
2024-01-01 08:55:43,506 [ERROR] LogOutputStream:75 - [STDERR_REDIRECT] Managed Build system manifest file error: Option com.atollic.truestudio.toolchain_options.vendor.2008536025 uses a null category that is invalid in its context. The option was ignored.
2024-01-01 08:55:43,643 [ERROR] LogOutputStream:75 - [STDERR_REDIRECT] Managed Build system manifest file error: Option com.atollic.truestudio.general.runtimelib.143798172 uses a null category that is invalid in its context. The option was ignored.
2024-01-01 08:55:43,647 [ERROR] LogOutputStream:75 - [STDERR_REDIRECT] Managed Build system manifest file error: Option com.atollic.truestudio.toolchain_options.mcu.788925640 uses a null category that is invalid in its context. The option was ignored.
2024-01-01 08:55:43,650 [ERROR] LogOutputStream:75 - [STDERR_REDIRECT] Managed Build system manifest file error: Option com.atollic.truestudio.toolchain_options.vendor.639784139 uses a null category that is invalid in its context. The option was ignored.
2024-01-01 08:55:48,882 [INFO] LogOutputStream:77 - [STDOUT_REDIRECT] 
2024-01-01 08:55:49,899 [INFO] ApplicationProperties:184 - Using Application install path: C:\ST\STM32CubeIDE_1.11.2\STM32CubeIDE\plugins\com.st.stm32cube.common.mx_6.10.0.202311202037
2024-01-01 08:55:49,916 [INFO] DbMcusXml:78 - Set database path to: C:\ST\STM32CubeIDE_1.11.2\STM32CubeIDE\plugins\com.st.stm32cube.common.mx_6.10.0.202311202037\\db\/mcu/
2024-01-01 08:55:49,916 [INFO] ApiDb:274 - Set plugin database path to: C:\ST\STM32CubeIDE_1.11.2\STM32CubeIDE\plugins\com.st.stm32cube.common.mx_6.10.0.202311202037\\db\/plugins/boardmanager/
2024-01-01 08:55:49,917 [WARN] ApiDb:259 - Overriding images path with different value:  => C:\ST\STM32CubeIDE_1.11.2\STM32CubeIDE\plugins\com.st.stm32cube.common.mx_6.10.0.202311202037\\db\/plugins/mcufinder/images/
2024-01-01 08:55:49,926 [INFO] ApiDb:250 - Set database path to: C:\Users\bakra\.stmcufinder\plugins\mcufinder//mcu/
2024-01-01 08:55:49,927 [INFO] DbMcusAds:125 - Set database path to: C:\Users\bakra\.stmcufinder\plugins\mcufinder//mcu/
2024-01-01 08:55:49,930 [INFO] CrossReferenceDbSqlite:203 - Set database path to: C:\Users\bakra\.stmcufinder\plugins\mcufinder//mcu/cs/
2024-01-01 08:55:50,034 [INFO] RulesReader:64 - Compatibility file has been processed (297 Rules)
2024-01-01 08:55:50,137 [INFO] DbMcusXml:78 - Set database path to: C:\ST\STM32CubeIDE_1.11.2\STM32CubeIDE\plugins\com.st.stm32cube.common.mx_6.10.0.202311202037\\db\/mcu/
2024-01-01 08:55:50,138 [INFO] ApiDb:274 - Set plugin database path to: C:\ST\STM32CubeIDE_1.11.2\STM32CubeIDE\plugins\com.st.stm32cube.common.mx_6.10.0.202311202037\\db\/plugins/boardmanager/
2024-01-01 08:55:50,138 [INFO] ApiDb:261 - Set plugin images path to: C:\ST\STM32CubeIDE_1.11.2\STM32CubeIDE\plugins\com.st.stm32cube.common.mx_6.10.0.202311202037\\db\/plugins/mcufinder/images/
2024-01-01 08:55:50,138 [WARN] DbFile:41 - Overriding database path with different value: C:\Users\bakra\.stmcufinder\plugins\mcufinder/ => C:\Users\bakra\.stmcufinder\plugins\mcufinder
2024-01-01 08:55:50,138 [INFO] ApiDb:250 - Set database path to: C:\Users\bakra\.stmcufinder\plugins\mcufinder//mcu/
2024-01-01 08:55:50,138 [WARN] DbFile:41 - Overriding database path with different value: C:\Users\bakra\.stmcufinder\plugins\mcufinder/ => C:\Users\bakra\.stmcufinder\plugins\mcufinder
2024-01-01 08:55:50,138 [INFO] DbMcusAds:125 - Set database path to: C:\Users\bakra\.stmcufinder\plugins\mcufinder//mcu/
2024-01-01 08:55:50,138 [WARN] DbFile:41 - Overriding database path with different value: C:\Users\bakra\.stmcufinder\plugins\mcufinder/ => C:\Users\bakra\.stmcufinder\plugins\mcufinder
2024-01-01 08:55:50,138 [WARN] DbFile:41 - Overriding database path with different value: C:\Users\bakra\.stmcufinder\plugins\mcufinder/ => C:\Users\bakra\.stmcufinder\plugins\mcufinder
2024-01-01 08:55:50,138 [INFO] CrossReferenceDbSqlite:203 - Set database path to: C:\Users\bakra\.stmcufinder\plugins\mcufinder//mcu/cs/
2024-01-01 08:55:50,208 [INFO] MainPanel:264 - HeapMemory: 268435456
2024-01-01 08:55:50,289 [INFO] DbMcusXml:78 - Set database path to: C:\ST\STM32CubeIDE_1.11.2\STM32CubeIDE\plugins\com.st.stm32cube.common.mx_6.10.0.202311202037\\db\/mcu/
2024-01-01 08:55:50,289 [INFO] ApiDb:274 - Set plugin database path to: C:\ST\STM32CubeIDE_1.11.2\STM32CubeIDE\plugins\com.st.stm32cube.common.mx_6.10.0.202311202037\\db\/plugins/boardmanager/
2024-01-01 08:55:50,289 [INFO] ApiDb:261 - Set plugin images path to: C:\ST\STM32CubeIDE_1.11.2\STM32CubeIDE\plugins\com.st.stm32cube.common.mx_6.10.0.202311202037\\db\/plugins/mcufinder/images/
2024-01-01 08:55:50,289 [WARN] DbFile:41 - Overriding database path with different value: C:\Users\bakra\.stmcufinder\plugins\mcufinder/ => C:\Users\bakra\.stmcufinder\plugins\mcufinder
2024-01-01 08:55:50,289 [INFO] ApiDb:250 - Set database path to: C:\Users\bakra\.stmcufinder\plugins\mcufinder//mcu/
2024-01-01 08:55:50,289 [WARN] DbFile:41 - Overriding database path with different value: C:\Users\bakra\.stmcufinder\plugins\mcufinder/ => C:\Users\bakra\.stmcufinder\plugins\mcufinder
2024-01-01 08:55:50,289 [INFO] DbMcusAds:125 - Set database path to: C:\Users\bakra\.stmcufinder\plugins\mcufinder//mcu/
2024-01-01 08:55:50,289 [WARN] DbFile:41 - Overriding database path with different value: C:\Users\bakra\.stmcufinder\plugins\mcufinder/ => C:\Users\bakra\.stmcufinder\plugins\mcufinder
2024-01-01 08:55:50,289 [WARN] DbFile:41 - Overriding database path with different value: C:\Users\bakra\.stmcufinder\plugins\mcufinder/ => C:\Users\bakra\.stmcufinder\plugins\mcufinder
2024-01-01 08:55:50,289 [INFO] CrossReferenceDbSqlite:203 - Set database path to: C:\Users\bakra\.stmcufinder\plugins\mcufinder//mcu/cs/
2024-01-01 08:55:50,306 [INFO] ApplicationProperties:184 - Using Application install path: C:\ST\STM32CubeIDE_1.11.2\STM32CubeIDE\plugins\com.st.stm32cube.common.mx_6.10.0.202311202037
2024-01-01 08:55:50,308 [INFO] PluginManage:196 - Search for loadable plugins [exclusion list=, ]
2024-01-01 08:55:50,309 [INFO] PluginManage:310 - Check plugin analytics
2024-01-01 08:55:50,426 [INFO] AnalyticsPlugin:253 - Accepted Software Licenses: 
2024-01-01 08:55:50,426 [INFO] AnalyticsPlugin:255 - Accepted CMSIS Pack Licenses: 
2024-01-01 08:55:50,426 [INFO] AnalyticsPlugin:257 - Accepted Firmware Licenses: 
2024-01-01 08:55:50,428 [INFO] PluginManage:359 - Loaded plugin analytics (category:tool,tabindex:-1)
2024-01-01 08:55:50,428 [INFO] PluginManage:310 - Check plugin cadmodel
2024-01-01 08:55:50,440 [INFO] CADModel:105 - Init CAD model plugin
2024-01-01 08:55:50,440 [INFO] PluginManage:359 - Loaded plugin cadmodel (category:power,tabindex:5)
2024-01-01 08:55:50,440 [INFO] PluginManage:310 - Check plugin clock
2024-01-01 08:55:50,457 [INFO] PluginManage:359 - Loaded plugin clock (category:base,tabindex:2)
2024-01-01 08:55:50,457 [INFO] PluginManage:310 - Check plugin ddr
2024-01-01 08:55:50,459 [INFO] PluginManage:359 - Loaded plugin ddr (category:tool,tabindex:6)
2024-01-01 08:55:50,459 [INFO] PluginManage:310 - Check plugin filemanager
2024-01-01 08:55:50,566 [INFO] PluginManage:359 - Loaded plugin filemanager (category:base,tabindex:10)
2024-01-01 08:55:50,566 [INFO] PluginManage:310 - Check plugin ipmanager
2024-01-01 08:55:50,573 [INFO] PluginManage:359 - Loaded plugin ipmanager (category:base,tabindex:5)
2024-01-01 08:55:50,573 [INFO] PluginManage:310 - Check plugin lpbam
2024-01-01 08:55:50,587 [INFO] PluginManage:359 - Loaded plugin lpbam (category:base,tabindex:0)
2024-01-01 08:55:50,587 [INFO] PluginManage:310 - Check plugin memorymap
2024-01-01 08:55:50,608 [INFO] PluginManage:359 - Loaded plugin memorymap (category:base,tabindex:4)
2024-01-01 08:55:50,608 [INFO] PluginManage:310 - Check plugin pinoutandconfiguration
2024-01-01 08:55:50,622 [INFO] PluginManage:359 - Loaded plugin pinoutandconfiguration (category:base,tabindex:1)
2024-01-01 08:55:50,622 [INFO] PluginManage:310 - Check plugin pinoutconfig
2024-01-01 08:55:50,700 [WARN] SupportedApi:132 - Cannot load RTOS API schema: s4s-elt-must-match.1: The content of 'definitions' must match (annotation?, (simpleType | complexType)?, (unique | key | keyref)*)). A problem was found starting at: attribute.
2024-01-01 08:55:50,802 [INFO] PluginManage:359 - Loaded plugin pinoutconfig (category:base,tabindex:0)
2024-01-01 08:55:50,802 [INFO] PluginManage:310 - Check plugin power
2024-01-01 08:55:50,818 [INFO] PluginManage:359 - Loaded plugin power (category:power,tabindex:4)
2024-01-01 08:55:50,818 [INFO] PluginManage:310 - Check plugin projectmanager
2024-01-01 08:55:50,831 [INFO] PluginManage:359 - Loaded plugin projectmanager (category:projectmanager,tabindex:3)
2024-01-01 08:55:50,831 [INFO] PluginManage:310 - Check plugin thirdparty
2024-01-01 08:55:51,049 [INFO] PluginManage:359 - Loaded plugin thirdparty (category:base,tabindex:-1)
2024-01-01 08:55:51,049 [WARN] IntegrityCheckThread:84 - waiting for thirdparty lock release [integrity check]
2024-01-01 08:55:51,049 [INFO] PluginManage:310 - Check plugin tools
2024-01-01 08:55:51,049 [INFO] IntegrityCheckThread:86 - entering critical section [integrity check]
2024-01-01 08:55:51,050 [INFO] ThirdPartyUpdaterWithRetryManager:70 - Updater plugin not ready yet. [1/15]
2024-01-01 08:55:51,072 [INFO] PluginManage:359 - Loaded plugin tools (category:base,tabindex:7)
2024-01-01 08:55:51,072 [INFO] PluginManage:310 - Check plugin tutovideos
2024-01-01 08:55:51,222 [INFO] PluginManage:359 - Loaded plugin tutovideos (category:base,tabindex:-1)
2024-01-01 08:55:51,222 [INFO] PluginManage:310 - Check plugin updater
2024-01-01 08:55:51,231 [INFO] PluginManage:359 - Loaded plugin updater (category:base,tabindex:12)
2024-01-01 08:55:51,231 [INFO] PluginManage:310 - Check plugin userauth
2024-01-01 08:55:51,236 [INFO] UserAuth:114 - Init User Auth plugin
2024-01-01 08:55:51,236 [INFO] PluginManage:359 - Loaded plugin userauth (category:base,tabindex:14)
2024-01-01 08:55:51,236 [INFO] PluginManage:283 - PluginManage : Loaded plugins [17]
2024-01-01 08:55:51,402 [INFO] PinOutPanel:1499 - setPackage(No Configuration,No Configuration)
2024-01-01 08:55:51,458 [INFO] CADModel:165 - CPN selected for project level
2024-01-01 08:55:51,459 [INFO] CADModel:114 - Register for checkConnection events
2024-01-01 08:55:51,480 [INFO] IPUIPlugin:80 - create IPUIPlugin
2024-01-01 08:55:51,480 [INFO] PluginManager:220 - loadIPPluginJar : add adc
2024-01-01 08:55:51,503 [INFO] IPUIPlugin:80 - create IPUIPlugin
2024-01-01 08:55:51,503 [INFO] PluginManager:220 - loadIPPluginJar : add aes
2024-01-01 08:55:51,530 [INFO] IPUIPlugin:80 - create IPUIPlugin
2024-01-01 08:55:51,531 [INFO] PluginManager:220 - loadIPPluginJar : add can
2024-01-01 08:55:51,545 [INFO] IPUIPlugin:80 - create IPUIPlugin
2024-01-01 08:55:51,545 [INFO] PluginManager:220 - loadIPPluginJar : add comp
2024-01-01 08:55:51,566 [INFO] IPUIPlugin:80 - create IPUIPlugin
2024-01-01 08:55:51,566 [INFO] PluginManager:220 - loadIPPluginJar : add cryp
2024-01-01 08:55:51,587 [INFO] IPUIPlugin:80 - create IPUIPlugin
2024-01-01 08:55:51,587 [INFO] PluginManager:220 - loadIPPluginJar : add dfsdm
2024-01-01 08:55:51,599 [INFO] IPUIPlugin:80 - create IPUIPlugin
2024-01-01 08:55:51,599 [INFO] PluginManager:220 - loadIPPluginJar : add dma
2024-01-01 08:55:51,627 [INFO] IPUIPlugin:80 - create IPUIPlugin
2024-01-01 08:55:51,627 [INFO] PluginManager:220 - loadIPPluginJar : add dma3
2024-01-01 08:55:51,641 [INFO] IPUIPlugin:80 - create IPUIPlugin
2024-01-01 08:55:51,641 [INFO] PluginManager:220 - loadIPPluginJar : add fatfs
2024-01-01 08:55:51,672 [INFO] IPUIPlugin:80 - create IPUIPlugin
2024-01-01 08:55:51,672 [INFO] PluginManager:220 - loadIPPluginJar : add fmc
2024-01-01 08:55:51,686 [INFO] IPUIPlugin:80 - create IPUIPlugin
2024-01-01 08:55:51,686 [INFO] PluginManager:220 - loadIPPluginJar : add freertos
2024-01-01 08:55:51,699 [INFO] IPUIPlugin:80 - create IPUIPlugin
2024-01-01 08:55:51,699 [INFO] PluginManager:220 - loadIPPluginJar : add genericplugin
2024-01-01 08:55:51,756 [INFO] IPUIPlugin:80 - create IPUIPlugin
2024-01-01 08:55:51,756 [INFO] PluginManager:220 - loadIPPluginJar : add gfxmmu
2024-01-01 08:55:51,837 [INFO] IPUIPlugin:80 - create IPUIPlugin
2024-01-01 08:55:51,838 [INFO] PluginManager:220 - loadIPPluginJar : add gic
2024-01-01 08:55:51,847 [INFO] IPUIPlugin:80 - create IPUIPlugin
2024-01-01 08:55:51,847 [INFO] PluginManager:220 - loadIPPluginJar : add gpio
2024-01-01 08:55:51,907 [INFO] IPUIPlugin:80 - create IPUIPlugin
2024-01-01 08:55:51,907 [INFO] PluginManager:220 - loadIPPluginJar : add gtzc
2024-01-01 08:55:51,929 [INFO] IPUIPlugin:80 - create IPUIPlugin
2024-01-01 08:55:51,929 [INFO] PluginManager:220 - loadIPPluginJar : add hash
2024-01-01 08:55:51,961 [INFO] IPUIPlugin:80 - create IPUIPlugin
2024-01-01 08:55:51,962 [INFO] PluginManager:220 - loadIPPluginJar : add i2c
2024-01-01 08:55:51,987 [INFO] IPUIPlugin:80 - create IPUIPlugin
2024-01-01 08:55:51,987 [INFO] PluginManager:220 - loadIPPluginJar : add i2s
2024-01-01 08:55:52,014 [INFO] IPUIPlugin:80 - create IPUIPlugin
2024-01-01 08:55:52,014 [INFO] PluginManager:220 - loadIPPluginJar : add i3c
2024-01-01 08:55:52,091 [INFO] IPUIPlugin:80 - create IPUIPlugin
2024-01-01 08:55:52,091 [INFO] PluginManager:220 - loadIPPluginJar : add ipddr
2024-01-01 08:55:52,155 [INFO] IPUIPlugin:80 - create IPUIPlugin
2024-01-01 08:55:52,155 [INFO] PluginManager:220 - loadIPPluginJar : add linkedlist
2024-01-01 08:55:52,179 [INFO] IPUIPlugin:80 - create IPUIPlugin
2024-01-01 08:55:52,180 [INFO] PluginManager:220 - loadIPPluginJar : add lorawan
2024-01-01 08:55:52,207 [INFO] IPUIPlugin:80 - create IPUIPlugin
2024-01-01 08:55:52,207 [INFO] PluginManager:220 - loadIPPluginJar : add ltdc
2024-01-01 08:55:52,217 [INFO] IPUIPlugin:80 - create IPUIPlugin
2024-01-01 08:55:52,218 [INFO] PluginManager:220 - loadIPPluginJar : add mdma
2024-01-01 08:55:52,227 [INFO] IPUIPlugin:80 - create IPUIPlugin
2024-01-01 08:55:52,227 [INFO] PluginManager:220 - loadIPPluginJar : add nvic
2024-01-01 08:55:52,252 [INFO] IPUIPlugin:80 - create IPUIPlugin
2024-01-01 08:55:52,253 [INFO] PluginManager:220 - loadIPPluginJar : add opamp
2024-01-01 08:55:52,293 [INFO] IPUIPlugin:80 - create IPUIPlugin
2024-01-01 08:55:52,294 [INFO] PluginManager:220 - loadIPPluginJar : add openamp
2024-01-01 08:55:52,322 [INFO] IPUIPlugin:80 - create IPUIPlugin
2024-01-01 08:55:52,322 [INFO] PluginManager:220 - loadIPPluginJar : add pdm2pcm
2024-01-01 08:55:52,333 [INFO] IPUIPlugin:80 - create IPUIPlugin
2024-01-01 08:55:52,335 [INFO] PluginManager:220 - loadIPPluginJar : add plateformsettings
2024-01-01 08:55:52,351 [INFO] IPUIPlugin:80 - create IPUIPlugin
2024-01-01 08:55:52,351 [INFO] PluginManager:220 - loadIPPluginJar : add quadspi
2024-01-01 08:55:52,361 [INFO] IPUIPlugin:80 - create IPUIPlugin
2024-01-01 08:55:52,361 [INFO] PluginManager:220 - loadIPPluginJar : add resmgrutility
2024-01-01 08:55:52,396 [INFO] IPUIPlugin:80 - create IPUIPlugin
2024-01-01 08:55:52,396 [INFO] PluginManager:220 - loadIPPluginJar : add sai
2024-01-01 08:55:52,422 [INFO] IPUIPlugin:80 - create IPUIPlugin
2024-01-01 08:55:52,422 [INFO] PluginManager:220 - loadIPPluginJar : add spi
2024-01-01 08:55:52,476 [INFO] IPUIPlugin:80 - create IPUIPlugin
2024-01-01 08:55:52,476 [INFO] PluginManager:220 - loadIPPluginJar : add stm32_wpan
2024-01-01 08:55:52,494 [INFO] IPUIPlugin:80 - create IPUIPlugin
2024-01-01 08:55:52,495 [INFO] PluginManager:220 - loadIPPluginJar : add tim
2024-01-01 08:55:52,542 [INFO] IPUIPlugin:80 - create IPUIPlugin
2024-01-01 08:55:52,542 [INFO] PluginManager:220 - loadIPPluginJar : add touchsensing
2024-01-01 08:55:52,561 [INFO] IPUIPlugin:80 - create IPUIPlugin
2024-01-01 08:55:52,561 [INFO] PluginManager:220 - loadIPPluginJar : add tracer_emb
2024-01-01 08:55:52,579 [INFO] IPUIPlugin:80 - create IPUIPlugin
2024-01-01 08:55:52,579 [INFO] PluginManager:220 - loadIPPluginJar : add ts
2024-01-01 08:55:52,595 [INFO] IPUIPlugin:80 - create IPUIPlugin
2024-01-01 08:55:52,595 [INFO] PluginManager:220 - loadIPPluginJar : add tsc
2024-01-01 08:55:52,611 [INFO] IPUIPlugin:80 - create IPUIPlugin
2024-01-01 08:55:52,611 [INFO] PluginManager:220 - loadIPPluginJar : add ucpd
2024-01-01 08:55:52,642 [INFO] IPUIPlugin:80 - create IPUIPlugin
2024-01-01 08:55:52,642 [INFO] PluginManager:220 - loadIPPluginJar : add usart
2024-01-01 08:55:52,673 [INFO] IPUIPlugin:80 - create IPUIPlugin
2024-01-01 08:55:52,674 [INFO] PluginManager:220 - loadIPPluginJar : add usbx
2024-01-01 08:55:52,787 [INFO] CADModel:165 - CPN selected for project level
2024-01-01 08:55:52,788 [INFO] CADModel:114 - Register for checkConnection events
2024-01-01 08:55:52,788 [FATAL] Updater:308 - Updater called before beeing initialized
2024-01-01 08:55:52,788 [ERROR] CADModel:125 - Updater not yet initialized, retry later 
2024-01-01 08:55:52,907 [INFO] CADModel:165 - CPN selected for project level
2024-01-01 08:55:52,907 [INFO] CADModel:114 - Register for checkConnection events
2024-01-01 08:55:52,907 [FATAL] Updater:308 - Updater called before beeing initialized
2024-01-01 08:55:52,907 [ERROR] CADModel:125 - Updater not yet initialized, retry later 
2024-01-01 08:55:52,910 [FATAL] Updater:308 - Updater called before beeing initialized
2024-01-01 08:55:53,014 [FATAL] Updater:308 - Updater called before beeing initialized
2024-01-01 08:55:53,023 [INFO] DbMcusAds:53 - JSON generation date=Wed Nov 29 05:52:27 EST 2023 (1701255147349)
2024-01-01 08:55:53,023 [FATAL] Updater:308 - Updater called before beeing initialized
2024-01-01 08:55:53,088 [WARN] DetailPanel:346 - Failed to get advertising image, set to default
2024-01-01 08:55:53,164 [FATAL] Updater:308 - Updater called before beeing initialized
2024-01-01 08:55:53,166 [FATAL] Updater:308 - Updater called before beeing initialized
2024-01-01 08:55:53,166 [FATAL] Updater:308 - Updater called before beeing initialized
2024-01-01 08:55:53,166 [WARN] DetailPanel:346 - Failed to get advertising image, set to default
2024-01-01 08:55:53,167 [FATAL] Updater:308 - Updater called before beeing initialized
2024-01-01 08:55:53,216 [ERROR] Updater:1120 - MainUpdater not yet initialized. External WinMGr cannot be set.
2024-01-01 08:55:53,226 [INFO] Updater:1056 - Updater Version found : 6.10.0
2024-01-01 08:55:53,244 [INFO] ApplicationProperties:184 - Using Application install path: C:\ST\STM32CubeIDE_1.11.2\STM32CubeIDE\plugins\com.st.stm32cube.common.mx_6.10.0.202311202037
2024-01-01 08:55:54,051 [INFO] ThirdPartyUpdaterWithRetryManager:70 - Updater plugin not ready yet. [2/15]
2024-01-01 08:55:54,820 [ERROR] LogOutputStream:75 - [STDERR_REDIRECT] Jan 01, 2024 8:55:54 AM java.util.prefs.WindowsPreferences <init>
2024-01-01 08:55:54,821 [ERROR] LogOutputStream:75 - [STDERR_REDIRECT] WARNING: Could not open/create prefs root node Software\JavaSoft\Prefs at root 0xffffffff80000002. Windows RegCreateKeyEx(...) returned error code 5.
2024-01-01 08:55:54,822 [ERROR] LogOutputStream:75 - [STDERR_REDIRECT] 
2024-01-01 08:55:55,725 [INFO] MainUpdater:2873 - connection check result : 10
2024-01-01 08:55:55,725 [INFO] MainUpdater:3567 - Updater definition file requires update
2024-01-01 08:55:55,725 [INFO] MainUpdater:290 - Updater Check For Update Now.
2024-01-01 08:55:55,726 [INFO] MicroXplorer:498 - Change Database Version : DB.6.0.100
2024-01-01 08:55:55,740 [INFO] McuFinderGlobals:63 - Set McuFinder mode to 2 (CubeIDE integrated)
2024-01-01 08:55:55,748 [INFO] UserAuth:404 - Internet connection configuration mode: 1
2024-01-01 08:55:55,765 [INFO] JxBrowserEngine:152 - Initiate JxBrowser Engine with user profile folder
2024-01-01 08:55:56,506 [INFO] McuFinderGlobals:63 - Set McuFinder mode to 2 (CubeIDE integrated)
2024-01-01 08:55:56,585 [INFO] ServerAccessManage:473 - Download File updaters.zip
2024-01-01 08:55:56,694 [INFO] FileExtend:240 - Unzip File : updaters.zip
2024-01-01 08:55:56,694 [INFO] FileExtend:255 - Standard Zip Deflate
2024-01-01 08:55:57,053 [WARN] MainUpdater:1194 - Updater busy. Cannot search thirdparties
2024-01-01 08:55:57,054 [INFO] ThirdPartyUpdaterWithRetryManager:96 - Updater plugin is busy. [1/15]
2024-01-01 08:55:57,436 [INFO] ServerAccessManage:473 - Download File PacksControlFlags.xml
2024-01-01 08:55:57,849 [INFO] ServerAccessManage:473 - Download File cubemx.pidx
2024-01-01 08:55:57,925 [INFO] LoadServerUpdatesThread:375 - End of LoadServerUpdate Thread
2024-01-01 08:55:58,088 [INFO] CheckServerUpdateThread:120 - End of CheckServer Thread
2024-01-01 08:55:58,133 [INFO] MainUpdater:2873 - connection check result : 10
2024-01-01 08:55:58,176 [INFO] MainUpdater:2873 - connection check result : 10
2024-01-01 08:55:58,408 [INFO] MicroXplorer:468 - Change Database Path : 
2024-01-01 08:55:58,409 [INFO] MicroXplorer:498 - Change Database Version : DB.6.0.100
2024-01-01 08:55:58,414 [WARN] ThirdParty:871 - waiting for thirdparty lock release [close project]
2024-01-01 08:55:58,542 [INFO] WebApp:161 - Instantiating new browser for Auth
2024-01-01 08:55:59,206 [INFO] WebApp:780 - Register for checkConnection events
2024-01-01 08:55:59,206 [INFO] WebApp:414 - Apply proxy settings
2024-01-01 08:55:59,207 [INFO] WebApp:499 - Chromium requires no authentication
2024-01-01 08:55:59,215 [INFO] WebApp:442 - Direct internet connection detected
2024-01-01 08:55:59,442 [INFO] WebApp:192 - Starting web application
2024-01-01 08:55:59,442 [INFO] WebApp:544 - Web application path used C:\ST\STM32CubeIDE_1.11.2\STM32CubeIDE\plugins\com.st.stm32cube.common.mx_6.10.0.202311202037\db\plugins\mcufinder\reactClient1\index.html
2024-01-01 08:56:00,206 [WARN] PackLoader:240 - Cannot read IP mode file for STMicroelectronics.X-CUBE-SMBUS.2.1.0
2024-01-01 08:56:00,217 [WARN] PackLoader:240 - Cannot read IP mode file for STMicroelectronics.X-CUBE-TOUCHGFX.4.23.0
2024-01-01 08:56:00,257 [WARN] PackLoader:240 - Cannot read IP mode file for STMicroelectronics.X-CUBE-AZRTOS-F7.1.1.0
2024-01-01 08:56:00,272 [ERROR] RealEvaluatedCondition:428 - Found unsupported composite condition: GROUP='STM32_MetaDataManager' CLASS='Data Exchange'
2024-01-01 08:56:00,273 [ERROR] RealEvaluatedCondition:428 - Found unsupported composite condition: GROUP='STM32_MetaDataManager' CLASS='Data Exchange'
2024-01-01 08:56:00,274 [WARN] PackLoader:240 - Cannot read IP mode file for STMicroelectronics.FP-SNS-MOTENV1.4.3.0
2024-01-01 08:56:00,289 [WARN] PackLoader:240 - Cannot read IP mode file for STMicroelectronics.FP-SNS-MOTENV1.4.3.2
2024-01-01 08:56:00,301 [WARN] PackLoader:240 - Cannot read IP mode file for STMicroelectronics.FP-SNS-FLIGHT1.5.0.0
2024-01-01 08:56:00,311 [ERROR] RealEvaluatedCondition:428 - Found unsupported composite condition: GROUP='STM32_MetaDataManager' CLASS='Data Exchange'
2024-01-01 08:56:00,311 [ERROR] RealEvaluatedCondition:428 - Found unsupported composite condition: GROUP='STM32_MetaDataManager' CLASS='Data Exchange'
2024-01-01 08:56:00,314 [WARN] PackLoader:240 - Cannot read IP mode file for STMicroelectronics.FP-SNS-MOTENV1.4.3.1
2024-01-01 08:56:00,327 [WARN] PackLoader:240 - Cannot read IP mode file for STMicroelectronics.FP-SNS-FLIGHT1.5.0.1
2024-01-01 08:56:00,341 [WARN] PackLoader:240 - Cannot read IP mode file for STMicroelectronics.X-CUBE-BLE1.6.2.4
2024-01-01 08:56:00,351 [WARN] PackLoader:240 - Cannot read IP mode file for STMicroelectronics.FP-SNS-FLIGHT1.5.0.2
2024-01-01 08:56:00,365 [WARN] PackLoader:240 - Cannot read IP mode file for STMicroelectronics.X-CUBE-DISPLAY.3.0.0
2024-01-01 08:56:00,382 [WARN] PackLoader:240 - Cannot read IP mode file for STMicroelectronics.X-CUBE-BLE1.7.0.0
2024-01-01 08:56:00,392 [WARN] PackLoader:240 - Cannot read IP mode file for STMicroelectronics.X-CUBE-TOUCHGFX.4.22.0
2024-01-01 08:56:00,402 [WARN] PackLoader:240 - Cannot read IP mode file for STMicroelectronics.X-CUBE-TOUCHGFX.4.22.1
2024-01-01 08:56:00,413 [WARN] PackLoader:240 - Cannot read IP mode file for STMicroelectronics.FP-SNS-SMARTAG2.1.2.0
2024-01-01 08:56:00,433 [INFO] LogOutputStream:77 - [STDOUT_REDIRECT] 1 : Invalid condition id : UX_CORESTACK_Condition cause : null
2024-01-01 08:56:00,434 [INFO] LogOutputStream:77 - [STDOUT_REDIRECT] 1 : Invalid condition id : UX_CORESTACK_Condition cause : null
2024-01-01 08:56:00,434 [INFO] LogOutputStream:77 - [STDOUT_REDIRECT] 1 : Invalid condition id : UX_CORESTACK_Condition cause : null
2024-01-01 08:56:00,435 [INFO] LogOutputStream:77 - [STDOUT_REDIRECT] 1 : Invalid condition id : UX_CORESTACK_Condition cause : null
2024-01-01 08:56:00,436 [INFO] LogOutputStream:77 - [STDOUT_REDIRECT] 1 : Invalid condition id : UX_CORESTACK_Condition cause : null
2024-01-01 08:56:00,443 [WARN] PackLoader:240 - Cannot read IP mode file for STMicroelectronics.X-CUBE-AZRTOS-WL.2.0.0
2024-01-01 08:56:00,460 [WARN] PackLoader:240 - Cannot read IP mode file for WES.I-CUBE-Cesium.1.3.0
2024-01-01 08:56:00,474 [WARN] PackLoader:240 - Cannot read IP mode file for STMicroelectronics.X-CUBE-BLE2.3.3.0
2024-01-01 08:56:00,499 [WARN] PackLoader:240 - Cannot read IP mode file for STMicroelectronics.X-CUBE-TOF1.3.2.0
2024-01-01 08:56:00,522 [WARN] PackLoader:240 - Cannot read IP mode file for STMicroelectronics.X-CUBE-TOUCHGFX.4.21.1
2024-01-01 08:56:00,532 [WARN] PackLoader:240 - Cannot read IP mode file for STMicroelectronics.X-CUBE-TOUCHGFX.4.21.3
2024-01-01 08:56:00,543 [WARN] PackLoader:240 - Cannot read IP mode file for STMicroelectronics.X-CUBE-TOUCHGFX.4.21.4
2024-01-01 08:56:00,561 [WARN] PackLoader:240 - Cannot read IP mode file for STMicroelectronics.X-CUBE-ALGOBUILD.1.3.0
2024-01-01 08:56:00,596 [WARN] PackLoader:240 - Cannot read IP mode file for STMicroelectronics.X-CUBE-AZRTOS-G0.1.1.0
2024-01-01 08:56:00,614 [WARN] PackLoader:240 - Cannot read IP mode file for STMicroelectronics.X-CUBE-NFC4.3.0.0
2024-01-01 08:56:00,636 [WARN] PackLoader:240 - Cannot read IP mode file for STMicroelectronics.X-CUBE-BLEMGR.3.0.0
2024-01-01 08:56:00,662 [WARN] PackLoader:240 - Cannot read IP mode file for STMicroelectronics.X-CUBE-BLEMGR.1.3.0
2024-01-01 08:56:00,679 [WARN] PackLoader:240 - Cannot read IP mode file for STMicroelectronics.FP-ATR-SIGFOX1.3.2.0
2024-01-01 08:56:00,763 [WARN] PackLoader:240 - Cannot read IP mode file for STMicroelectronics.X-CUBE-MEMS1.9.5.0
2024-01-01 08:56:00,882 [WARN] PackLoader:240 - Cannot read IP mode file for SEGGER.I-CUBE-embOS.1.3.1
2024-01-01 08:56:00,926 [WARN] PackLoader:240 - Cannot read IP mode file for STMicroelectronics.X-CUBE-GNSS1.6.0.0
2024-01-01 08:56:00,954 [WARN] PackLoader:240 - Cannot read IP mode file for STMicroelectronics.X-CUBE-AZRTOS-F4.1.1.0
2024-01-01 08:56:00,985 [WARN] PackLoader:240 - Cannot read IP mode file for STMicroelectronics.X-CUBE-AZRTOS-L5.2.0.0
2024-01-01 08:56:01,028 [WARN] PackLoader:240 - Cannot read IP mode file for STMicroelectronics.X-CUBE-MEMS1.9.6.0
2024-01-01 08:56:01,143 [WARN] PackLoader:240 - Cannot read IP mode file for STMicroelectronics.X-CUBE-EEPRMA1.4.2.0
2024-01-01 08:56:01,158 [WARN] PackLoader:240 - Cannot read IP mode file for ITTIA_DB.I-CUBE-ITTIADB.8.8.0
2024-01-01 08:56:01,172 [WARN] PackLoader:240 - Cannot read IP mode file for emotas.I-CUBE-CANOPEN.1.1.3
2024-01-01 08:56:01,185 [WARN] PackLoader:240 - Cannot read IP mode file for STMicroelectronics.X-CUBE-BLEMGR.2.0.0
2024-01-01 08:56:01,211 [WARN] ConditionMgr:438 - getConditionDescription Invalid condition id : UX DEVICE CLASS RTOS Condition cause : null
2024-01-01 08:56:01,211 [WARN] ConditionMgr:438 - getConditionDescription Invalid condition id : UX DEVICE CLASS RTOS Condition cause : null
2024-01-01 08:56:01,212 [WARN] PackLoader:240 - Cannot read IP mode file for STMicroelectronics.X-CUBE-AZRTOS-H7.3.1.0
2024-01-01 08:56:01,214 [WARN] ConditionMgr:1039 - genDependencies : Invalid condition id : UX DEVICE CLASS RTOS Condition cause : null
2024-01-01 08:56:01,214 [WARN] ConditionMgr:1039 - genDependencies : Invalid condition id : UX DEVICE CLASS RTOS Condition cause : null
2024-01-01 08:56:01,215 [WARN] ConditionMgr:1039 - genDependencies : Invalid condition id : UX DEVICE CLASS RTOS Condition cause : null
2024-01-01 08:56:01,215 [WARN] ConditionMgr:1039 - genDependencies : Invalid condition id : UX DEVICE CLASS RTOS Condition cause : null
2024-01-01 08:56:01,215 [WARN] ConditionMgr:1039 - genDependencies : Invalid condition id : UX DEVICE CLASS RTOS Condition cause : null
2024-01-01 08:56:01,230 [WARN] PackLoader:240 - Cannot read IP mode file for wolfSSL.I-CUBE-wolfSSL.5.5.4
2024-01-01 08:56:01,246 [WARN] PackLoader:240 - Cannot read IP mode file for STMicroelectronics.X-CUBE-NFC7.1.0.1
2024-01-01 08:56:01,262 [WARN] PackLoader:240 - Cannot read IP mode file for STMicroelectronics.X-CUBE-NFC7.1.0.0
2024-01-01 08:56:01,281 [WARN] PackLoader:240 - Cannot read IP mode file for STMicroelectronics.X-CUBE-NFC6.3.0.0
2024-01-01 08:56:01,296 [WARN] PackLoader:240 - Cannot read IP mode file for STMicroelectronics.X-CUBE-EEPRMA1.4.1.0
2024-01-01 08:56:01,308 [WARN] PackLoader:240 - Cannot read IP mode file for STMicroelectronics.X-CUBE-AI.8.1.0
2024-01-01 08:56:01,336 [WARN] ConditionMgr:438 - getConditionDescription Invalid condition id : LAN8742 Phy interface Condition cause : null
2024-01-01 08:56:01,336 [WARN] PackLoader:240 - Cannot read IP mode file for STMicroelectronics.X-CUBE-AZRTOS-L4.2.0.0
2024-01-01 08:56:01,337 [WARN] ConditionMgr:1039 - genDependencies : Invalid condition id : LAN8742 Phy interface Condition cause : null
2024-01-01 08:56:01,339 [WARN] ConditionMgr:1039 - genDependencies : Invalid condition id : LAN8742 Phy interface Condition cause : null
2024-01-01 08:56:01,339 [WARN] ConditionMgr:1039 - genDependencies : Invalid condition id : LAN8742 Phy interface Condition cause : null
2024-01-01 08:56:01,352 [WARN] PackLoader:240 - Cannot read IP mode file for STMicroelectronics.X-CUBE-SFXS2LP1.4.0.0
2024-01-01 08:56:01,380 [WARN] PackLoader:240 - Cannot read IP mode file for STMicroelectronics.X-CUBE-AZRTOS-H7.3.0.0
2024-01-01 08:56:01,396 [WARN] PackLoader:240 - Cannot read IP mode file for STMicroelectronics.X-CUBE-ISPU.1.1.0
2024-01-01 08:56:01,411 [WARN] PackLoader:240 - Cannot read IP mode file for RoweBots.I-CUBE-UNISONRTOS.5.5.0-4
2024-01-01 08:56:01,426 [WARN] PackLoader:240 - Cannot read IP mode file for STMicroelectronics.X-CUBE-AI.8.0.0
2024-01-01 08:56:01,447 [WARN] ConditionMgr:438 - getConditionDescription Invalid condition id : UX DEVICE CLASS RTOS Condition cause : null
2024-01-01 08:56:01,447 [WARN] ConditionMgr:438 - getConditionDescription Invalid condition id : UX DEVICE CLASS RTOS Condition cause : null
2024-01-01 08:56:01,448 [WARN] PackLoader:240 - Cannot read IP mode file for STMicroelectronics.X-CUBE-AZRTOS-WB.2.0.0
2024-01-01 08:56:01,448 [WARN] ConditionMgr:1039 - genDependencies : Invalid condition id : UX DEVICE CLASS RTOS Condition cause : null
2024-01-01 08:56:01,448 [WARN] ConditionMgr:1039 - genDependencies : Invalid condition id : UX DEVICE CLASS RTOS Condition cause : null
2024-01-01 08:56:01,449 [WARN] ConditionMgr:1039 - genDependencies : Invalid condition id : UX DEVICE CLASS RTOS Condition cause : null
2024-01-01 08:56:01,449 [WARN] ConditionMgr:1039 - genDependencies : Invalid condition id : UX DEVICE CLASS RTOS Condition cause : null
2024-01-01 08:56:01,449 [WARN] ConditionMgr:1039 - genDependencies : Invalid condition id : UX DEVICE CLASS RTOS Condition cause : null
2024-01-01 08:56:01,462 [WARN] PackLoader:240 - Cannot read IP mode file for STMicroelectronics.X-CUBE-FREERTOS.1.0.0
2024-01-01 08:56:01,474 [WARN] PackLoader:240 - Cannot read IP mode file for STMicroelectronics.X-CUBE-FREERTOS.1.0.1
2024-01-01 08:56:01,493 [WARN] PackLoader:240 - Cannot read IP mode file for STMicroelectronics.X-CUBE-AZRTOS-L5.1.1.0
2024-01-01 08:56:01,507 [WARN] PackLoader:240 - Cannot read IP mode file for STMicroelectronics.X-CUBE-AI.8.0.1
2024-01-01 08:56:01,526 [WARN] PackLoader:240 - Cannot read IP mode file for STMicroelectronics.X-CUBE-SUBG2.5.0.0
2024-01-01 08:56:01,546 [WARN] PackLoader:240 - Cannot read IP mode file for STMicroelectronics.X-CUBE-TOF1.3.3.1
2024-01-01 08:56:01,574 [WARN] PackLoader:240 - Cannot read IP mode file for STMicroelectronics.X-CUBE-AZRTOS-G4.2.0.0
2024-01-01 08:56:01,598 [WARN] PackLoader:240 - Cannot read IP mode file for STMicroelectronics.X-CUBE-TOF1.3.3.0
2024-01-01 08:56:01,618 [WARN] PackLoader:240 - Cannot read IP mode file for STMicroelectronics.FP-ATR-ASTRA1.1.1.1
2024-01-01 08:56:01,639 [WARN] PackLoader:240 - Cannot read IP mode file for Infineon.AIROC-Wi-Fi-Bluetooth-STM32.1.5.1
2024-01-01 08:56:01,654 [WARN] PackLoader:240 - Cannot read IP mode file for STMicroelectronics.FP-SNS-MOTENVWB1.1.3.0
2024-01-01 08:56:01,666 [WARN] PackLoader:240 - Cannot read IP mode file for STMicroelectronics.FP-SNS-MOTENVWB1.1.3.1
2024-01-01 08:56:01,692 [WARN] PackLoader:240 - Cannot read IP mode file for STMicroelectronics.X-CUBE-AZRTOS-G4.1.0.0
2024-01-01 08:56:01,719 [WARN] PackLoader:240 - Cannot read IP mode file for STMicroelectronics.X-CUBE-AZRTOS-L4.1.0.0
2024-01-01 08:56:01,732 [WARN] PackLoader:240 - Cannot read IP mode file for STMicroelectronics.X-CUBE-ISPU.2.0.0
2024-01-01 08:56:01,773 [WARN] PackLoader:240 - Cannot read IP mode file for STMicroelectronics.X-CUBE-MEMS1.10.0.0
2024-01-01 08:56:01,887 [WARN] PackLoader:240 - Cannot read IP mode file for STMicroelectronics.X-CUBE-FREERTOS.1.1.0
2024-01-01 08:56:01,910 [WARN] PackLoader:240 - Cannot read IP mode file for STMicroelectronics.X-CUBE-AZRTOS-WL.1.0.0
2024-01-01 08:56:01,929 [WARN] PackLoader:240 - Cannot read IP mode file for portGmbH.I-Cube-SoM-uGOAL.1.1.0
2024-01-01 08:56:01,944 [WARN] PackLoader:240 - Cannot read IP mode file for STMicroelectronics.X-CUBE-ALS.1.0.1
2024-01-01 08:56:01,966 [WARN] PackLoader:240 - Cannot read IP mode file for STMicroelectronics.X-CUBE-AZRTOS-WB.1.1.0
2024-01-01 08:56:01,978 [WARN] PackLoader:240 - Cannot read IP mode file for STMicroelectronics.FP-ATR-ASTRA1.2.0.0
2024-01-01 08:56:01,995 [WARN] PackLoader:240 - Cannot read IP mode file for STMicroelectronics.X-CUBE-TOF1.3.4.0
2024-01-01 08:56:02,024 [WARN] PackLoader:240 - Cannot read IP mode file for STMicroelectronics.X-CUBE-AZRTOS-H7.3.2.0
2024-01-01 08:56:02,026 [INFO] ThirdParty:978 - Integrity check success = true
2024-01-01 08:56:02,026 [INFO] IntegrityCheckThread:100 - exiting critical section [integrity check]
2024-01-01 08:56:02,026 [INFO] IntegrityCheckThread:103 - End integrity checks thread
2024-01-01 08:56:02,026 [INFO] ThirdParty:873 - entering critical section [close project]
2024-01-01 08:56:02,027 [INFO] ThirdParty:883 - exiting critical section [close project]
2024-01-01 08:56:02,029 [INFO] PinOutPanel:1499 - setPackage(No Configuration,No Configuration)
2024-01-01 08:56:02,032 [INFO] UtilMem:75 - Begin LoadConfig() Used Memory: 202064696 Bytes (479199232)
2024-01-01 08:56:12,797 [INFO] MainUpdater:2873 - connection check result : 10
2024-01-01 08:56:12,797 [INFO] MainUpdater:2873 - connection check result : 10
2024-01-01 08:56:12,812 [INFO] MicroXplorer:468 - Change Database Path : 
2024-01-01 08:56:12,812 [INFO] MicroXplorer:498 - Change Database Version : DB.6.0.100
2024-01-01 08:56:12,812 [WARN] ThirdParty:871 - waiting for thirdparty lock release [close project]
2024-01-01 08:56:12,812 [INFO] ThirdParty:873 - entering critical section [close project]
2024-01-01 08:56:12,812 [INFO] ThirdParty:883 - exiting critical section [close project]
2024-01-01 08:56:12,813 [INFO] PinOutPanel:1499 - setPackage(No Configuration,No Configuration)
2024-01-01 08:56:12,814 [INFO] UtilMem:75 - Begin LoadConfig() Used Memory: 287860264 Bytes (479199232)
2024-01-01 08:56:12,814 [INFO] MicroXplorer:468 - Change Database Path : 
2024-01-01 08:56:12,814 [INFO] MicroXplorer:498 - Change Database Version : DB.6.0.100
2024-01-01 08:56:12,814 [INFO] OpenFileManager:312 - Change cursor
2024-01-01 08:56:12,841 [INFO] Mcu:2016 - Initializing MCU STM32F103C(8-B)Tx STM32F103C8Tx STM32F103C8T6
2024-01-01 08:56:13,573 [INFO] Context:659 - Trying to add GPIOservice into a context  which must be forbidden
2024-01-01 08:56:13,871 [INFO] RtosManager:555 - Registered RTOS mode: class=CMSIS, group=RTOS, mode=CMSIS_V1, owner=FREERTOS
2024-01-01 08:56:13,871 [INFO] RtosManager:555 - Registered RTOS mode: class=CMSIS, group=RTOS2, mode=CMSIS_V2, owner=FREERTOS
2024-01-01 08:56:13,871 [INFO] RtosManager:555 - Registered RTOS mode: class=RTOS, group=Core, mode=CMSIS_V1, owner=FREERTOS
2024-01-01 08:56:13,871 [INFO] RtosManager:555 - Registered RTOS mode: class=RTOS, group=Core, mode=CMSIS_V2, owner=FREERTOS
2024-01-01 08:56:13,872 [WARN] ModelIntegratedComponent:184 - Missing modes for component STMicroelectronics:FreeRTOS:0.0.1:STMicroelectronics:RTOS:FreeRTOS:Core:::10.2.0:
2024-01-01 08:56:13,882 [WARN] ModelIntegratedComponent:63 - No mode defined for component null
2024-01-01 08:56:13,882 [WARN] ModelIntegratedComponent:63 - No mode defined for component null
2024-01-01 08:56:13,884 [WARN] ModelIntegratedComponent:63 - No mode defined for component null
2024-01-01 08:56:13,884 [WARN] ModelIntegratedComponent:63 - No mode defined for component null
2024-01-01 08:56:13,884 [WARN] ModelIntegratedComponent:63 - No mode defined for component null
2024-01-01 08:56:13,884 [WARN] ModelIntegratedComponent:63 - No mode defined for component null
2024-01-01 08:56:13,884 [WARN] ModelIntegratedComponent:63 - No mode defined for component null
2024-01-01 08:56:13,884 [WARN] ModelIntegratedComponent:63 - No mode defined for component null
2024-01-01 08:56:13,884 [WARN] ModelIntegratedComponent:63 - No mode defined for component null
2024-01-01 08:56:13,884 [WARN] ModelIntegratedComponent:63 - No mode defined for component null
2024-01-01 08:56:13,884 [WARN] ModelIntegratedComponent:63 - No mode defined for component null
2024-01-01 08:56:13,884 [WARN] ModelIntegratedComponent:63 - No mode defined for component null
2024-01-01 08:56:13,884 [WARN] ModelIntegratedComponent:63 - No mode defined for component null
2024-01-01 08:56:13,884 [WARN] ModelIntegratedComponent:63 - No mode defined for component null
2024-01-01 08:56:13,884 [WARN] ModelIntegratedComponent:63 - No mode defined for component null
2024-01-01 08:56:13,884 [WARN] ModelIntegratedComponent:63 - No mode defined for component null
2024-01-01 08:56:13,884 [WARN] ModelIntegratedComponent:63 - No mode defined for component null
2024-01-01 08:56:13,884 [WARN] ModelIntegratedComponent:63 - No mode defined for component null
2024-01-01 08:56:13,884 [WARN] ModelIntegratedComponent:63 - No mode defined for component null
2024-01-01 08:56:13,884 [WARN] ModelIntegratedComponent:63 - No mode defined for component null
2024-01-01 08:56:13,884 [WARN] ModelIntegratedComponent:63 - No mode defined for component null
2024-01-01 08:56:13,884 [WARN] ModelIntegratedComponent:63 - No mode defined for component null
2024-01-01 08:56:13,884 [WARN] ModelIntegratedComponent:63 - No mode defined for component null
2024-01-01 08:56:13,884 [WARN] ModelIntegratedComponent:63 - No mode defined for component null
2024-01-01 08:56:13,884 [WARN] ModelIntegratedComponent:63 - No mode defined for component null
2024-01-01 08:56:13,884 [WARN] ModelIntegratedComponent:63 - No mode defined for component null
2024-01-01 08:56:13,884 [WARN] ModelIntegratedComponent:63 - No mode defined for component null
2024-01-01 08:56:13,884 [WARN] ModelIntegratedComponent:63 - No mode defined for component null
2024-01-01 08:56:13,885 [WARN] ModelIntegratedComponent:63 - No mode defined for component null
2024-01-01 08:56:13,885 [WARN] ModelIntegratedComponent:63 - No mode defined for component null
2024-01-01 08:56:13,885 [WARN] ModelIntegratedComponent:63 - No mode defined for component null
2024-01-01 08:56:13,885 [WARN] ModelIntegratedComponent:63 - No mode defined for component null
2024-01-01 08:56:13,885 [WARN] ModelIntegratedComponent:63 - No mode defined for component null
2024-01-01 08:56:13,985 [INFO] ThirdPartyModel:298 - Start build external matchings
2024-01-01 08:56:14,729 [INFO] ThirdPartyModel:316 - End build external matchings
2024-01-01 08:56:14,889 [INFO] UtilMem:75 - End LoadConfig() Used Memory: 284086640 Bytes (479199232)
2024-01-01 08:56:14,969 [INFO] ApiDb:581 - Connected to CubeFinder SQLite database (C:\Users\bakra\.stmcufinder\plugins\mcufinder\mcu\cube-finder-db.db)
2024-01-01 08:56:15,034 [INFO] ApiDb:668 - CubeFinder database Data Model version=2.1
2024-01-01 08:56:15,034 [INFO] ApiDb:669 - CubeFinder database Configuration version=3.0.39
2024-01-01 08:56:15,034 [INFO] ApiDb:670 - CubeFinder database generation date=2023-12-08 (1702028721)
2024-01-01 08:56:15,034 [INFO] ApiDb:671 - CubeFinder database FW Pack versions=[FP-ATR-ASTRA1_V2.0.0, FP-SNS-FLIGHT1_V5.0.1, FP-SNS-FLIGHT1_V5.0.2, FP-SNS-MOTENV1_V4.3.1, FP-SNS-MOTENV1_V4.3.2, FP-SNS-MOTENVWB1_V1.3.1, FP-SNS-SMARTAG2_V1.2.0, STM32Cube_FW_C0_V1.1.0, STM32Cube_FW_F4_V1.28.0, STM32Cube_FW_F7_V1.17.0, STM32Cube_FW_G0_V1.6.1, STM32Cube_FW_G4_V1.5.1, STM32Cube_FW_H5_V0.5.1, STM32Cube_FW_H5_V1.1.1, STM32Cube_FW_H5_V1.2.0RC2, STM32Cube_FW_H7_V1.11.0, STM32Cube_FW_L0_V1.12.2, STM32Cube_FW_L5_V1.5.0, STM32Cube_FW_U5_V1.3.0RC4, STM32Cube_FW_U5_V1.4.0, STM32Cube_FW_WBA_V1.0.0RC1, STM32Cube_FW_WBA_V1.1.0RC1, STM32Cube_FW_WBA_V1.2.0, STM32Cube_FW_WBA_V1.2.0RC2, STM32Cube_FW_WB_V1.15.0RC1, STM32Cube_FW_WB_V1.16.0, STM32Cube_FW_WB_V1.16.0RC2, STM32Cube_FW_WB_V1.18.0, STM32Cube_FW_WL_V1.3.0, X-CUBE-ALGOBUILD_V1.3.0, X-CUBE-ALS_V1.0.1, X-CUBE-AZRTOS-F4_V1.1.0, X-CUBE-AZRTOS-F7_V1.1.0, X-CUBE-AZRTOS-G0_V1.1.0, X-CUBE-AZRTOS-G4_V2.0.0, X-CUBE-AZRTOS-H7_V3.1.0, X-CUBE-AZRTOS-L4_V1.0.0, X-CUBE-AZRTOS-L4_V2.0.0, X-CUBE-AZRTOS-L5_V1.1.0, X-CUBE-AZRTOS-WB_V2.0.0, X-CUBE-AZRTOS-WL_V2.0.0, X-CUBE-BLE1_V7.0.0, X-CUBE-BLE2_V3.3.0, X-CUBE-BLEMGR_V3.0.0, X-CUBE-EEPRMA1_V4.1.0, X-CUBE-EEPRMA1_V4.2.0, X-CUBE-FREERTOS_V1.1.0, X-CUBE-GNSS1_V6.0.0, X-CUBE-MEMS1_V10.0.0, X-CUBE-MEMS1_V9.1.0, X-CUBE-MEMS1_V9.4.0, X-CUBE-MEMS1_V9.6.0, X-CUBE-NFC4_V3.0.0, X-CUBE-NFC7_V1.0.1, X-CUBE-SFXS2LP1_V4.0.0, X-CUBE-SUBG2_V5.0.0, X-CUBE-TOF1_V3.4.0]
2024-01-01 08:56:17,173 [INFO] ApiDb:240 - Found 371 in-development CPN: [B-G473E-ZEST1S, B-WB1M-WPAN1, B-WL5M-SUBG1, NUCLEO-C031C6, NUCLEO-H503RB, NUCLEO-H563ZI, NUCLEO-U545RE-Q, NUCLEO-U5A5ZJ-Q, NUCLEO-WBA52CG, NUCLEO-WBA55CG, STEVAL-MKBOXPRO, STEVAL-PROTEUS1, STEVAL-STWINBX1, STM320518-EVAL, STM32C0116-DK, STM32C011D6Y3TR, STM32C011D6Y6TR, STM32C011F4P3, STM32C011F4P6, STM32C011F4U3, STM32C011F4U6TR, STM32C011F6P3, STM32C011F6P6, STM32C011F6U3, STM32C011F6U6TR, STM32C011J4M3, STM32C011J4M6, STM32C011J6M3, STM32C011J6M6, STM32C0316-DK, STM32C031C4T3, STM32C031C4T6, STM32C031C4U3, STM32C031C4U6, STM32C031C6T3, STM32C031C6T6, STM32C031C6U3, STM32C031C6U6, STM32C031F4P3, STM32C031F4P6, STM32C031F6P3, STM32C031F6P6, STM32C031G4U3, STM32C031G4U6, STM32C031G6U3, STM32C031G6U6, STM32C031K4T3, STM32C031K4T6, STM32C031K4U3, STM32C031K4U6, STM32C031K6T3, STM32C031K6T6, STM32C031K6U3, STM32C031K6U6, STM32G071K8TXN, STM32G071K8UXN, STM32G081GBU6N, STM32G081KBT6N, STM32G081KBUXN, STM32G0B1CCT6N, STM32G0B1KCT6, STM32G0B1NEY6TR, STM32G0B1RCT6N, STM32G0C1CCT6, STM32G0C1CCT6N, STM32G0C1CCU6N, STM32G0C1CET6N, STM32G0C1CEU6N, STM32G0C1KCT6, STM32G0C1NEY6TR, STM32G0C1RCI6N, STM32G0C1RCT6N, STM32G0C1REI6N, STM32G0C1RET6N, STM32G0C1VCI6, STM32G0C1VEI6, STM32G471CCT6, STM32G471CCU6, STM32G471CET3, STM32G471CET6, STM32G471CEU3, STM32G471CEU6, STM32G471MCT6, STM32G471MET3, STM32G471MET6, STM32G471MEY6TR, STM32G471QCT6, STM32G471QET3, STM32G471RCT6, STM32G471RET3, STM32G471RET6, STM32G471VCH6, STM32G471VCI6, STM32G471VCT6, STM32G471VEH3, STM32G471VEH6, STM32G471VEI3, STM32G471VEI6, STM32G471VET3, STM32G471VET6, STM32G474CCT6, STM32H503CBT6, STM32H503CBU6, STM32H503EBY6TR, STM32H503KBU6, STM32H503RBT6, STM32H562AGI6, STM32H562AII6, STM32H562IGK6, STM32H562IGT6, STM32H562IIK6, STM32H562IIT6, STM32H562RGT6, STM32H562RGV6, STM32H562RIT6, STM32H562RIV6, STM32H562VGT6, STM32H562VIT6, STM32H562ZGT6, STM32H562ZIT6, STM32H563AGI6, STM32H563AII3Q, STM32H563AII6, STM32H563IGK6, STM32H563IGT6, STM32H563IIK3Q, STM32H563IIK6, STM32H563IIT3Q, STM32H563IIT6, STM32H563MIY3QTR, STM32H563RGT6, STM32H563RGV6, STM32H563RIT6, STM32H563RIV6, STM32H563VGT6, STM32H563VIT3Q, STM32H563VIT6, STM32H563ZGT6, STM32H563ZIT3Q, STM32H563ZIT6, STM32H573AII3Q, STM32H573AII6, STM32H573I-DK, STM32H573IIK3Q, STM32H573IIK6, STM32H573IIT3Q, STM32H573IIT6, STM32H573MIY3QTR, STM32H573RIT6, STM32H573RIV6, STM32H573VIT3Q, STM32H573VIT6, STM32H573ZIT3Q, STM32H573ZIT6, STM32L4R5QGI6STR, STM32MP131AAE3, STM32MP131AAF3, STM32MP131AAG3, STM32MP131CAE3, STM32MP131CAF3, STM32MP131CAG3, STM32MP131DAE7, STM32MP131DAF7, STM32MP131DAG7, STM32MP131FAE7, STM32MP131FAF7, STM32MP131FAG7, STM32MP133AAE3, STM32MP133AAF3, STM32MP133AAG3, STM32MP133CAE3, STM32MP133CAF3, STM32MP133CAG3, STM32MP133DAE7, STM32MP133DAF7, STM32MP133DAG7, STM32MP133FAE7, STM32MP133FAF7, STM32MP133FAG7, STM32MP135AAE3, STM32MP135AAF3, STM32MP135AAG3, STM32MP135CAE3, STM32MP135CAF3, STM32MP135CAG3, STM32MP135DAE7, STM32MP135DAF7, STM32MP135DAG7, STM32MP135F-DK, STM32MP135FAE7, STM32MP135FAF7, STM32MP135FAF7T, STM32MP135FAF7U, STM32MP135FAG7, STM32U535CBT6, STM32U535CBT6Q, STM32U535CBU6, STM32U535CBU6Q, STM32U535CCT6, STM32U535CCT6Q, STM32U535CCU6, STM32U535CCU6Q, STM32U535CET6, STM32U535CET6Q, STM32U535CEU6, STM32U535CEU6Q, STM32U535JEY6QTR, STM32U535NCY6QTR, STM32U535NEY6QTR, STM32U535RBI6, STM32U535RBI6Q, STM32U535RBT6, STM32U535RBT6Q, STM32U535RCI6, STM32U535RCI6Q, STM32U535RCT6, STM32U535RCT6Q, STM32U535REI6, STM32U535REI6Q, STM32U535RET6, STM32U535RET6Q, STM32U535VCI6, STM32U535VCI6Q, STM32U535VCT6, STM32U535VCT6Q, STM32U535VEI6, STM32U535VEI6Q, STM32U535VET6, STM32U535VET6Q, STM32U545CET6, STM32U545CET6Q, STM32U545CEU6, STM32U545CEU6Q, STM32U545JEY6QTR, STM32U545NEY6QTR, STM32U545REI6, STM32U545REI6Q, STM32U545RET6, STM32U545RET6Q, STM32U545VEI6, STM32U545VEI6Q, STM32U545VET6, STM32U545VET6Q, STM32U595AIH6, STM32U595AIH6Q, STM32U595AJH6, STM32U595AJH6Q, STM32U595QII6, STM32U595QII6Q, STM32U595QJI6, STM32U595QJI6Q, STM32U595RIT6, STM32U595RIT6Q, STM32U595RJT6, STM32U595RJT6Q, STM32U595VIT6, STM32U595VIT6Q, STM32U595VJT6, STM32U595VJT6Q, STM32U595ZIT6, STM32U595ZIT6Q, STM32U595ZIY6QTR, STM32U595ZJT6, STM32U595ZJT6Q, STM32U595ZJY6QTR, STM32U599BJY6QTR, STM32U599NIH6Q, STM32U599NJH6Q, STM32U599VIT6Q, STM32U599VJT6, STM32U599VJT6Q, STM32U599ZIT6Q, STM32U599ZIY6QTR, STM32U599ZJT6Q, STM32U599ZJY6QTR, STM32U5A5AJH6, STM32U5A5AJH6Q, STM32U5A5QJI6, STM32U5A5QJI6Q, STM32U5A5RJT6, STM32U5A5RJT6Q, STM32U5A5VJT6, STM32U5A5VJT6Q, STM32U5A5ZJT6, STM32U5A5ZJT6Q, STM32U5A5ZJY6QTR, STM32U5A9BJY6QTR, STM32U5A9J-DK, STM32U5A9NJH6Q, STM32U5A9VJT6Q, STM32U5A9ZJT6Q, STM32U5A9ZJY6QTR, STM32U5F7VIT6, STM32U5F7VIT6Q, STM32U5F7VJT6, STM32U5F7VJT6Q, STM32U5F9BJY6QTR, STM32U5F9NJH6Q, STM32U5F9VIT6Q, STM32U5F9VJT6Q, STM32U5F9ZIJ6QTR, STM32U5F9ZIT6Q, STM32U5F9ZJJ6QTR, STM32U5F9ZJT6Q, STM32U5G7VJT6, STM32U5G7VJT6Q, STM32U5G9BJY6QTR, STM32U5G9J-DK1, STM32U5G9J-DK2, STM32U5G9NJH6Q, STM32U5G9VJT6Q, STM32U5G9ZJJ6QTR, STM32U5G9ZJT6Q, STM32WB1MMCH6, STM32WBA50KEU6, STM32WBA50KEU6TR, STM32WBA50KGU6, STM32WBA50KGU6TR, STM32WBA52CEU6, STM32WBA52CEU6TR, STM32WBA52CEU7, STM32WBA52CEU7TR, STM32WBA52CGU6, STM32WBA52CGU6TR, STM32WBA52CGU6U, STM32WBA52CGU7, STM32WBA52CGU7TR, STM32WBA52KEU6, STM32WBA52KEU6TR, STM32WBA52KGU6, STM32WBA52KGU6TR, STM32WBA54CEU6, STM32WBA54CEU6TR, STM32WBA54CEU7, STM32WBA54CEU7TR, STM32WBA54CGU6, STM32WBA54CGU6TR, STM32WBA54CGU7, STM32WBA54CGU7TR, STM32WBA54KEU6, STM32WBA54KEU6TR, STM32WBA54KEU7, STM32WBA54KEU7TR, STM32WBA54KGU6, STM32WBA54KGU6TR, STM32WBA54KGU7, STM32WBA54KGU7TR, STM32WBA55CEU6, STM32WBA55CEU6TR, STM32WBA55CEU7, STM32WBA55CEU7TR, STM32WBA55CGU6, STM32WBA55CGU6TR, STM32WBA55CGU6U, STM32WBA55CGU7, STM32WBA55CGU7TR, STM32WBA55G-DK1, STM32WBA55HEF6, STM32WBA55HEF7, STM32WBA55HGF6, STM32WBA55HGF7, STM32WBA55UEI6, STM32WBA55UEI6TR, STM32WBA55UEI7, STM32WBA55UEI7TR, STM32WBA55UGI6, STM32WBA55UGI6TR, STM32WBA55UGI7, STM32WBA55UGI7TR, STM32WL5MOCH6, STM32WL5MOCH6TR]
2024-01-01 08:56:17,176 [INFO] DbMcus:218 - Found 3930 MCUs, 3930 are supported
2024-01-01 08:56:17,177 [INFO] ApiDb:423 - Load user favorites file C:\Users\bakra/.stm32cubeide/favorites.mcus.txt: 0 item(s)
2024-01-01 08:56:17,177 [INFO] ApiDb:427 - User favorites MCUs=[]
2024-01-01 08:56:17,177 [INFO] DbMcus:224 - Set 0 / 0 favorites MCUs
2024-01-01 08:56:17,467 [INFO] MicroXplorer:468 - Change Database Path : 
2024-01-01 08:56:17,467 [INFO] MicroXplorer:498 - Change Database Version : DB.6.0.100
2024-01-01 08:56:17,467 [WARN] ThirdParty:833 - waiting for thirdparty lock release [change project]
2024-01-01 08:56:17,467 [INFO] ThirdParty:835 - entering critical section [change project]
2024-01-01 08:56:17,467 [INFO] ThirdParty:1030 - CMSIS Pack Vendor :STMicroelectronics X-CUBE-ISPU 1.1.0
2024-01-01 08:56:17,468 [INFO] ThirdParty:1030 - CMSIS Pack Vendor :STMicroelectronics USBPD 4.1
2024-01-01 08:56:17,468 [INFO] ThirdParty:1030 - CMSIS Pack Vendor :RoweBots I-CUBE-UNISONRTOS 5.5.0-4
2024-01-01 08:56:17,468 [INFO] ThirdParty:1030 - CMSIS Pack Vendor :STMicroelectronics X-CUBE-GNSS1 6.0.0
2024-01-01 08:56:17,468 [INFO] ThirdParty:1030 - CMSIS Pack Vendor :STMicroelectronics USB_HOST 2.0.0
2024-01-01 08:56:17,468 [INFO] ThirdParty:1030 - CMSIS Pack Vendor :STMicroelectronics X-CUBE-AZRTOS-F4 1.1.0
2024-01-01 08:56:17,468 [INFO] ThirdParty:1030 - CMSIS Pack Vendor :STMicroelectronics LIBJPEG 8.0.0
2024-01-01 08:56:17,468 [INFO] ThirdParty:1030 - CMSIS Pack Vendor :STMicroelectronics X-CUBE-SMBUS 2.1.0
2024-01-01 08:56:17,468 [INFO] ThirdParty:1030 - CMSIS Pack Vendor :STMicroelectronics USB_DEVICE 3.0.0
2024-01-01 08:56:17,468 [INFO] ThirdParty:1030 - CMSIS Pack Vendor :STMicroelectronics X-CUBE-AI 8.0.0
2024-01-01 08:56:17,468 [INFO] ThirdParty:1030 - CMSIS Pack Vendor :STMicroelectronics X-CUBE-AZRTOS-WB 2.0.0
2024-01-01 08:56:17,468 [INFO] ThirdParty:1030 - CMSIS Pack Vendor :STMicroelectronics X-CUBE-FREERTOS 1.0.0
2024-01-01 08:56:17,468 [INFO] ThirdParty:1030 - CMSIS Pack Vendor :STMicroelectronics X-CUBE-FREERTOS 1.0.1
2024-01-01 08:56:17,468 [INFO] ThirdParty:1030 - CMSIS Pack Vendor :STMicroelectronics X-CUBE-TOUCHGFX 4.21.1
2024-01-01 08:56:17,468 [INFO] ThirdParty:1030 - CMSIS Pack Vendor :STMicroelectronics X-CUBE-TOUCHGFX 4.21.3
2024-01-01 08:56:17,468 [INFO] ThirdParty:1030 - CMSIS Pack Vendor :STMicroelectronics X-CUBE-TOUCHGFX 4.23.0
2024-01-01 08:56:17,468 [INFO] ThirdParty:1030 - CMSIS Pack Vendor :STMicroelectronics X-CUBE-AZRTOS-F7 1.1.0
2024-01-01 08:56:17,468 [INFO] ThirdParty:1030 - CMSIS Pack Vendor :STMicroelectronics X-CUBE-TOUCHGFX 4.21.4
2024-01-01 08:56:17,468 [INFO] ThirdParty:1030 - CMSIS Pack Vendor :STMicroelectronics X-CUBE-AZRTOS-L5 2.0.0
2024-01-01 08:56:17,468 [INFO] ThirdParty:1030 - CMSIS Pack Vendor :STMicroelectronics USB_DEVICE 2.0.0
2024-01-01 08:56:17,468 [INFO] ThirdParty:1030 - CMSIS Pack Vendor :STMicroelectronics X-CUBE-MEMS1 9.6.0
2024-01-01 08:56:17,468 [INFO] ThirdParty:1030 - CMSIS Pack Vendor :STMicroelectronics X-CUBE-EEPRMA1 4.2.0
2024-01-01 08:56:17,468 [INFO] ThirdParty:1030 - CMSIS Pack Vendor :ITTIA_DB I-CUBE-ITTIADB 8.8.0
2024-01-01 08:56:17,468 [INFO] ThirdParty:1030 - CMSIS Pack Vendor :STMicroelectronics FP-SNS-MOTENV1 4.3.0
2024-01-01 08:56:17,468 [INFO] ThirdParty:1030 - CMSIS Pack Vendor :STMicroelectronics FP-SNS-MOTENV1 4.3.2
2024-01-01 08:56:17,468 [INFO] ThirdParty:1030 - CMSIS Pack Vendor :STMicroelectronics FP-SNS-FLIGHT1 5.0.0
2024-01-01 08:56:17,468 [INFO] ThirdParty:1030 - CMSIS Pack Vendor :STMicroelectronics FP-SNS-MOTENV1 4.3.1
2024-01-01 08:56:17,468 [INFO] ThirdParty:1030 - CMSIS Pack Vendor :STMicroelectronics FP-SNS-FLIGHT1 5.0.1
2024-01-01 08:56:17,468 [INFO] ThirdParty:1030 - CMSIS Pack Vendor :STMicroelectronics X-CUBE-ALGOBUILD 1.3.0
2024-01-01 08:56:17,468 [INFO] ThirdParty:1030 - CMSIS Pack Vendor :STMicroelectronics X-CUBE-BLE1 6.2.4
2024-01-01 08:56:17,468 [INFO] ThirdParty:1030 - CMSIS Pack Vendor :STMicroelectronics X-CUBE-AZRTOS-L5 1.1.0
2024-01-01 08:56:17,468 [INFO] ThirdParty:1030 - CMSIS Pack Vendor :STMicroelectronics FreeRTOS 0.0.1
2024-01-01 08:56:17,468 [INFO] ThirdParty:1030 - CMSIS Pack Vendor :STMicroelectronics X-CUBE-AZRTOS-G0 1.1.0
2024-01-01 08:56:17,468 [INFO] ThirdParty:1030 - CMSIS Pack Vendor :emotas I-CUBE-CANOPEN 1.1.3
2024-01-01 08:56:17,468 [INFO] ThirdParty:1030 - CMSIS Pack Vendor :STMicroelectronics X-CUBE-BLEMGR 2.0.0
2024-01-01 08:56:17,468 [INFO] ThirdParty:1030 - CMSIS Pack Vendor :STMicroelectronics X-CUBE-AI 8.0.1
2024-01-01 08:56:17,468 [INFO] ThirdParty:1030 - CMSIS Pack Vendor :STMicroelectronics X-CUBE-NFC4 3.0.0
2024-01-01 08:56:17,468 [INFO] ThirdParty:1030 - CMSIS Pack Vendor :STMicroelectronics X-CUBE-SUBG2 5.0.0
2024-01-01 08:56:17,468 [INFO] ThirdParty:1030 - CMSIS Pack Vendor :STMicroelectronics STM32_WPAN 1.0.0
2024-01-01 08:56:17,468 [INFO] ThirdParty:1030 - CMSIS Pack Vendor :STMicroelectronics lwIP 2.0.3
2024-01-01 08:56:17,468 [INFO] ThirdParty:1030 - CMSIS Pack Vendor :STMicroelectronics FP-SNS-FLIGHT1 5.0.2
2024-01-01 08:56:17,468 [INFO] ThirdParty:1030 - CMSIS Pack Vendor :STMicroelectronics USB_HOST 1.0.0
2024-01-01 08:56:17,468 [INFO] ThirdParty:1030 - CMSIS Pack Vendor :STMicroelectronics X-CUBE-TOF1 3.3.1
2024-01-01 08:56:17,468 [INFO] ThirdParty:1030 - CMSIS Pack Vendor :STMicroelectronics X-CUBE-AZRTOS-G4 2.0.0
2024-01-01 08:56:17,468 [INFO] ThirdParty:1030 - CMSIS Pack Vendor :STMicroelectronics PDM2PCM 3.1.0
2024-01-01 08:56:17,468 [INFO] ThirdParty:1030 - CMSIS Pack Vendor :STMicroelectronics X-CUBE-AZRTOS-H7 3.1.0
2024-01-01 08:56:17,469 [INFO] ThirdParty:1030 - CMSIS Pack Vendor :STMicroelectronics X-CUBE-TOF1 3.3.0
2024-01-01 08:56:17,469 [INFO] ThirdParty:1030 - CMSIS Pack Vendor :STMicroelectronics FP-ATR-ASTRA1 1.1.1
2024-01-01 08:56:17,469 [INFO] ThirdParty:1030 - CMSIS Pack Vendor :Infineon AIROC-Wi-Fi-Bluetooth-STM32 1.5.1
2024-01-01 08:56:17,469 [INFO] ThirdParty:1030 - CMSIS Pack Vendor :STMicroelectronics X-CUBE-BLEMGR 3.0.0
2024-01-01 08:56:17,469 [INFO] ThirdParty:1030 - CMSIS Pack Vendor :STMicroelectronics PDM2PCM 3.3.0
2024-01-01 08:56:17,469 [INFO] ThirdParty:1030 - CMSIS Pack Vendor :STMicroelectronics X-CUBE-DISPLAY 3.0.0
2024-01-01 08:56:17,469 [INFO] ThirdParty:1030 - CMSIS Pack Vendor :STMicroelectronics X-CUBE-BLEMGR 1.3.0
2024-01-01 08:56:17,469 [INFO] ThirdParty:1030 - CMSIS Pack Vendor :STMicroelectronics FP-SNS-MOTENVWB1 1.3.0
2024-01-01 08:56:17,469 [INFO] ThirdParty:1030 - CMSIS Pack Vendor :STMicroelectronics FP-SNS-MOTENVWB1 1.3.1
2024-01-01 08:56:17,469 [INFO] ThirdParty:1030 - CMSIS Pack Vendor :STMicroelectronics X-CUBE-BLE1 7.0.0
2024-01-01 08:56:17,469 [INFO] ThirdParty:1030 - CMSIS Pack Vendor :STMicroelectronics FP-ATR-SIGFOX1 3.2.0
2024-01-01 08:56:17,469 [INFO] ThirdParty:1030 - CMSIS Pack Vendor :STMicroelectronics X-CUBE-AZRTOS-G4 1.0.0
2024-01-01 08:56:17,469 [INFO] ThirdParty:1030 - CMSIS Pack Vendor :wolfSSL I-CUBE-wolfSSL 5.5.4
2024-01-01 08:56:17,469 [INFO] ThirdParty:1030 - CMSIS Pack Vendor :STMicroelectronics X-CUBE-AZRTOS-L4 1.0.0
2024-01-01 08:56:17,469 [INFO] ThirdParty:1030 - CMSIS Pack Vendor :STMicroelectronics X-CUBE-ISPU 2.0.0
2024-01-01 08:56:17,469 [INFO] ThirdParty:1030 - CMSIS Pack Vendor :STMicroelectronics HAL Drivers 0.0.0
2024-01-01 08:56:17,469 [INFO] ThirdParty:1030 - CMSIS Pack Vendor :STMicroelectronics MBEDTLS 2.16.2
2024-01-01 08:56:17,469 [INFO] ThirdParty:1030 - CMSIS Pack Vendor :STMicroelectronics X-CUBE-MEMS1 10.0.0
2024-01-01 08:56:17,469 [INFO] ThirdParty:1030 - CMSIS Pack Vendor :STMicroelectronics X-CUBE-FREERTOS 1.1.0
2024-01-01 08:56:17,469 [INFO] ThirdParty:1030 - CMSIS Pack Vendor :STMicroelectronics X-CUBE-TOUCHGFX 4.22.0
2024-01-01 08:56:17,469 [INFO] ThirdParty:1030 - CMSIS Pack Vendor :STMicroelectronics X-CUBE-NFC7 1.0.1
2024-01-01 08:56:17,469 [INFO] ThirdParty:1030 - CMSIS Pack Vendor :STMicroelectronics MBEDTLS 2.14.1
2024-01-01 08:56:17,469 [INFO] ThirdParty:1030 - CMSIS Pack Vendor :STMicroelectronics X-CUBE-NFC7 1.0.0
2024-01-01 08:56:17,469 [INFO] ThirdParty:1030 - CMSIS Pack Vendor :STMicroelectronics X-CUBE-TOUCHGFX 4.22.1
2024-01-01 08:56:17,469 [INFO] ThirdParty:1030 - CMSIS Pack Vendor :STMicroelectronics X-CUBE-AZRTOS-WL 1.0.0
2024-01-01 08:56:17,469 [INFO] ThirdParty:1030 - CMSIS Pack Vendor :STMicroelectronics X-CUBE-NFC6 3.0.0
2024-01-01 08:56:17,469 [INFO] ThirdParty:1030 - CMSIS Pack Vendor :STMicroelectronics X-CUBE-EEPRMA1 4.1.0
2024-01-01 08:56:17,469 [INFO] ThirdParty:1030 - CMSIS Pack Vendor :portGmbH I-Cube-SoM-uGOAL 1.1.0
2024-01-01 08:56:17,469 [INFO] ThirdParty:1030 - CMSIS Pack Vendor :STMicroelectronics X-CUBE-ALS 1.0.1
2024-01-01 08:56:17,469 [INFO] ThirdParty:1030 - CMSIS Pack Vendor :STMicroelectronics X-CUBE-MEMS1 9.5.0
2024-01-01 08:56:17,469 [INFO] ThirdParty:1030 - CMSIS Pack Vendor :STMicroelectronics ThreadX 1.0.0
2024-01-01 08:56:17,469 [INFO] ThirdParty:1030 - CMSIS Pack Vendor :STMicroelectronics FP-SNS-SMARTAG2 1.2.0
2024-01-01 08:56:17,469 [INFO] ThirdParty:1030 - CMSIS Pack Vendor :STMicroelectronics X-CUBE-AZRTOS-WB 1.1.0
2024-01-01 08:56:17,469 [INFO] ThirdParty:1030 - CMSIS Pack Vendor :STMicroelectronics X-CUBE-AZRTOS-WL 2.0.0
2024-01-01 08:56:17,469 [INFO] ThirdParty:1030 - CMSIS Pack Vendor :SEGGER I-CUBE-embOS 1.3.1
2024-01-01 08:56:17,469 [INFO] ThirdParty:1030 - CMSIS Pack Vendor :STMicroelectronics USB_DEVICE 1.0.0
2024-01-01 08:56:17,469 [INFO] ThirdParty:1030 - CMSIS Pack Vendor :STMicroelectronics X-CUBE-AI 8.1.0
2024-01-01 08:56:17,469 [INFO] ThirdParty:1030 - CMSIS Pack Vendor :STMicroelectronics X-CUBE-AZRTOS-L4 2.0.0
2024-01-01 08:56:17,469 [INFO] ThirdParty:1030 - CMSIS Pack Vendor :STMicroelectronics ThreadX 0.0.2
2024-01-01 08:56:17,469 [INFO] ThirdParty:1030 - CMSIS Pack Vendor :WES I-CUBE-Cesium 1.3.0
2024-01-01 08:56:17,469 [INFO] ThirdParty:1030 - CMSIS Pack Vendor :STMicroelectronics FP-ATR-ASTRA1 2.0.0
2024-01-01 08:56:17,469 [INFO] ThirdParty:1030 - CMSIS Pack Vendor :STMicroelectronics lwIP 2.1.2
2024-01-01 08:56:17,469 [INFO] ThirdParty:1030 - CMSIS Pack Vendor :STMicroelectronics X-CUBE-SFXS2LP1 4.0.0
2024-01-01 08:56:17,469 [INFO] ThirdParty:1030 - CMSIS Pack Vendor :STMicroelectronics X-CUBE-BLE2 3.3.0
2024-01-01 08:56:17,469 [INFO] ThirdParty:1030 - CMSIS Pack Vendor :STMicroelectronics X-CUBE-TOF1 3.4.0
2024-01-01 08:56:17,469 [INFO] ThirdParty:1030 - CMSIS Pack Vendor :STMicroelectronics X-CUBE-TOF1 3.2.0
2024-01-01 08:56:17,469 [INFO] ThirdParty:1030 - CMSIS Pack Vendor :STMicroelectronics X-CUBE-AZRTOS-H7 3.2.0
2024-01-01 08:56:17,470 [INFO] ThirdParty:1030 - CMSIS Pack Vendor :STMicroelectronics PDM2PCM 3.2.0
2024-01-01 08:56:17,470 [INFO] ThirdParty:1030 - CMSIS Pack Vendor :STMicroelectronics X-CUBE-AZRTOS-H7 3.0.0
2024-01-01 08:56:17,470 [INFO] ThirdParty:841 - exiting critical section [change project]
2024-01-01 08:56:17,697 [INFO] PinOutPanel:1499 - setPackage(No Configuration,No Configuration)
2024-01-01 08:56:17,698 [INFO] PinOutPanel:1499 - setPackage(STM32F103C8Tx,LQFP48)
2024-01-01 08:56:18,007 [INFO] UtilMem:75 - Before build in PCC Used Memory: 243116544 Bytes (479199232)
2024-01-01 08:56:18,905 [INFO] UtilMem:75 - After build in PCC Used Memory: 217131424 Bytes (479199232)
2024-01-01 08:56:18,929 [INFO] IPUIPlugin:80 - create IPUIPlugin
2024-01-01 08:56:18,929 [INFO] IPUIPlugin:80 - create IPUIPlugin
2024-01-01 08:56:18,929 [INFO] IPUIPlugin:80 - create IPUIPlugin
2024-01-01 08:56:18,930 [INFO] IPUIPlugin:80 - create IPUIPlugin
2024-01-01 08:56:18,930 [INFO] IPUIPlugin:80 - create IPUIPlugin
2024-01-01 08:56:18,930 [INFO] IPUIPlugin:80 - create IPUIPlugin
2024-01-01 08:56:18,930 [INFO] IPUIPlugin:80 - create IPUIPlugin
2024-01-01 08:56:18,930 [INFO] IPUIPlugin:80 - create IPUIPlugin
2024-01-01 08:56:18,930 [INFO] IPUIPlugin:80 - create IPUIPlugin
2024-01-01 08:56:18,930 [INFO] IPUIPlugin:80 - create IPUIPlugin
2024-01-01 08:56:18,930 [INFO] IPUIPlugin:80 - create IPUIPlugin
2024-01-01 08:56:18,930 [INFO] IPUIPlugin:80 - create IPUIPlugin
2024-01-01 08:56:18,931 [INFO] IPUIPlugin:80 - create IPUIPlugin
2024-01-01 08:56:18,931 [INFO] IPUIPlugin:80 - create IPUIPlugin
2024-01-01 08:56:18,931 [INFO] IPUIPlugin:80 - create IPUIPlugin
2024-01-01 08:56:18,931 [INFO] IPUIPlugin:80 - create IPUIPlugin
2024-01-01 08:56:18,931 [INFO] IPUIPlugin:80 - create IPUIPlugin
2024-01-01 08:56:18,931 [INFO] IPUIPlugin:80 - create IPUIPlugin
2024-01-01 08:56:18,931 [INFO] IPUIPlugin:80 - create IPUIPlugin
2024-01-01 08:56:18,932 [INFO] IPUIPlugin:80 - create IPUIPlugin
2024-01-01 08:56:18,932 [INFO] IPUIPlugin:80 - create IPUIPlugin
2024-01-01 08:56:18,932 [INFO] IPUIPlugin:80 - create IPUIPlugin
2024-01-01 08:56:18,932 [INFO] IPUIPlugin:80 - create IPUIPlugin
2024-01-01 08:56:18,933 [INFO] IPUIPlugin:80 - create IPUIPlugin
2024-01-01 08:56:18,933 [INFO] IPUIPlugin:80 - create IPUIPlugin
2024-01-01 08:56:18,933 [INFO] IPUIPlugin:80 - create IPUIPlugin
2024-01-01 08:56:18,934 [INFO] IPUIPlugin:80 - create IPUIPlugin
2024-01-01 08:56:19,203 [INFO] CADModel:165 - CPN selected for project levelSTM32F103C8T6
2024-01-01 08:56:19,203 [INFO] CADModel:114 - Register for checkConnection events
2024-01-01 08:56:19,263 [INFO] OpenFileManager:343 - Restore cursor
2024-01-01 08:56:20,184 [ERROR] LogOutputStream:75 - [STDERR_REDIRECT] SLF4J: Failed to load class "org.slf4j.impl.StaticLoggerBinder".
2024-01-01 08:56:20,185 [ERROR] LogOutputStream:75 - [STDERR_REDIRECT] SLF4J: Defaulting to no-operation (NOP) logger implementation
2024-01-01 08:56:20,185 [ERROR] LogOutputStream:75 - [STDERR_REDIRECT] SLF4J: See http://www.slf4j.org/codes.html#StaticLoggerBinder for further details.
2024-01-01 09:11:20,313 [ERROR] LogOutputStream:75 - [STDERR_REDIRECT] 
2024-01-01 11:33:29,147 [INFO] Activator:176 - 


2024-01-01 11:33:29,149 [INFO] Activator:177 - !SESSION log4j initialized
2024-01-01 11:33:29,888 [ERROR] LogOutputStream:75 - [STDERR_REDIRECT] Managed Build system manifest file error: Option com.atollic.truestudio.general.runtimelib.379644932 uses a null category that is invalid in its context. The option was ignored.
2024-01-01 11:33:29,892 [ERROR] LogOutputStream:75 - [STDERR_REDIRECT] Managed Build system manifest file error: Option com.atollic.truestudio.toolchain_options.mcu.1148613288 uses a null category that is invalid in its context. The option was ignored.
2024-01-01 11:33:29,895 [ERROR] LogOutputStream:75 - [STDERR_REDIRECT] Managed Build system manifest file error: Option com.atollic.truestudio.toolchain_options.vendor.2008536025 uses a null category that is invalid in its context. The option was ignored.
2024-01-01 11:33:30,029 [ERROR] LogOutputStream:75 - [STDERR_REDIRECT] Managed Build system manifest file error: Option com.atollic.truestudio.general.runtimelib.143798172 uses a null category that is invalid in its context. The option was ignored.
2024-01-01 11:33:30,032 [ERROR] LogOutputStream:75 - [STDERR_REDIRECT] Managed Build system manifest file error: Option com.atollic.truestudio.toolchain_options.mcu.788925640 uses a null category that is invalid in its context. The option was ignored.
2024-01-01 11:33:30,036 [ERROR] LogOutputStream:75 - [STDERR_REDIRECT] Managed Build system manifest file error: Option com.atollic.truestudio.toolchain_options.vendor.639784139 uses a null category that is invalid in its context. The option was ignored.
2024-01-01 11:33:35,414 [INFO] LogOutputStream:77 - [STDOUT_REDIRECT] 
2024-01-01 11:33:36,244 [INFO] ApplicationProperties:184 - Using Application install path: C:\ST\STM32CubeIDE_1.11.2\STM32CubeIDE\plugins\com.st.stm32cube.common.mx_6.10.0.202311202037
2024-01-01 11:33:36,259 [INFO] DbMcusXml:78 - Set database path to: C:\ST\STM32CubeIDE_1.11.2\STM32CubeIDE\plugins\com.st.stm32cube.common.mx_6.10.0.202311202037\\db\/mcu/
2024-01-01 11:33:36,259 [INFO] ApiDb:274 - Set plugin database path to: C:\ST\STM32CubeIDE_1.11.2\STM32CubeIDE\plugins\com.st.stm32cube.common.mx_6.10.0.202311202037\\db\/plugins/boardmanager/
2024-01-01 11:33:36,260 [WARN] ApiDb:259 - Overriding images path with different value:  => C:\ST\STM32CubeIDE_1.11.2\STM32CubeIDE\plugins\com.st.stm32cube.common.mx_6.10.0.202311202037\\db\/plugins/mcufinder/images/
2024-01-01 11:33:36,268 [INFO] ApiDb:250 - Set database path to: C:\Users\bakra\.stmcufinder\plugins\mcufinder//mcu/
2024-01-01 11:33:36,269 [INFO] DbMcusAds:125 - Set database path to: C:\Users\bakra\.stmcufinder\plugins\mcufinder//mcu/
2024-01-01 11:33:36,270 [INFO] CrossReferenceDbSqlite:203 - Set database path to: C:\Users\bakra\.stmcufinder\plugins\mcufinder//mcu/cs/
2024-01-01 11:33:36,376 [INFO] RulesReader:64 - Compatibility file has been processed (297 Rules)
2024-01-01 11:33:36,471 [INFO] DbMcusXml:78 - Set database path to: C:\ST\STM32CubeIDE_1.11.2\STM32CubeIDE\plugins\com.st.stm32cube.common.mx_6.10.0.202311202037\\db\/mcu/
2024-01-01 11:33:36,471 [INFO] ApiDb:274 - Set plugin database path to: C:\ST\STM32CubeIDE_1.11.2\STM32CubeIDE\plugins\com.st.stm32cube.common.mx_6.10.0.202311202037\\db\/plugins/boardmanager/
2024-01-01 11:33:36,472 [INFO] ApiDb:261 - Set plugin images path to: C:\ST\STM32CubeIDE_1.11.2\STM32CubeIDE\plugins\com.st.stm32cube.common.mx_6.10.0.202311202037\\db\/plugins/mcufinder/images/
2024-01-01 11:33:36,472 [WARN] DbFile:41 - Overriding database path with different value: C:\Users\bakra\.stmcufinder\plugins\mcufinder/ => C:\Users\bakra\.stmcufinder\plugins\mcufinder
2024-01-01 11:33:36,472 [INFO] ApiDb:250 - Set database path to: C:\Users\bakra\.stmcufinder\plugins\mcufinder//mcu/
2024-01-01 11:33:36,472 [WARN] DbFile:41 - Overriding database path with different value: C:\Users\bakra\.stmcufinder\plugins\mcufinder/ => C:\Users\bakra\.stmcufinder\plugins\mcufinder
2024-01-01 11:33:36,472 [INFO] DbMcusAds:125 - Set database path to: C:\Users\bakra\.stmcufinder\plugins\mcufinder//mcu/
2024-01-01 11:33:36,472 [WARN] DbFile:41 - Overriding database path with different value: C:\Users\bakra\.stmcufinder\plugins\mcufinder/ => C:\Users\bakra\.stmcufinder\plugins\mcufinder
2024-01-01 11:33:36,472 [WARN] DbFile:41 - Overriding database path with different value: C:\Users\bakra\.stmcufinder\plugins\mcufinder/ => C:\Users\bakra\.stmcufinder\plugins\mcufinder
2024-01-01 11:33:36,472 [INFO] CrossReferenceDbSqlite:203 - Set database path to: C:\Users\bakra\.stmcufinder\plugins\mcufinder//mcu/cs/
2024-01-01 11:33:36,544 [INFO] MainPanel:264 - HeapMemory: 268435456
2024-01-01 11:33:36,620 [INFO] DbMcusXml:78 - Set database path to: C:\ST\STM32CubeIDE_1.11.2\STM32CubeIDE\plugins\com.st.stm32cube.common.mx_6.10.0.202311202037\\db\/mcu/
2024-01-01 11:33:36,620 [INFO] ApiDb:274 - Set plugin database path to: C:\ST\STM32CubeIDE_1.11.2\STM32CubeIDE\plugins\com.st.stm32cube.common.mx_6.10.0.202311202037\\db\/plugins/boardmanager/
2024-01-01 11:33:36,620 [INFO] ApiDb:261 - Set plugin images path to: C:\ST\STM32CubeIDE_1.11.2\STM32CubeIDE\plugins\com.st.stm32cube.common.mx_6.10.0.202311202037\\db\/plugins/mcufinder/images/
2024-01-01 11:33:36,620 [WARN] DbFile:41 - Overriding database path with different value: C:\Users\bakra\.stmcufinder\plugins\mcufinder/ => C:\Users\bakra\.stmcufinder\plugins\mcufinder
2024-01-01 11:33:36,620 [INFO] ApiDb:250 - Set database path to: C:\Users\bakra\.stmcufinder\plugins\mcufinder//mcu/
2024-01-01 11:33:36,620 [WARN] DbFile:41 - Overriding database path with different value: C:\Users\bakra\.stmcufinder\plugins\mcufinder/ => C:\Users\bakra\.stmcufinder\plugins\mcufinder
2024-01-01 11:33:36,622 [INFO] DbMcusAds:125 - Set database path to: C:\Users\bakra\.stmcufinder\plugins\mcufinder//mcu/
2024-01-01 11:33:36,622 [WARN] DbFile:41 - Overriding database path with different value: C:\Users\bakra\.stmcufinder\plugins\mcufinder/ => C:\Users\bakra\.stmcufinder\plugins\mcufinder
2024-01-01 11:33:36,622 [WARN] DbFile:41 - Overriding database path with different value: C:\Users\bakra\.stmcufinder\plugins\mcufinder/ => C:\Users\bakra\.stmcufinder\plugins\mcufinder
2024-01-01 11:33:36,622 [INFO] CrossReferenceDbSqlite:203 - Set database path to: C:\Users\bakra\.stmcufinder\plugins\mcufinder//mcu/cs/
2024-01-01 11:33:36,638 [INFO] ApplicationProperties:184 - Using Application install path: C:\ST\STM32CubeIDE_1.11.2\STM32CubeIDE\plugins\com.st.stm32cube.common.mx_6.10.0.202311202037
2024-01-01 11:33:36,639 [INFO] PluginManage:196 - Search for loadable plugins [exclusion list=, ]
2024-01-01 11:33:36,640 [INFO] PluginManage:310 - Check plugin analytics
2024-01-01 11:33:36,758 [INFO] AnalyticsPlugin:253 - Accepted Software Licenses: 
2024-01-01 11:33:36,758 [INFO] AnalyticsPlugin:255 - Accepted CMSIS Pack Licenses: 
2024-01-01 11:33:36,758 [INFO] AnalyticsPlugin:257 - Accepted Firmware Licenses: 
2024-01-01 11:33:36,760 [INFO] PluginManage:359 - Loaded plugin analytics (category:tool,tabindex:-1)
2024-01-01 11:33:36,760 [INFO] PluginManage:310 - Check plugin cadmodel
2024-01-01 11:33:36,773 [INFO] CADModel:105 - Init CAD model plugin
2024-01-01 11:33:36,774 [INFO] PluginManage:359 - Loaded plugin cadmodel (category:power,tabindex:5)
2024-01-01 11:33:36,774 [INFO] PluginManage:310 - Check plugin clock
2024-01-01 11:33:36,790 [INFO] PluginManage:359 - Loaded plugin clock (category:base,tabindex:2)
2024-01-01 11:33:36,791 [INFO] PluginManage:310 - Check plugin ddr
2024-01-01 11:33:36,792 [INFO] PluginManage:359 - Loaded plugin ddr (category:tool,tabindex:6)
2024-01-01 11:33:36,792 [INFO] PluginManage:310 - Check plugin filemanager
2024-01-01 11:33:36,894 [INFO] PluginManage:359 - Loaded plugin filemanager (category:base,tabindex:10)
2024-01-01 11:33:36,894 [INFO] PluginManage:310 - Check plugin ipmanager
2024-01-01 11:33:36,899 [INFO] PluginManage:359 - Loaded plugin ipmanager (category:base,tabindex:5)
2024-01-01 11:33:36,899 [INFO] PluginManage:310 - Check plugin lpbam
2024-01-01 11:33:36,915 [INFO] PluginManage:359 - Loaded plugin lpbam (category:base,tabindex:0)
2024-01-01 11:33:36,915 [INFO] PluginManage:310 - Check plugin memorymap
2024-01-01 11:33:36,934 [INFO] PluginManage:359 - Loaded plugin memorymap (category:base,tabindex:4)
2024-01-01 11:33:36,934 [INFO] PluginManage:310 - Check plugin pinoutandconfiguration
2024-01-01 11:33:36,948 [INFO] PluginManage:359 - Loaded plugin pinoutandconfiguration (category:base,tabindex:1)
2024-01-01 11:33:36,948 [INFO] PluginManage:310 - Check plugin pinoutconfig
2024-01-01 11:33:37,022 [WARN] SupportedApi:132 - Cannot load RTOS API schema: s4s-elt-must-match.1: The content of 'definitions' must match (annotation?, (simpleType | complexType)?, (unique | key | keyref)*)). A problem was found starting at: attribute.
2024-01-01 11:33:37,118 [INFO] PluginManage:359 - Loaded plugin pinoutconfig (category:base,tabindex:0)
2024-01-01 11:33:37,119 [INFO] PluginManage:310 - Check plugin power
2024-01-01 11:33:37,135 [INFO] PluginManage:359 - Loaded plugin power (category:power,tabindex:4)
2024-01-01 11:33:37,136 [INFO] PluginManage:310 - Check plugin projectmanager
2024-01-01 11:33:37,147 [INFO] PluginManage:359 - Loaded plugin projectmanager (category:projectmanager,tabindex:3)
2024-01-01 11:33:37,148 [INFO] PluginManage:310 - Check plugin thirdparty
2024-01-01 11:33:37,359 [INFO] PluginManage:359 - Loaded plugin thirdparty (category:base,tabindex:-1)
2024-01-01 11:33:37,359 [WARN] IntegrityCheckThread:84 - waiting for thirdparty lock release [integrity check]
2024-01-01 11:33:37,359 [INFO] PluginManage:310 - Check plugin tools
2024-01-01 11:33:37,359 [INFO] IntegrityCheckThread:86 - entering critical section [integrity check]
2024-01-01 11:33:37,359 [INFO] ThirdPartyUpdaterWithRetryManager:70 - Updater plugin not ready yet. [1/15]
2024-01-01 11:33:37,383 [INFO] PluginManage:359 - Loaded plugin tools (category:base,tabindex:7)
2024-01-01 11:33:37,383 [INFO] PluginManage:310 - Check plugin tutovideos
2024-01-01 11:33:37,535 [INFO] PluginManage:359 - Loaded plugin tutovideos (category:base,tabindex:-1)
2024-01-01 11:33:37,535 [INFO] PluginManage:310 - Check plugin updater
2024-01-01 11:33:37,545 [INFO] PluginManage:359 - Loaded plugin updater (category:base,tabindex:12)
2024-01-01 11:33:37,545 [INFO] PluginManage:310 - Check plugin userauth
2024-01-01 11:33:37,550 [INFO] UserAuth:114 - Init User Auth plugin
2024-01-01 11:33:37,550 [INFO] PluginManage:359 - Loaded plugin userauth (category:base,tabindex:14)
2024-01-01 11:33:37,550 [INFO] PluginManage:283 - PluginManage : Loaded plugins [17]
2024-01-01 11:33:37,713 [INFO] PinOutPanel:1499 - setPackage(No Configuration,No Configuration)
2024-01-01 11:33:37,772 [INFO] CADModel:165 - CPN selected for project level
2024-01-01 11:33:37,772 [INFO] CADModel:114 - Register for checkConnection events
2024-01-01 11:33:37,794 [INFO] IPUIPlugin:80 - create IPUIPlugin
2024-01-01 11:33:37,794 [INFO] PluginManager:220 - loadIPPluginJar : add adc
2024-01-01 11:33:37,819 [INFO] IPUIPlugin:80 - create IPUIPlugin
2024-01-01 11:33:37,819 [INFO] PluginManager:220 - loadIPPluginJar : add aes
2024-01-01 11:33:37,846 [INFO] IPUIPlugin:80 - create IPUIPlugin
2024-01-01 11:33:37,846 [INFO] PluginManager:220 - loadIPPluginJar : add can
2024-01-01 11:33:37,861 [INFO] IPUIPlugin:80 - create IPUIPlugin
2024-01-01 11:33:37,861 [INFO] PluginManager:220 - loadIPPluginJar : add comp
2024-01-01 11:33:37,883 [INFO] IPUIPlugin:80 - create IPUIPlugin
2024-01-01 11:33:37,883 [INFO] PluginManager:220 - loadIPPluginJar : add cryp
2024-01-01 11:33:37,902 [INFO] IPUIPlugin:80 - create IPUIPlugin
2024-01-01 11:33:37,902 [INFO] PluginManager:220 - loadIPPluginJar : add dfsdm
2024-01-01 11:33:37,913 [INFO] IPUIPlugin:80 - create IPUIPlugin
2024-01-01 11:33:37,913 [INFO] PluginManager:220 - loadIPPluginJar : add dma
2024-01-01 11:33:37,941 [INFO] IPUIPlugin:80 - create IPUIPlugin
2024-01-01 11:33:37,941 [INFO] PluginManager:220 - loadIPPluginJar : add dma3
2024-01-01 11:33:37,954 [INFO] IPUIPlugin:80 - create IPUIPlugin
2024-01-01 11:33:37,954 [INFO] PluginManager:220 - loadIPPluginJar : add fatfs
2024-01-01 11:33:37,984 [INFO] IPUIPlugin:80 - create IPUIPlugin
2024-01-01 11:33:37,984 [INFO] PluginManager:220 - loadIPPluginJar : add fmc
2024-01-01 11:33:37,997 [INFO] IPUIPlugin:80 - create IPUIPlugin
2024-01-01 11:33:37,997 [INFO] PluginManager:220 - loadIPPluginJar : add freertos
2024-01-01 11:33:38,011 [INFO] IPUIPlugin:80 - create IPUIPlugin
2024-01-01 11:33:38,012 [INFO] PluginManager:220 - loadIPPluginJar : add genericplugin
2024-01-01 11:33:38,068 [INFO] IPUIPlugin:80 - create IPUIPlugin
2024-01-01 11:33:38,068 [INFO] PluginManager:220 - loadIPPluginJar : add gfxmmu
2024-01-01 11:33:38,150 [INFO] IPUIPlugin:80 - create IPUIPlugin
2024-01-01 11:33:38,150 [INFO] PluginManager:220 - loadIPPluginJar : add gic
2024-01-01 11:33:38,160 [INFO] IPUIPlugin:80 - create IPUIPlugin
2024-01-01 11:33:38,160 [INFO] PluginManager:220 - loadIPPluginJar : add gpio
2024-01-01 11:33:38,220 [INFO] IPUIPlugin:80 - create IPUIPlugin
2024-01-01 11:33:38,220 [INFO] PluginManager:220 - loadIPPluginJar : add gtzc
2024-01-01 11:33:38,241 [INFO] IPUIPlugin:80 - create IPUIPlugin
2024-01-01 11:33:38,241 [INFO] PluginManager:220 - loadIPPluginJar : add hash
2024-01-01 11:33:38,275 [INFO] IPUIPlugin:80 - create IPUIPlugin
2024-01-01 11:33:38,275 [INFO] PluginManager:220 - loadIPPluginJar : add i2c
2024-01-01 11:33:38,300 [INFO] IPUIPlugin:80 - create IPUIPlugin
2024-01-01 11:33:38,300 [INFO] PluginManager:220 - loadIPPluginJar : add i2s
2024-01-01 11:33:38,326 [INFO] IPUIPlugin:80 - create IPUIPlugin
2024-01-01 11:33:38,326 [INFO] PluginManager:220 - loadIPPluginJar : add i3c
2024-01-01 11:33:38,396 [INFO] IPUIPlugin:80 - create IPUIPlugin
2024-01-01 11:33:38,396 [INFO] PluginManager:220 - loadIPPluginJar : add ipddr
2024-01-01 11:33:38,453 [INFO] IPUIPlugin:80 - create IPUIPlugin
2024-01-01 11:33:38,453 [INFO] PluginManager:220 - loadIPPluginJar : add linkedlist
2024-01-01 11:33:38,476 [INFO] IPUIPlugin:80 - create IPUIPlugin
2024-01-01 11:33:38,476 [INFO] PluginManager:220 - loadIPPluginJar : add lorawan
2024-01-01 11:33:38,499 [INFO] IPUIPlugin:80 - create IPUIPlugin
2024-01-01 11:33:38,499 [INFO] PluginManager:220 - loadIPPluginJar : add ltdc
2024-01-01 11:33:38,510 [INFO] IPUIPlugin:80 - create IPUIPlugin
2024-01-01 11:33:38,510 [INFO] PluginManager:220 - loadIPPluginJar : add mdma
2024-01-01 11:33:38,520 [INFO] IPUIPlugin:80 - create IPUIPlugin
2024-01-01 11:33:38,520 [INFO] PluginManager:220 - loadIPPluginJar : add nvic
2024-01-01 11:33:38,545 [INFO] IPUIPlugin:80 - create IPUIPlugin
2024-01-01 11:33:38,545 [INFO] PluginManager:220 - loadIPPluginJar : add opamp
2024-01-01 11:33:38,583 [INFO] IPUIPlugin:80 - create IPUIPlugin
2024-01-01 11:33:38,583 [INFO] PluginManager:220 - loadIPPluginJar : add openamp
2024-01-01 11:33:38,608 [INFO] IPUIPlugin:80 - create IPUIPlugin
2024-01-01 11:33:38,609 [INFO] PluginManager:220 - loadIPPluginJar : add pdm2pcm
2024-01-01 11:33:38,619 [INFO] IPUIPlugin:80 - create IPUIPlugin
2024-01-01 11:33:38,621 [INFO] PluginManager:220 - loadIPPluginJar : add plateformsettings
2024-01-01 11:33:38,637 [INFO] IPUIPlugin:80 - create IPUIPlugin
2024-01-01 11:33:38,637 [INFO] PluginManager:220 - loadIPPluginJar : add quadspi
2024-01-01 11:33:38,647 [INFO] IPUIPlugin:80 - create IPUIPlugin
2024-01-01 11:33:38,647 [INFO] PluginManager:220 - loadIPPluginJar : add resmgrutility
2024-01-01 11:33:38,681 [INFO] IPUIPlugin:80 - create IPUIPlugin
2024-01-01 11:33:38,681 [INFO] PluginManager:220 - loadIPPluginJar : add sai
2024-01-01 11:33:38,704 [INFO] IPUIPlugin:80 - create IPUIPlugin
2024-01-01 11:33:38,704 [INFO] PluginManager:220 - loadIPPluginJar : add spi
2024-01-01 11:33:38,755 [INFO] IPUIPlugin:80 - create IPUIPlugin
2024-01-01 11:33:38,755 [INFO] PluginManager:220 - loadIPPluginJar : add stm32_wpan
2024-01-01 11:33:38,771 [INFO] IPUIPlugin:80 - create IPUIPlugin
2024-01-01 11:33:38,771 [INFO] PluginManager:220 - loadIPPluginJar : add tim
2024-01-01 11:33:38,807 [INFO] IPUIPlugin:80 - create IPUIPlugin
2024-01-01 11:33:38,807 [INFO] PluginManager:220 - loadIPPluginJar : add touchsensing
2024-01-01 11:33:38,823 [INFO] IPUIPlugin:80 - create IPUIPlugin
2024-01-01 11:33:38,823 [INFO] PluginManager:220 - loadIPPluginJar : add tracer_emb
2024-01-01 11:33:38,840 [INFO] IPUIPlugin:80 - create IPUIPlugin
2024-01-01 11:33:38,840 [INFO] PluginManager:220 - loadIPPluginJar : add ts
2024-01-01 11:33:38,855 [INFO] IPUIPlugin:80 - create IPUIPlugin
2024-01-01 11:33:38,855 [INFO] PluginManager:220 - loadIPPluginJar : add tsc
2024-01-01 11:33:38,871 [INFO] IPUIPlugin:80 - create IPUIPlugin
2024-01-01 11:33:38,871 [INFO] PluginManager:220 - loadIPPluginJar : add ucpd
2024-01-01 11:33:38,899 [INFO] IPUIPlugin:80 - create IPUIPlugin
2024-01-01 11:33:38,899 [INFO] PluginManager:220 - loadIPPluginJar : add usart
2024-01-01 11:33:38,927 [INFO] IPUIPlugin:80 - create IPUIPlugin
2024-01-01 11:33:38,927 [INFO] PluginManager:220 - loadIPPluginJar : add usbx
2024-01-01 11:33:39,039 [INFO] CADModel:165 - CPN selected for project level
2024-01-01 11:33:39,040 [INFO] CADModel:114 - Register for checkConnection events
2024-01-01 11:33:39,040 [FATAL] Updater:308 - Updater called before beeing initialized
2024-01-01 11:33:39,040 [ERROR] CADModel:125 - Updater not yet initialized, retry later 
2024-01-01 11:33:39,163 [INFO] CADModel:165 - CPN selected for project level
2024-01-01 11:33:39,163 [INFO] CADModel:114 - Register for checkConnection events
2024-01-01 11:33:39,163 [FATAL] Updater:308 - Updater called before beeing initialized
2024-01-01 11:33:39,163 [ERROR] CADModel:125 - Updater not yet initialized, retry later 
2024-01-01 11:33:39,166 [FATAL] Updater:308 - Updater called before beeing initialized
2024-01-01 11:33:39,252 [FATAL] Updater:308 - Updater called before beeing initialized
2024-01-01 11:33:39,263 [INFO] DbMcusAds:53 - JSON generation date=Wed Nov 29 05:52:27 EST 2023 (1701255147349)
2024-01-01 11:33:39,263 [FATAL] Updater:308 - Updater called before beeing initialized
2024-01-01 11:33:39,324 [WARN] DetailPanel:346 - Failed to get advertising image, set to default
2024-01-01 11:33:39,400 [FATAL] Updater:308 - Updater called before beeing initialized
2024-01-01 11:33:39,402 [FATAL] Updater:308 - Updater called before beeing initialized
2024-01-01 11:33:39,402 [FATAL] Updater:308 - Updater called before beeing initialized
2024-01-01 11:33:39,402 [WARN] DetailPanel:346 - Failed to get advertising image, set to default
2024-01-01 11:33:39,403 [FATAL] Updater:308 - Updater called before beeing initialized
2024-01-01 11:33:39,456 [ERROR] Updater:1120 - MainUpdater not yet initialized. External WinMGr cannot be set.
2024-01-01 11:33:39,464 [INFO] Updater:1056 - Updater Version found : 6.10.0
2024-01-01 11:33:39,490 [INFO] ApplicationProperties:184 - Using Application install path: C:\ST\STM32CubeIDE_1.11.2\STM32CubeIDE\plugins\com.st.stm32cube.common.mx_6.10.0.202311202037
2024-01-01 11:33:40,360 [INFO] ThirdPartyUpdaterWithRetryManager:70 - Updater plugin not ready yet. [2/15]
2024-01-01 11:33:41,070 [ERROR] LogOutputStream:75 - [STDERR_REDIRECT] Jan 01, 2024 11:33:41 AM java.util.prefs.WindowsPreferences <init>
2024-01-01 11:33:41,071 [ERROR] LogOutputStream:75 - [STDERR_REDIRECT] WARNING: Could not open/create prefs root node Software\JavaSoft\Prefs at root 0xffffffff80000002. Windows RegCreateKeyEx(...) returned error code 5.
2024-01-01 11:33:41,071 [ERROR] LogOutputStream:75 - [STDERR_REDIRECT] 
2024-01-01 11:33:41,680 [INFO] MainUpdater:2873 - connection check result : 10
2024-01-01 11:33:41,680 [INFO] MainUpdater:290 - Updater Check For Update Now.
2024-01-01 11:33:41,680 [INFO] MicroXplorer:498 - Change Database Version : DB.6.0.100
2024-01-01 11:33:41,694 [INFO] McuFinderGlobals:63 - Set McuFinder mode to 2 (CubeIDE integrated)
2024-01-01 11:33:41,710 [INFO] UserAuth:404 - Internet connection configuration mode: 1
2024-01-01 11:33:41,754 [INFO] JxBrowserEngine:152 - Initiate JxBrowser Engine with user profile folder
2024-01-01 11:33:41,879 [INFO] CheckServerUpdateThread:120 - End of CheckServer Thread
2024-01-01 11:33:43,511 [WARN] PackLoader:240 - Cannot read IP mode file for STMicroelectronics.X-CUBE-SMBUS.2.1.0
2024-01-01 11:33:43,523 [WARN] PackLoader:240 - Cannot read IP mode file for STMicroelectronics.X-CUBE-TOUCHGFX.4.23.0
2024-01-01 11:33:43,554 [WARN] PackLoader:240 - Cannot read IP mode file for STMicroelectronics.X-CUBE-AZRTOS-F7.1.1.0
2024-01-01 11:33:43,570 [ERROR] RealEvaluatedCondition:428 - Found unsupported composite condition: CLASS='Data Exchange' GROUP='STM32_MetaDataManager'
2024-01-01 11:33:43,570 [ERROR] RealEvaluatedCondition:428 - Found unsupported composite condition: GROUP='STM32_MetaDataManager' CLASS='Data Exchange'
2024-01-01 11:33:43,571 [WARN] PackLoader:240 - Cannot read IP mode file for STMicroelectronics.FP-SNS-MOTENV1.4.3.0
2024-01-01 11:33:43,584 [WARN] PackLoader:240 - Cannot read IP mode file for STMicroelectronics.FP-SNS-MOTENV1.4.3.2
2024-01-01 11:33:43,599 [WARN] PackLoader:240 - Cannot read IP mode file for STMicroelectronics.FP-SNS-FLIGHT1.5.0.0
2024-01-01 11:33:43,609 [ERROR] RealEvaluatedCondition:428 - Found unsupported composite condition: CLASS='Data Exchange' GROUP='STM32_MetaDataManager'
2024-01-01 11:33:43,609 [ERROR] RealEvaluatedCondition:428 - Found unsupported composite condition: CLASS='Data Exchange' GROUP='STM32_MetaDataManager'
2024-01-01 11:33:43,610 [WARN] PackLoader:240 - Cannot read IP mode file for STMicroelectronics.FP-SNS-MOTENV1.4.3.1
2024-01-01 11:33:43,622 [WARN] PackLoader:240 - Cannot read IP mode file for STMicroelectronics.FP-SNS-FLIGHT1.5.0.1
2024-01-01 11:33:43,635 [WARN] PackLoader:240 - Cannot read IP mode file for STMicroelectronics.X-CUBE-BLE1.6.2.4
2024-01-01 11:33:43,646 [WARN] PackLoader:240 - Cannot read IP mode file for STMicroelectronics.FP-SNS-FLIGHT1.5.0.2
2024-01-01 11:33:43,659 [WARN] PackLoader:240 - Cannot read IP mode file for STMicroelectronics.X-CUBE-DISPLAY.3.0.0
2024-01-01 11:33:43,674 [WARN] PackLoader:240 - Cannot read IP mode file for STMicroelectronics.X-CUBE-BLE1.7.0.0
2024-01-01 11:33:43,683 [WARN] PackLoader:240 - Cannot read IP mode file for STMicroelectronics.X-CUBE-TOUCHGFX.4.22.0
2024-01-01 11:33:43,692 [WARN] PackLoader:240 - Cannot read IP mode file for STMicroelectronics.X-CUBE-TOUCHGFX.4.22.1
2024-01-01 11:33:43,702 [WARN] PackLoader:240 - Cannot read IP mode file for STMicroelectronics.FP-SNS-SMARTAG2.1.2.0
2024-01-01 11:33:43,719 [INFO] LogOutputStream:77 - [STDOUT_REDIRECT] 1 : Invalid condition id : UX_CORESTACK_Condition cause : null
2024-01-01 11:33:43,720 [INFO] LogOutputStream:77 - [STDOUT_REDIRECT] 1 : Invalid condition id : UX_CORESTACK_Condition cause : null
2024-01-01 11:33:43,720 [INFO] LogOutputStream:77 - [STDOUT_REDIRECT] 1 : Invalid condition id : UX_CORESTACK_Condition cause : null
2024-01-01 11:33:43,721 [INFO] LogOutputStream:77 - [STDOUT_REDIRECT] 1 : Invalid condition id : UX_CORESTACK_Condition cause : null
2024-01-01 11:33:43,722 [INFO] LogOutputStream:77 - [STDOUT_REDIRECT] 1 : Invalid condition id : UX_CORESTACK_Condition cause : null
2024-01-01 11:33:43,725 [WARN] PackLoader:240 - Cannot read IP mode file for STMicroelectronics.X-CUBE-AZRTOS-WL.2.0.0
2024-01-01 11:33:43,742 [WARN] PackLoader:240 - Cannot read IP mode file for WES.I-CUBE-Cesium.1.3.0
2024-01-01 11:33:43,752 [WARN] PackLoader:240 - Cannot read IP mode file for STMicroelectronics.X-CUBE-BLE2.3.3.0
2024-01-01 11:33:43,859 [WARN] PackLoader:240 - Cannot read IP mode file for STMicroelectronics.X-CUBE-TOF1.3.2.0
2024-01-01 11:33:43,891 [WARN] PackLoader:240 - Cannot read IP mode file for STMicroelectronics.X-CUBE-TOUCHGFX.4.21.1
2024-01-01 11:33:43,901 [WARN] PackLoader:240 - Cannot read IP mode file for STMicroelectronics.X-CUBE-TOUCHGFX.4.21.3
2024-01-01 11:33:43,911 [WARN] PackLoader:240 - Cannot read IP mode file for STMicroelectronics.X-CUBE-TOUCHGFX.4.21.4
2024-01-01 11:33:43,921 [WARN] PackLoader:240 - Cannot read IP mode file for STMicroelectronics.X-CUBE-ALGOBUILD.1.3.0
2024-01-01 11:33:44,143 [WARN] PackLoader:240 - Cannot read IP mode file for STMicroelectronics.X-CUBE-AZRTOS-G0.1.1.0
2024-01-01 11:33:44,154 [WARN] PackLoader:240 - Cannot read IP mode file for STMicroelectronics.X-CUBE-NFC4.3.0.0
2024-01-01 11:33:44,166 [WARN] PackLoader:240 - Cannot read IP mode file for STMicroelectronics.X-CUBE-BLEMGR.3.0.0
2024-01-01 11:33:44,177 [WARN] PackLoader:240 - Cannot read IP mode file for STMicroelectronics.X-CUBE-BLEMGR.1.3.0
2024-01-01 11:33:44,188 [WARN] PackLoader:240 - Cannot read IP mode file for STMicroelectronics.FP-ATR-SIGFOX1.3.2.0
2024-01-01 11:33:44,236 [WARN] PackLoader:240 - Cannot read IP mode file for STMicroelectronics.X-CUBE-MEMS1.9.5.0
2024-01-01 11:33:44,385 [WARN] PackLoader:240 - Cannot read IP mode file for SEGGER.I-CUBE-embOS.1.3.1
2024-01-01 11:33:44,426 [WARN] PackLoader:240 - Cannot read IP mode file for STMicroelectronics.X-CUBE-GNSS1.6.0.0
2024-01-01 11:33:44,452 [WARN] PackLoader:240 - Cannot read IP mode file for STMicroelectronics.X-CUBE-AZRTOS-F4.1.1.0
2024-01-01 11:33:44,481 [WARN] PackLoader:240 - Cannot read IP mode file for STMicroelectronics.X-CUBE-AZRTOS-L5.2.0.0
2024-01-01 11:33:44,523 [WARN] PackLoader:240 - Cannot read IP mode file for STMicroelectronics.X-CUBE-MEMS1.9.6.0
2024-01-01 11:33:44,602 [INFO] WebApp:161 - Instantiating new browser for Auth
2024-01-01 11:33:44,604 [WARN] PackLoader:240 - Cannot read IP mode file for STMicroelectronics.X-CUBE-EEPRMA1.4.2.0
2024-01-01 11:33:44,621 [WARN] PackLoader:240 - Cannot read IP mode file for ITTIA_DB.I-CUBE-ITTIADB.8.8.0
2024-01-01 11:33:44,643 [WARN] PackLoader:240 - Cannot read IP mode file for emotas.I-CUBE-CANOPEN.1.1.3
2024-01-01 11:33:44,663 [WARN] PackLoader:240 - Cannot read IP mode file for STMicroelectronics.X-CUBE-BLEMGR.2.0.0
2024-01-01 11:33:44,700 [WARN] ConditionMgr:438 - getConditionDescription Invalid condition id : UX DEVICE CLASS RTOS Condition cause : null
2024-01-01 11:33:44,700 [WARN] ConditionMgr:438 - getConditionDescription Invalid condition id : UX DEVICE CLASS RTOS Condition cause : null
2024-01-01 11:33:44,702 [WARN] PackLoader:240 - Cannot read IP mode file for STMicroelectronics.X-CUBE-AZRTOS-H7.3.1.0
2024-01-01 11:33:44,703 [WARN] ConditionMgr:1039 - genDependencies : Invalid condition id : UX DEVICE CLASS RTOS Condition cause : null
2024-01-01 11:33:44,704 [WARN] ConditionMgr:1039 - genDependencies : Invalid condition id : UX DEVICE CLASS RTOS Condition cause : null
2024-01-01 11:33:44,704 [WARN] ConditionMgr:1039 - genDependencies : Invalid condition id : UX DEVICE CLASS RTOS Condition cause : null
2024-01-01 11:33:44,705 [WARN] ConditionMgr:1039 - genDependencies : Invalid condition id : UX DEVICE CLASS RTOS Condition cause : null
2024-01-01 11:33:44,705 [WARN] ConditionMgr:1039 - genDependencies : Invalid condition id : UX DEVICE CLASS RTOS Condition cause : null
2024-01-01 11:33:44,721 [WARN] PackLoader:240 - Cannot read IP mode file for wolfSSL.I-CUBE-wolfSSL.5.5.4
2024-01-01 11:33:44,741 [WARN] PackLoader:240 - Cannot read IP mode file for STMicroelectronics.X-CUBE-NFC7.1.0.1
2024-01-01 11:33:44,771 [WARN] PackLoader:240 - Cannot read IP mode file for STMicroelectronics.X-CUBE-NFC7.1.0.0
2024-01-01 11:33:44,792 [WARN] PackLoader:240 - Cannot read IP mode file for STMicroelectronics.X-CUBE-NFC6.3.0.0
2024-01-01 11:33:44,813 [WARN] PackLoader:240 - Cannot read IP mode file for STMicroelectronics.X-CUBE-EEPRMA1.4.1.0
2024-01-01 11:33:44,827 [WARN] PackLoader:240 - Cannot read IP mode file for STMicroelectronics.X-CUBE-AI.8.1.0
2024-01-01 11:33:44,858 [WARN] ConditionMgr:438 - getConditionDescription Invalid condition id : LAN8742 Phy interface Condition cause : null
2024-01-01 11:33:44,859 [WARN] PackLoader:240 - Cannot read IP mode file for STMicroelectronics.X-CUBE-AZRTOS-L4.2.0.0
2024-01-01 11:33:44,860 [WARN] ConditionMgr:1039 - genDependencies : Invalid condition id : LAN8742 Phy interface Condition cause : null
2024-01-01 11:33:44,860 [WARN] ConditionMgr:1039 - genDependencies : Invalid condition id : LAN8742 Phy interface Condition cause : null
2024-01-01 11:33:44,860 [WARN] ConditionMgr:1039 - genDependencies : Invalid condition id : LAN8742 Phy interface Condition cause : null
2024-01-01 11:33:44,873 [WARN] PackLoader:240 - Cannot read IP mode file for STMicroelectronics.X-CUBE-SFXS2LP1.4.0.0
2024-01-01 11:33:44,901 [WARN] PackLoader:240 - Cannot read IP mode file for STMicroelectronics.X-CUBE-AZRTOS-H7.3.0.0
2024-01-01 11:33:44,922 [WARN] PackLoader:240 - Cannot read IP mode file for STMicroelectronics.X-CUBE-ISPU.1.1.0
2024-01-01 11:33:44,937 [WARN] PackLoader:240 - Cannot read IP mode file for RoweBots.I-CUBE-UNISONRTOS.5.5.0-4
2024-01-01 11:33:44,949 [WARN] PackLoader:240 - Cannot read IP mode file for STMicroelectronics.X-CUBE-AI.8.0.0
2024-01-01 11:33:44,970 [WARN] ConditionMgr:438 - getConditionDescription Invalid condition id : UX DEVICE CLASS RTOS Condition cause : null
2024-01-01 11:33:44,970 [WARN] ConditionMgr:438 - getConditionDescription Invalid condition id : UX DEVICE CLASS RTOS Condition cause : null
2024-01-01 11:33:44,971 [WARN] PackLoader:240 - Cannot read IP mode file for STMicroelectronics.X-CUBE-AZRTOS-WB.2.0.0
2024-01-01 11:33:44,971 [WARN] ConditionMgr:1039 - genDependencies : Invalid condition id : UX DEVICE CLASS RTOS Condition cause : null
2024-01-01 11:33:44,971 [WARN] ConditionMgr:1039 - genDependencies : Invalid condition id : UX DEVICE CLASS RTOS Condition cause : null
2024-01-01 11:33:44,971 [WARN] ConditionMgr:1039 - genDependencies : Invalid condition id : UX DEVICE CLASS RTOS Condition cause : null
2024-01-01 11:33:44,971 [WARN] ConditionMgr:1039 - genDependencies : Invalid condition id : UX DEVICE CLASS RTOS Condition cause : null
2024-01-01 11:33:44,971 [WARN] ConditionMgr:1039 - genDependencies : Invalid condition id : UX DEVICE CLASS RTOS Condition cause : null
2024-01-01 11:33:44,989 [WARN] PackLoader:240 - Cannot read IP mode file for STMicroelectronics.X-CUBE-FREERTOS.1.0.0
2024-01-01 11:33:45,004 [WARN] PackLoader:240 - Cannot read IP mode file for STMicroelectronics.X-CUBE-FREERTOS.1.0.1
2024-01-01 11:33:45,027 [WARN] PackLoader:240 - Cannot read IP mode file for STMicroelectronics.X-CUBE-AZRTOS-L5.1.1.0
2024-01-01 11:33:45,040 [WARN] PackLoader:240 - Cannot read IP mode file for STMicroelectronics.X-CUBE-AI.8.0.1
2024-01-01 11:33:45,059 [WARN] PackLoader:240 - Cannot read IP mode file for STMicroelectronics.X-CUBE-SUBG2.5.0.0
2024-01-01 11:33:45,081 [WARN] PackLoader:240 - Cannot read IP mode file for STMicroelectronics.X-CUBE-TOF1.3.3.1
2024-01-01 11:33:45,115 [WARN] PackLoader:240 - Cannot read IP mode file for STMicroelectronics.X-CUBE-AZRTOS-G4.2.0.0
2024-01-01 11:33:45,134 [WARN] PackLoader:240 - Cannot read IP mode file for STMicroelectronics.X-CUBE-TOF1.3.3.0
2024-01-01 11:33:45,154 [WARN] PackLoader:240 - Cannot read IP mode file for STMicroelectronics.FP-ATR-ASTRA1.1.1.1
2024-01-01 11:33:45,181 [WARN] PackLoader:240 - Cannot read IP mode file for Infineon.AIROC-Wi-Fi-Bluetooth-STM32.1.5.1
2024-01-01 11:33:45,198 [WARN] PackLoader:240 - Cannot read IP mode file for STMicroelectronics.FP-SNS-MOTENVWB1.1.3.0
2024-01-01 11:33:45,213 [WARN] PackLoader:240 - Cannot read IP mode file for STMicroelectronics.FP-SNS-MOTENVWB1.1.3.1
2024-01-01 11:33:45,238 [WARN] PackLoader:240 - Cannot read IP mode file for STMicroelectronics.X-CUBE-AZRTOS-G4.1.0.0
2024-01-01 11:33:45,269 [WARN] PackLoader:240 - Cannot read IP mode file for STMicroelectronics.X-CUBE-AZRTOS-L4.1.0.0
2024-01-01 11:33:45,284 [WARN] PackLoader:240 - Cannot read IP mode file for STMicroelectronics.X-CUBE-ISPU.2.0.0
2024-01-01 11:33:45,334 [WARN] PackLoader:240 - Cannot read IP mode file for STMicroelectronics.X-CUBE-MEMS1.10.0.0
2024-01-01 11:33:45,436 [WARN] PackLoader:240 - Cannot read IP mode file for STMicroelectronics.X-CUBE-FREERTOS.1.1.0
2024-01-01 11:33:45,460 [WARN] PackLoader:240 - Cannot read IP mode file for STMicroelectronics.X-CUBE-AZRTOS-WL.1.0.0
2024-01-01 11:33:45,484 [WARN] PackLoader:240 - Cannot read IP mode file for portGmbH.I-Cube-SoM-uGOAL.1.1.0
2024-01-01 11:33:45,498 [WARN] PackLoader:240 - Cannot read IP mode file for STMicroelectronics.X-CUBE-ALS.1.0.1
2024-01-01 11:33:45,517 [WARN] PackLoader:240 - Cannot read IP mode file for STMicroelectronics.X-CUBE-AZRTOS-WB.1.1.0
2024-01-01 11:33:45,529 [WARN] PackLoader:240 - Cannot read IP mode file for STMicroelectronics.FP-ATR-ASTRA1.2.0.0
2024-01-01 11:33:45,546 [WARN] PackLoader:240 - Cannot read IP mode file for STMicroelectronics.X-CUBE-TOF1.3.4.0
2024-01-01 11:33:45,576 [WARN] PackLoader:240 - Cannot read IP mode file for STMicroelectronics.X-CUBE-AZRTOS-H7.3.2.0
2024-01-01 11:33:45,579 [INFO] ThirdParty:978 - Integrity check success = true
2024-01-01 11:33:45,579 [INFO] IntegrityCheckThread:100 - exiting critical section [integrity check]
2024-01-01 11:33:45,579 [INFO] IntegrityCheckThread:103 - End integrity checks thread
2024-01-01 11:33:45,732 [INFO] WebApp:780 - Register for checkConnection events
2024-01-01 11:33:45,733 [INFO] WebApp:414 - Apply proxy settings
2024-01-01 11:33:45,733 [INFO] WebApp:499 - Chromium requires no authentication
2024-01-01 11:33:45,745 [INFO] WebApp:442 - Direct internet connection detected
2024-01-01 11:33:45,925 [INFO] WebApp:192 - Starting web application
2024-01-01 11:33:45,925 [INFO] WebApp:544 - Web application path used C:\ST\STM32CubeIDE_1.11.2\STM32CubeIDE\plugins\com.st.stm32cube.common.mx_6.10.0.202311202037\db\plugins\mcufinder\reactClient1\index.html
2024-01-01 11:34:06,643 [ERROR] LogOutputStream:75 - [STDERR_REDIRECT] SLF4J: Failed to load class "org.slf4j.impl.StaticLoggerBinder".
2024-01-01 11:34:06,644 [ERROR] LogOutputStream:75 - [STDERR_REDIRECT] SLF4J: Defaulting to no-operation (NOP) logger implementation
2024-01-01 11:34:06,645 [ERROR] LogOutputStream:75 - [STDERR_REDIRECT] SLF4J: See http://www.slf4j.org/codes.html#StaticLoggerBinder for further details.
2024-01-01 11:40:44,805 [INFO] WebApp:354 - JxBrowser engine has been closed 
2024-01-01 11:40:44,868 [ERROR] LogOutputStream:75 - [STDERR_REDIRECT] 
