2024-06-17 20:39:59,668 [INFO] Activator:176 - 


2024-06-17 20:39:59,673 [INFO] Activator:177 - !SESSION log4j initialized
2024-06-17 20:40:03,889 [INFO] LogOutputStream:77 - [STDOUT_REDIRECT] 
2024-06-17 20:40:07,230 [INFO] ApplicationProperties:184 - Using Application install path: C:\ST\STM32CubeIDE_1.11.2\STM32CubeIDE\plugins\com.st.stm32cube.common.mx_6.11.1.202404110753
2024-06-17 20:40:07,243 [INFO] DbMcusXml:78 - Set database path to: C:\ST\STM32CubeIDE_1.11.2\STM32CubeIDE\plugins\com.st.stm32cube.common.mx_6.11.1.202404110753\\db\/mcu/
2024-06-17 20:40:07,243 [INFO] ApiDb:274 - Set plugin database path to: C:\ST\STM32CubeIDE_1.11.2\STM32CubeIDE\plugins\com.st.stm32cube.common.mx_6.11.1.202404110753\\db\/plugins/boardmanager/
2024-06-17 20:40:07,244 [WARN] ApiDb:259 - Overriding images path with different value:  => C:\ST\STM32CubeIDE_1.11.2\STM32CubeIDE\plugins\com.st.stm32cube.common.mx_6.11.1.202404110753\\db\/plugins/mcufinder/images/
2024-06-17 20:40:07,247 [INFO] ApiDb:250 - Set database path to: C:\Users\bakra\.stmcufinder\plugins\mcufinder//mcu/
2024-06-17 20:40:07,249 [INFO] DbMcusAds:125 - Set database path to: C:\Users\bakra\.stmcufinder\plugins\mcufinder//mcu/
2024-06-17 20:40:07,250 [INFO] CrossReferenceDbSqlite:203 - Set database path to: C:\Users\bakra\.stmcufinder\plugins\mcufinder//mcu/cs/
2024-06-17 20:40:07,343 [INFO] RulesReader:64 - Compatibility file has been processed (297 Rules)
2024-06-17 20:40:07,409 [INFO] DbMcusXml:78 - Set database path to: C:\ST\STM32CubeIDE_1.11.2\STM32CubeIDE\plugins\com.st.stm32cube.common.mx_6.11.1.202404110753\\db\/mcu/
2024-06-17 20:40:07,409 [INFO] ApiDb:274 - Set plugin database path to: C:\ST\STM32CubeIDE_1.11.2\STM32CubeIDE\plugins\com.st.stm32cube.common.mx_6.11.1.202404110753\\db\/plugins/boardmanager/
2024-06-17 20:40:07,410 [INFO] ApiDb:261 - Set plugin images path to: C:\ST\STM32CubeIDE_1.11.2\STM32CubeIDE\plugins\com.st.stm32cube.common.mx_6.11.1.202404110753\\db\/plugins/mcufinder/images/
2024-06-17 20:40:07,410 [WARN] DbFile:41 - Overriding database path with different value: C:\Users\bakra\.stmcufinder\plugins\mcufinder/ => C:\Users\bakra\.stmcufinder\plugins\mcufinder
2024-06-17 20:40:07,410 [INFO] ApiDb:250 - Set database path to: C:\Users\bakra\.stmcufinder\plugins\mcufinder//mcu/
2024-06-17 20:40:07,410 [WARN] DbFile:41 - Overriding database path with different value: C:\Users\bakra\.stmcufinder\plugins\mcufinder/ => C:\Users\bakra\.stmcufinder\plugins\mcufinder
2024-06-17 20:40:07,410 [INFO] DbMcusAds:125 - Set database path to: C:\Users\bakra\.stmcufinder\plugins\mcufinder//mcu/
2024-06-17 20:40:07,410 [WARN] DbFile:41 - Overriding database path with different value: C:\Users\bakra\.stmcufinder\plugins\mcufinder/ => C:\Users\bakra\.stmcufinder\plugins\mcufinder
2024-06-17 20:40:07,410 [WARN] DbFile:41 - Overriding database path with different value: C:\Users\bakra\.stmcufinder\plugins\mcufinder/ => C:\Users\bakra\.stmcufinder\plugins\mcufinder
2024-06-17 20:40:07,410 [INFO] CrossReferenceDbSqlite:203 - Set database path to: C:\Users\bakra\.stmcufinder\plugins\mcufinder//mcu/cs/
2024-06-17 20:40:07,463 [INFO] MainPanel:264 - HeapMemory: 268435456
2024-06-17 20:40:07,516 [INFO] DbMcusXml:78 - Set database path to: C:\ST\STM32CubeIDE_1.11.2\STM32CubeIDE\plugins\com.st.stm32cube.common.mx_6.11.1.202404110753\\db\/mcu/
2024-06-17 20:40:07,516 [INFO] ApiDb:274 - Set plugin database path to: C:\ST\STM32CubeIDE_1.11.2\STM32CubeIDE\plugins\com.st.stm32cube.common.mx_6.11.1.202404110753\\db\/plugins/boardmanager/
2024-06-17 20:40:07,516 [INFO] ApiDb:261 - Set plugin images path to: C:\ST\STM32CubeIDE_1.11.2\STM32CubeIDE\plugins\com.st.stm32cube.common.mx_6.11.1.202404110753\\db\/plugins/mcufinder/images/
2024-06-17 20:40:07,516 [WARN] DbFile:41 - Overriding database path with different value: C:\Users\bakra\.stmcufinder\plugins\mcufinder/ => C:\Users\bakra\.stmcufinder\plugins\mcufinder
2024-06-17 20:40:07,516 [INFO] ApiDb:250 - Set database path to: C:\Users\bakra\.stmcufinder\plugins\mcufinder//mcu/
2024-06-17 20:40:07,516 [WARN] DbFile:41 - Overriding database path with different value: C:\Users\bakra\.stmcufinder\plugins\mcufinder/ => C:\Users\bakra\.stmcufinder\plugins\mcufinder
2024-06-17 20:40:07,516 [INFO] DbMcusAds:125 - Set database path to: C:\Users\bakra\.stmcufinder\plugins\mcufinder//mcu/
2024-06-17 20:40:07,516 [WARN] DbFile:41 - Overriding database path with different value: C:\Users\bakra\.stmcufinder\plugins\mcufinder/ => C:\Users\bakra\.stmcufinder\plugins\mcufinder
2024-06-17 20:40:07,516 [WARN] DbFile:41 - Overriding database path with different value: C:\Users\bakra\.stmcufinder\plugins\mcufinder/ => C:\Users\bakra\.stmcufinder\plugins\mcufinder
2024-06-17 20:40:07,516 [INFO] CrossReferenceDbSqlite:203 - Set database path to: C:\Users\bakra\.stmcufinder\plugins\mcufinder//mcu/cs/
2024-06-17 20:40:07,530 [INFO] ApplicationProperties:184 - Using Application install path: C:\ST\STM32CubeIDE_1.11.2\STM32CubeIDE\plugins\com.st.stm32cube.common.mx_6.11.1.202404110753
2024-06-17 20:40:07,531 [INFO] PluginManage:196 - Search for loadable plugins [exclusion list=, ]
2024-06-17 20:40:07,532 [INFO] PluginManage:310 - Check plugin analytics
2024-06-17 20:40:07,643 [INFO] AnalyticsPlugin:253 - Accepted Software Licenses: 
2024-06-17 20:40:07,643 [INFO] AnalyticsPlugin:255 - Accepted CMSIS Pack Licenses: 
2024-06-17 20:40:07,643 [INFO] AnalyticsPlugin:257 - Accepted Firmware Licenses: 
2024-06-17 20:40:07,644 [INFO] PluginManage:359 - Loaded plugin analytics (category:tool,tabindex:-1)
2024-06-17 20:40:07,645 [INFO] PluginManage:310 - Check plugin cadmodel
2024-06-17 20:40:07,674 [INFO] CADModel:105 - Init CAD model plugin
2024-06-17 20:40:07,674 [INFO] PluginManage:359 - Loaded plugin cadmodel (category:power,tabindex:5)
2024-06-17 20:40:07,674 [INFO] PluginManage:310 - Check plugin clock
2024-06-17 20:40:07,688 [INFO] PluginManage:359 - Loaded plugin clock (category:base,tabindex:2)
2024-06-17 20:40:07,688 [INFO] PluginManage:310 - Check plugin ddr
2024-06-17 20:40:07,689 [INFO] PluginManage:359 - Loaded plugin ddr (category:tool,tabindex:6)
2024-06-17 20:40:07,690 [INFO] PluginManage:310 - Check plugin filemanager
2024-06-17 20:40:07,785 [INFO] PluginManage:359 - Loaded plugin filemanager (category:base,tabindex:10)
2024-06-17 20:40:07,785 [INFO] PluginManage:310 - Check plugin ipmanager
2024-06-17 20:40:07,790 [INFO] PluginManage:359 - Loaded plugin ipmanager (category:base,tabindex:5)
2024-06-17 20:40:07,791 [INFO] PluginManage:310 - Check plugin lpbam
2024-06-17 20:40:07,804 [INFO] PluginManage:359 - Loaded plugin lpbam (category:base,tabindex:0)
2024-06-17 20:40:07,804 [INFO] PluginManage:310 - Check plugin memorymap
2024-06-17 20:40:07,820 [INFO] PluginManage:359 - Loaded plugin memorymap (category:base,tabindex:4)
2024-06-17 20:40:07,820 [INFO] PluginManage:310 - Check plugin pinoutandconfiguration
2024-06-17 20:40:07,834 [INFO] PluginManage:359 - Loaded plugin pinoutandconfiguration (category:base,tabindex:1)
2024-06-17 20:40:07,834 [INFO] PluginManage:310 - Check plugin pinoutconfig
2024-06-17 20:40:07,906 [WARN] SupportedApi:132 - Cannot load RTOS API schema: s4s-elt-must-match.1: The content of 'definitions' must match (annotation?, (simpleType | complexType)?, (unique | key | keyref)*)). A problem was found starting at: attribute.
2024-06-17 20:40:07,997 [INFO] PluginManage:359 - Loaded plugin pinoutconfig (category:base,tabindex:0)
2024-06-17 20:40:07,997 [INFO] PluginManage:310 - Check plugin power
2024-06-17 20:40:08,011 [INFO] PluginManage:359 - Loaded plugin power (category:power,tabindex:4)
2024-06-17 20:40:08,012 [INFO] PluginManage:310 - Check plugin projectmanager
2024-06-17 20:40:08,023 [INFO] PluginManage:359 - Loaded plugin projectmanager (category:projectmanager,tabindex:3)
2024-06-17 20:40:08,024 [INFO] PluginManage:310 - Check plugin thirdparty
2024-06-17 20:40:08,236 [INFO] PluginManage:359 - Loaded plugin thirdparty (category:base,tabindex:-1)
2024-06-17 20:40:08,236 [WARN] IntegrityCheckThread:84 - waiting for thirdparty lock release [integrity check]
2024-06-17 20:40:08,236 [INFO] PluginManage:310 - Check plugin tools
2024-06-17 20:40:08,236 [INFO] IntegrityCheckThread:86 - entering critical section [integrity check]
2024-06-17 20:40:08,236 [INFO] ThirdPartyUpdaterWithRetryManager:70 - Updater plugin not ready yet. [1/15]
2024-06-17 20:40:08,265 [INFO] PluginManage:359 - Loaded plugin tools (category:base,tabindex:7)
2024-06-17 20:40:08,265 [INFO] PluginManage:310 - Check plugin tutovideos
2024-06-17 20:40:08,427 [INFO] PluginManage:359 - Loaded plugin tutovideos (category:base,tabindex:-1)
2024-06-17 20:40:08,428 [INFO] PluginManage:310 - Check plugin updater
2024-06-17 20:40:08,438 [INFO] PluginManage:359 - Loaded plugin updater (category:base,tabindex:12)
2024-06-17 20:40:08,438 [INFO] PluginManage:310 - Check plugin userauth
2024-06-17 20:40:08,443 [INFO] UserAuth:114 - Init User Auth plugin
2024-06-17 20:40:08,443 [INFO] PluginManage:359 - Loaded plugin userauth (category:base,tabindex:14)
2024-06-17 20:40:08,443 [INFO] PluginManage:283 - PluginManage : Loaded plugins [17]
2024-06-17 20:40:08,606 [INFO] PinOutPanel:1561 - setPackage(No Configuration,No Configuration)
2024-06-17 20:40:08,659 [INFO] CADModel:165 - CPN selected for project level
2024-06-17 20:40:08,659 [INFO] CADModel:114 - Register for checkConnection events
2024-06-17 20:40:08,677 [INFO] IPUIPlugin:80 - create IPUIPlugin
2024-06-17 20:40:08,678 [INFO] PluginManager:220 - loadIPPluginJar : add adc
2024-06-17 20:40:08,706 [INFO] IPUIPlugin:80 - create IPUIPlugin
2024-06-17 20:40:08,706 [INFO] PluginManager:220 - loadIPPluginJar : add aes
2024-06-17 20:40:08,736 [INFO] IPUIPlugin:80 - create IPUIPlugin
2024-06-17 20:40:08,736 [INFO] PluginManager:220 - loadIPPluginJar : add can
2024-06-17 20:40:08,755 [INFO] IPUIPlugin:80 - create IPUIPlugin
2024-06-17 20:40:08,755 [INFO] PluginManager:220 - loadIPPluginJar : add comp
2024-06-17 20:40:08,782 [INFO] IPUIPlugin:80 - create IPUIPlugin
2024-06-17 20:40:08,782 [INFO] PluginManager:220 - loadIPPluginJar : add cryp
2024-06-17 20:40:08,806 [INFO] IPUIPlugin:80 - create IPUIPlugin
2024-06-17 20:40:08,806 [INFO] PluginManager:220 - loadIPPluginJar : add dfsdm
2024-06-17 20:40:08,817 [INFO] IPUIPlugin:80 - create IPUIPlugin
2024-06-17 20:40:08,818 [INFO] PluginManager:220 - loadIPPluginJar : add dma
2024-06-17 20:40:08,854 [INFO] IPUIPlugin:80 - create IPUIPlugin
2024-06-17 20:40:08,854 [INFO] PluginManager:220 - loadIPPluginJar : add dma3
2024-06-17 20:40:08,890 [INFO] IPUIPlugin:80 - create IPUIPlugin
2024-06-17 20:40:08,890 [INFO] PluginManager:220 - loadIPPluginJar : add extmemmanager
2024-06-17 20:40:08,908 [INFO] IPUIPlugin:80 - create IPUIPlugin
2024-06-17 20:40:08,908 [INFO] PluginManager:220 - loadIPPluginJar : add fatfs
2024-06-17 20:40:08,945 [INFO] IPUIPlugin:80 - create IPUIPlugin
2024-06-17 20:40:08,945 [INFO] PluginManager:220 - loadIPPluginJar : add fmc
2024-06-17 20:40:08,957 [INFO] IPUIPlugin:80 - create IPUIPlugin
2024-06-17 20:40:08,957 [INFO] PluginManager:220 - loadIPPluginJar : add freertos
2024-06-17 20:40:08,973 [INFO] IPUIPlugin:80 - create IPUIPlugin
2024-06-17 20:40:08,974 [INFO] PluginManager:220 - loadIPPluginJar : add genericplugin
2024-06-17 20:40:09,044 [INFO] IPUIPlugin:80 - create IPUIPlugin
2024-06-17 20:40:09,044 [INFO] PluginManager:220 - loadIPPluginJar : add gfxmmu
2024-06-17 20:40:09,150 [INFO] IPUIPlugin:80 - create IPUIPlugin
2024-06-17 20:40:09,150 [INFO] PluginManager:220 - loadIPPluginJar : add gic
2024-06-17 20:40:09,160 [INFO] IPUIPlugin:80 - create IPUIPlugin
2024-06-17 20:40:09,160 [INFO] PluginManager:220 - loadIPPluginJar : add gpio
2024-06-17 20:40:09,233 [INFO] IPUIPlugin:80 - create IPUIPlugin
2024-06-17 20:40:09,233 [INFO] PluginManager:220 - loadIPPluginJar : add gtzc
2024-06-17 20:40:09,259 [INFO] IPUIPlugin:80 - create IPUIPlugin
2024-06-17 20:40:09,259 [INFO] PluginManager:220 - loadIPPluginJar : add hash
2024-06-17 20:40:09,300 [INFO] IPUIPlugin:80 - create IPUIPlugin
2024-06-17 20:40:09,300 [INFO] PluginManager:220 - loadIPPluginJar : add i2c
2024-06-17 20:40:09,331 [INFO] IPUIPlugin:80 - create IPUIPlugin
2024-06-17 20:40:09,331 [INFO] PluginManager:220 - loadIPPluginJar : add i2s
2024-06-17 20:40:09,364 [INFO] IPUIPlugin:80 - create IPUIPlugin
2024-06-17 20:40:09,364 [INFO] PluginManager:220 - loadIPPluginJar : add i3c
2024-06-17 20:40:09,448 [INFO] IPUIPlugin:80 - create IPUIPlugin
2024-06-17 20:40:09,448 [INFO] PluginManager:220 - loadIPPluginJar : add ipddr
2024-06-17 20:40:09,518 [INFO] IPUIPlugin:80 - create IPUIPlugin
2024-06-17 20:40:09,518 [INFO] PluginManager:220 - loadIPPluginJar : add linkedlist
2024-06-17 20:40:09,548 [INFO] IPUIPlugin:80 - create IPUIPlugin
2024-06-17 20:40:09,548 [INFO] PluginManager:220 - loadIPPluginJar : add lorawan
2024-06-17 20:40:09,578 [INFO] IPUIPlugin:80 - create IPUIPlugin
2024-06-17 20:40:09,578 [INFO] PluginManager:220 - loadIPPluginJar : add ltdc
2024-06-17 20:40:09,590 [INFO] IPUIPlugin:80 - create IPUIPlugin
2024-06-17 20:40:09,590 [INFO] PluginManager:220 - loadIPPluginJar : add mdma
2024-06-17 20:40:09,600 [INFO] IPUIPlugin:80 - create IPUIPlugin
2024-06-17 20:40:09,600 [INFO] PluginManager:220 - loadIPPluginJar : add nvic
2024-06-17 20:40:09,633 [INFO] IPUIPlugin:80 - create IPUIPlugin
2024-06-17 20:40:09,633 [INFO] PluginManager:220 - loadIPPluginJar : add opamp
2024-06-17 20:40:09,693 [INFO] IPUIPlugin:80 - create IPUIPlugin
2024-06-17 20:40:09,693 [INFO] PluginManager:220 - loadIPPluginJar : add openamp
2024-06-17 20:40:09,729 [INFO] IPUIPlugin:80 - create IPUIPlugin
2024-06-17 20:40:09,729 [INFO] PluginManager:220 - loadIPPluginJar : add pdm2pcm
2024-06-17 20:40:09,740 [INFO] IPUIPlugin:80 - create IPUIPlugin
2024-06-17 20:40:09,742 [INFO] PluginManager:220 - loadIPPluginJar : add plateformsettings
2024-06-17 20:40:09,760 [INFO] IPUIPlugin:80 - create IPUIPlugin
2024-06-17 20:40:09,760 [INFO] PluginManager:220 - loadIPPluginJar : add quadspi
2024-06-17 20:40:09,770 [INFO] IPUIPlugin:80 - create IPUIPlugin
2024-06-17 20:40:09,770 [INFO] PluginManager:220 - loadIPPluginJar : add resmgrutility
2024-06-17 20:40:09,807 [INFO] IPUIPlugin:80 - create IPUIPlugin
2024-06-17 20:40:09,807 [INFO] PluginManager:220 - loadIPPluginJar : add sai
2024-06-17 20:40:09,838 [INFO] IPUIPlugin:80 - create IPUIPlugin
2024-06-17 20:40:09,839 [INFO] PluginManager:220 - loadIPPluginJar : add spi
2024-06-17 20:40:09,893 [INFO] IPUIPlugin:80 - create IPUIPlugin
2024-06-17 20:40:09,893 [INFO] PluginManager:220 - loadIPPluginJar : add stm32_wpan
2024-06-17 20:40:09,912 [INFO] IPUIPlugin:80 - create IPUIPlugin
2024-06-17 20:40:09,912 [INFO] PluginManager:220 - loadIPPluginJar : add tim
2024-06-17 20:40:09,959 [INFO] IPUIPlugin:80 - create IPUIPlugin
2024-06-17 20:40:09,959 [INFO] PluginManager:220 - loadIPPluginJar : add touchsensing
2024-06-17 20:40:09,978 [INFO] IPUIPlugin:80 - create IPUIPlugin
2024-06-17 20:40:09,978 [INFO] PluginManager:220 - loadIPPluginJar : add tracer_emb
2024-06-17 20:40:09,996 [INFO] IPUIPlugin:80 - create IPUIPlugin
2024-06-17 20:40:09,997 [INFO] PluginManager:220 - loadIPPluginJar : add ts
2024-06-17 20:40:10,014 [INFO] IPUIPlugin:80 - create IPUIPlugin
2024-06-17 20:40:10,014 [INFO] PluginManager:220 - loadIPPluginJar : add tsc
2024-06-17 20:40:10,031 [INFO] IPUIPlugin:80 - create IPUIPlugin
2024-06-17 20:40:10,031 [INFO] PluginManager:220 - loadIPPluginJar : add ucpd
2024-06-17 20:40:10,063 [INFO] IPUIPlugin:80 - create IPUIPlugin
2024-06-17 20:40:10,063 [INFO] PluginManager:220 - loadIPPluginJar : add usart
2024-06-17 20:40:10,096 [INFO] IPUIPlugin:80 - create IPUIPlugin
2024-06-17 20:40:10,096 [INFO] PluginManager:220 - loadIPPluginJar : add usbx
2024-06-17 20:40:10,210 [INFO] CADModel:165 - CPN selected for project level
2024-06-17 20:40:10,210 [INFO] CADModel:114 - Register for checkConnection events
2024-06-17 20:40:10,210 [FATAL] Updater:308 - Updater called before beeing initialized
2024-06-17 20:40:10,210 [ERROR] CADModel:125 - Updater not yet initialized, retry later 
2024-06-17 20:40:10,303 [INFO] CADModel:165 - CPN selected for project level
2024-06-17 20:40:10,303 [INFO] CADModel:114 - Register for checkConnection events
2024-06-17 20:40:10,304 [FATAL] Updater:308 - Updater called before beeing initialized
2024-06-17 20:40:10,304 [ERROR] CADModel:125 - Updater not yet initialized, retry later 
2024-06-17 20:40:10,306 [FATAL] Updater:308 - Updater called before beeing initialized
2024-06-17 20:40:10,383 [FATAL] Updater:308 - Updater called before beeing initialized
2024-06-17 20:40:10,393 [INFO] DbMcusAds:53 - JSON generation date=Thu May 16 05:22:00 EDT 2024 (1715851320852)
2024-06-17 20:40:10,393 [FATAL] Updater:308 - Updater called before beeing initialized
2024-06-17 20:40:10,419 [WARN] DetailPanel:346 - Failed to get advertising image, set to default
2024-06-17 20:40:10,503 [FATAL] Updater:308 - Updater called before beeing initialized
2024-06-17 20:40:10,504 [FATAL] Updater:308 - Updater called before beeing initialized
2024-06-17 20:40:10,504 [FATAL] Updater:308 - Updater called before beeing initialized
2024-06-17 20:40:10,504 [WARN] DetailPanel:346 - Failed to get advertising image, set to default
2024-06-17 20:40:10,505 [FATAL] Updater:308 - Updater called before beeing initialized
2024-06-17 20:40:10,553 [ERROR] Updater:1120 - MainUpdater not yet initialized. External WinMGr cannot be set.
2024-06-17 20:40:10,564 [INFO] Updater:1056 - Updater Version found : 6.11.1
2024-06-17 20:40:10,578 [INFO] ApplicationProperties:184 - Using Application install path: C:\ST\STM32CubeIDE_1.11.2\STM32CubeIDE\plugins\com.st.stm32cube.common.mx_6.11.1.202404110753
2024-06-17 20:40:11,238 [INFO] ThirdPartyUpdaterWithRetryManager:70 - Updater plugin not ready yet. [2/15]
2024-06-17 20:40:12,154 [ERROR] LogOutputStream:75 - [STDERR_REDIRECT] Jun 17, 2024 8:40:12 PM java.util.prefs.WindowsPreferences <init>
2024-06-17 20:40:12,155 [ERROR] LogOutputStream:75 - [STDERR_REDIRECT] WARNING: Could not open/create prefs root node Software\JavaSoft\Prefs at root 0xffffffff80000002. Windows RegCreateKeyEx(...) returned error code 5.
2024-06-17 20:40:12,156 [ERROR] LogOutputStream:75 - [STDERR_REDIRECT] 
2024-06-17 20:40:12,754 [INFO] MainUpdater:2873 - connection check result : 10
2024-06-17 20:40:12,754 [INFO] MainUpdater:290 - Updater Check For Update Now.
2024-06-17 20:40:12,755 [INFO] MicroXplorer:498 - Change Database Version : DB.6.0.111
2024-06-17 20:40:12,779 [INFO] McuFinderGlobals:63 - Set McuFinder mode to 2 (CubeIDE integrated)
2024-06-17 20:40:12,792 [INFO] UserAuth:415 - Internet connection configuration mode: 1
2024-06-17 20:40:12,830 [INFO] JxBrowserEngine:152 - Initiate JxBrowser Engine with user profile folder
2024-06-17 20:40:12,960 [INFO] CheckServerUpdateThread:120 - End of CheckServer Thread
2024-06-17 20:40:14,372 [WARN] PackLoader:240 - Cannot read IP mode file for STMicroelectronics.FP-SNS-MOTENVWB1.1.4.0
2024-06-17 20:40:14,385 [WARN] PackLoader:240 - Cannot read IP mode file for STMicroelectronics.X-CUBE-SMBUS.2.1.0
2024-06-17 20:40:14,397 [WARN] PackLoader:240 - Cannot read IP mode file for STMicroelectronics.X-CUBE-TOUCHGFX.4.23.0
2024-06-17 20:40:14,405 [WARN] PackLoader:240 - Cannot read IP mode file for STMicroelectronics.X-CUBE-TOUCHGFX.4.23.2
2024-06-17 20:40:14,436 [WARN] PackLoader:240 - Cannot read IP mode file for STMicroelectronics.X-CUBE-AZRTOS-F7.1.1.0
2024-06-17 20:40:14,452 [ERROR] RealEvaluatedCondition:428 - Found unsupported composite condition: CLASS='Data Exchange' GROUP='STM32_MetaDataManager'
2024-06-17 20:40:14,452 [ERROR] RealEvaluatedCondition:428 - Found unsupported composite condition: CLASS='Data Exchange' GROUP='STM32_MetaDataManager'
2024-06-17 20:40:14,453 [WARN] PackLoader:240 - Cannot read IP mode file for STMicroelectronics.FP-SNS-MOTENV1.4.3.0
2024-06-17 20:40:14,468 [WARN] PackLoader:240 - Cannot read IP mode file for STMicroelectronics.FP-SNS-MOTENV1.4.3.2
2024-06-17 20:40:14,482 [WARN] PackLoader:240 - Cannot read IP mode file for STMicroelectronics.FP-SNS-FLIGHT1.5.0.0
2024-06-17 20:40:14,494 [ERROR] RealEvaluatedCondition:428 - Found unsupported composite condition: GROUP='STM32_MetaDataManager' CLASS='Data Exchange'
2024-06-17 20:40:14,494 [ERROR] RealEvaluatedCondition:428 - Found unsupported composite condition: GROUP='STM32_MetaDataManager' CLASS='Data Exchange'
2024-06-17 20:40:14,495 [WARN] PackLoader:240 - Cannot read IP mode file for STMicroelectronics.FP-SNS-MOTENV1.4.3.1
2024-06-17 20:40:14,507 [WARN] PackLoader:240 - Cannot read IP mode file for STMicroelectronics.FP-SNS-FLIGHT1.5.0.1
2024-06-17 20:40:14,520 [WARN] PackLoader:240 - Cannot read IP mode file for STMicroelectronics.X-CUBE-BLE1.6.2.4
2024-06-17 20:40:14,531 [WARN] PackLoader:240 - Cannot read IP mode file for STMicroelectronics.FP-SNS-FLIGHT1.5.0.2
2024-06-17 20:40:14,544 [WARN] PackLoader:240 - Cannot read IP mode file for STMicroelectronics.X-CUBE-DISPLAY.3.0.0
2024-06-17 20:40:14,559 [WARN] PackLoader:240 - Cannot read IP mode file for STMicroelectronics.X-CUBE-BLE1.7.0.0
2024-06-17 20:40:14,569 [WARN] PackLoader:240 - Cannot read IP mode file for STMicroelectronics.X-CUBE-TOUCHGFX.4.22.0
2024-06-17 20:40:14,579 [WARN] PackLoader:240 - Cannot read IP mode file for STMicroelectronics.X-CUBE-TOUCHGFX.4.22.1
2024-06-17 20:40:14,593 [WARN] PackLoader:240 - Cannot read IP mode file for STMicroelectronics.X-CUBE-BLEMGR.3.1.0
2024-06-17 20:40:14,606 [WARN] PackLoader:240 - Cannot read IP mode file for STMicroelectronics.FP-SNS-SMARTAG2.1.2.0
2024-06-17 20:40:14,621 [INFO] LogOutputStream:77 - [STDOUT_REDIRECT] 1 : Invalid condition id : UX_CORESTACK_Condition cause : null
2024-06-17 20:40:14,622 [INFO] LogOutputStream:77 - [STDOUT_REDIRECT] 1 : Invalid condition id : UX_CORESTACK_Condition cause : null
2024-06-17 20:40:14,622 [INFO] LogOutputStream:77 - [STDOUT_REDIRECT] 1 : Invalid condition id : UX_CORESTACK_Condition cause : null
2024-06-17 20:40:14,623 [INFO] LogOutputStream:77 - [STDOUT_REDIRECT] 1 : Invalid condition id : UX_CORESTACK_Condition cause : null
2024-06-17 20:40:14,624 [INFO] LogOutputStream:77 - [STDOUT_REDIRECT] 1 : Invalid condition id : UX_CORESTACK_Condition cause : null
2024-06-17 20:40:14,626 [WARN] PackLoader:240 - Cannot read IP mode file for STMicroelectronics.X-CUBE-AZRTOS-WL.2.0.0
2024-06-17 20:40:14,636 [WARN] PackLoader:240 - Cannot read IP mode file for STMicroelectronics.FP-SNS-MOTENV1.5.0.0
2024-06-17 20:40:14,651 [WARN] PackLoader:240 - Cannot read IP mode file for WES.I-CUBE-Cesium.1.3.0
2024-06-17 20:40:14,662 [WARN] PackLoader:240 - Cannot read IP mode file for STMicroelectronics.X-CUBE-BLE2.3.3.0
2024-06-17 20:40:14,676 [WARN] PackLoader:240 - Cannot read IP mode file for STMicroelectronics.X-CUBE-TOF1.3.2.0
2024-06-17 20:40:14,691 [WARN] PackLoader:240 - Cannot read IP mode file for STMicroelectronics.X-CUBE-TCPP.4.1.0
2024-06-17 20:40:14,703 [WARN] PackLoader:240 - Cannot read IP mode file for STMicroelectronics.X-CUBE-TOUCHGFX.4.21.1
2024-06-17 20:40:14,714 [WARN] PackLoader:240 - Cannot read IP mode file for STMicroelectronics.X-CUBE-TOUCHGFX.4.21.3
2024-06-17 20:40:14,723 [WARN] PackLoader:240 - Cannot read IP mode file for STMicroelectronics.X-CUBE-TOUCHGFX.4.21.4
2024-06-17 20:40:14,735 [WARN] PackLoader:240 - Cannot read IP mode file for STMicroelectronics.X-CUBE-ALGOBUILD.1.3.0
2024-06-17 20:40:14,755 [WARN] PackLoader:240 - Cannot read IP mode file for STMicroelectronics.X-CUBE-AZRTOS-G0.1.1.0
2024-06-17 20:40:14,767 [WARN] PackLoader:240 - Cannot read IP mode file for STMicroelectronics.X-CUBE-SAFEA1.1.2.2
2024-06-17 20:40:14,780 [WARN] PackLoader:240 - Cannot read IP mode file for STMicroelectronics.X-CUBE-NFC4.3.0.0
2024-06-17 20:40:14,791 [WARN] PackLoader:240 - Cannot read IP mode file for wolfSSL.I-CUBE-wolfMQTT.1.18.0
2024-06-17 20:40:14,805 [WARN] PackLoader:240 - Cannot read IP mode file for STMicroelectronics.X-CUBE-BLEMGR.3.0.0
2024-06-17 20:40:14,821 [WARN] PackLoader:240 - Cannot read IP mode file for STMicroelectronics.X-CUBE-BLEMGR.1.3.0
2024-06-17 20:40:14,834 [WARN] PackLoader:240 - Cannot read IP mode file for STMicroelectronics.FP-ATR-SIGFOX1.3.2.0
2024-06-17 20:40:14,846 [WARN] PackLoader:240 - Cannot read IP mode file for STMicroelectronics.X-CUBE-EEPRMA1.5.1.0
2024-06-17 20:40:14,895 [WARN] PackLoader:240 - Cannot read IP mode file for STMicroelectronics.X-CUBE-MEMS1.9.5.0
2024-06-17 20:40:15,043 [WARN] PackLoader:240 - Cannot read IP mode file for SEGGER.I-CUBE-embOS.1.3.1
2024-06-17 20:40:15,086 [WARN] PackLoader:240 - Cannot read IP mode file for STMicroelectronics.X-CUBE-ALGOBUILD.1.4.0
2024-06-17 20:40:15,105 [WARN] PackLoader:240 - Cannot read IP mode file for STMicroelectronics.X-CUBE-GNSS1.6.0.0
2024-06-17 20:40:15,129 [WARN] PackLoader:240 - Cannot read IP mode file for STMicroelectronics.X-CUBE-AZRTOS-F4.1.1.0
2024-06-17 20:40:15,147 [WARN] PackLoader:240 - Cannot read IP mode file for STMicroelectronics.X-CUBE-FREERTOS.1.2.0
2024-06-17 20:40:15,173 [WARN] PackLoader:240 - Cannot read IP mode file for STMicroelectronics.X-CUBE-AZRTOS-L5.2.0.0
2024-06-17 20:40:15,209 [WARN] PackLoader:240 - Cannot read IP mode file for STMicroelectronics.X-CUBE-MEMS1.9.6.0
2024-06-17 20:40:15,294 [WARN] PackLoader:240 - Cannot read IP mode file for STMicroelectronics.X-CUBE-EEPRMA1.4.2.0
2024-06-17 20:40:15,309 [WARN] PackLoader:240 - Cannot read IP mode file for STMicroelectronics.X-CUBE-NFC6.3.1.0
2024-06-17 20:40:15,323 [WARN] PackLoader:240 - Cannot read IP mode file for ITTIA_DB.I-CUBE-ITTIADB.8.8.0
2024-06-17 20:40:15,338 [WARN] PackLoader:240 - Cannot read IP mode file for emotas.I-CUBE-CANOPEN.1.1.3
2024-06-17 20:40:15,355 [WARN] PackLoader:240 - Cannot read IP mode file for STMicroelectronics.X-CUBE-BLEMGR.2.0.0
2024-06-17 20:40:15,368 [WARN] PackLoader:240 - Cannot read IP mode file for STMicroelectronics.X-CUBE-AI.9.0.0
2024-06-17 20:40:15,394 [WARN] ConditionMgr:438 - getConditionDescription Invalid condition id : UX DEVICE CLASS RTOS Condition cause : null
2024-06-17 20:40:15,394 [WARN] ConditionMgr:438 - getConditionDescription Invalid condition id : UX DEVICE CLASS RTOS Condition cause : null
2024-06-17 20:40:15,396 [WARN] PackLoader:240 - Cannot read IP mode file for STMicroelectronics.X-CUBE-AZRTOS-H7.3.1.0
2024-06-17 20:40:15,397 [WARN] ConditionMgr:1039 - genDependencies : Invalid condition id : UX DEVICE CLASS RTOS Condition cause : null
2024-06-17 20:40:15,397 [WARN] ConditionMgr:1039 - genDependencies : Invalid condition id : UX DEVICE CLASS RTOS Condition cause : null
2024-06-17 20:40:15,397 [WARN] ConditionMgr:1039 - genDependencies : Invalid condition id : UX DEVICE CLASS RTOS Condition cause : null
2024-06-17 20:40:15,398 [WARN] ConditionMgr:1039 - genDependencies : Invalid condition id : UX DEVICE CLASS RTOS Condition cause : null
2024-06-17 20:40:15,398 [WARN] ConditionMgr:1039 - genDependencies : Invalid condition id : UX DEVICE CLASS RTOS Condition cause : null
2024-06-17 20:40:15,413 [WARN] PackLoader:240 - Cannot read IP mode file for wolfSSL.I-CUBE-wolfSSL.5.5.4
2024-06-17 20:40:15,426 [WARN] PackLoader:240 - Cannot read IP mode file for STMicroelectronics.X-CUBE-NFC7.1.0.1
2024-06-17 20:40:15,439 [WARN] PackLoader:240 - Cannot read IP mode file for STMicroelectronics.X-CUBE-NFC7.1.0.0
2024-06-17 20:40:15,453 [WARN] PackLoader:240 - Cannot read IP mode file for STMicroelectronics.X-CUBE-NFC6.3.0.0
2024-06-17 20:40:15,467 [WARN] PackLoader:240 - Cannot read IP mode file for STMicroelectronics.X-CUBE-EEPRMA1.4.1.0
2024-06-17 20:40:15,481 [WARN] PackLoader:240 - Cannot read IP mode file for STMicroelectronics.X-CUBE-AI.8.1.0
2024-06-17 20:40:15,503 [WARN] ConditionMgr:438 - getConditionDescription Invalid condition id : LAN8742 Phy interface Condition cause : null
2024-06-17 20:40:15,504 [WARN] PackLoader:240 - Cannot read IP mode file for STMicroelectronics.X-CUBE-AZRTOS-L4.2.0.0
2024-06-17 20:40:15,504 [WARN] ConditionMgr:1039 - genDependencies : Invalid condition id : LAN8742 Phy interface Condition cause : null
2024-06-17 20:40:15,505 [WARN] ConditionMgr:1039 - genDependencies : Invalid condition id : LAN8742 Phy interface Condition cause : null
2024-06-17 20:40:15,505 [WARN] ConditionMgr:1039 - genDependencies : Invalid condition id : LAN8742 Phy interface Condition cause : null
2024-06-17 20:40:15,518 [WARN] PackLoader:240 - Cannot read IP mode file for STMicroelectronics.X-CUBE-SFXS2LP1.4.0.0
2024-06-17 20:40:15,545 [WARN] PackLoader:240 - Cannot read IP mode file for STMicroelectronics.X-CUBE-AZRTOS-H7.3.0.0
2024-06-17 20:40:15,558 [WARN] PackLoader:240 - Cannot read IP mode file for STMicroelectronics.X-CUBE-ISPU.1.1.0
2024-06-17 20:40:15,576 [WARN] PackLoader:240 - Cannot read IP mode file for RoweBots.I-CUBE-UNISONRTOS.5.5.0-4
2024-06-17 20:40:15,591 [WARN] PackLoader:240 - Cannot read IP mode file for STMicroelectronics.X-CUBE-AI.8.0.0
2024-06-17 20:40:15,611 [WARN] ConditionMgr:438 - getConditionDescription Invalid condition id : UX DEVICE CLASS RTOS Condition cause : null
2024-06-17 20:40:15,611 [WARN] ConditionMgr:438 - getConditionDescription Invalid condition id : UX DEVICE CLASS RTOS Condition cause : null
2024-06-17 20:40:15,612 [WARN] PackLoader:240 - Cannot read IP mode file for STMicroelectronics.X-CUBE-AZRTOS-WB.2.0.0
2024-06-17 20:40:15,612 [WARN] ConditionMgr:1039 - genDependencies : Invalid condition id : UX DEVICE CLASS RTOS Condition cause : null
2024-06-17 20:40:15,612 [WARN] ConditionMgr:1039 - genDependencies : Invalid condition id : UX DEVICE CLASS RTOS Condition cause : null
2024-06-17 20:40:15,612 [WARN] ConditionMgr:1039 - genDependencies : Invalid condition id : UX DEVICE CLASS RTOS Condition cause : null
2024-06-17 20:40:15,612 [WARN] ConditionMgr:1039 - genDependencies : Invalid condition id : UX DEVICE CLASS RTOS Condition cause : null
2024-06-17 20:40:15,614 [WARN] ConditionMgr:1039 - genDependencies : Invalid condition id : UX DEVICE CLASS RTOS Condition cause : null
2024-06-17 20:40:15,624 [WARN] PackLoader:240 - Cannot read IP mode file for STMicroelectronics.X-CUBE-FREERTOS.1.0.0
2024-06-17 20:40:15,636 [WARN] PackLoader:240 - Cannot read IP mode file for STMicroelectronics.X-CUBE-FREERTOS.1.0.1
2024-06-17 20:40:15,659 [WARN] PackLoader:240 - Cannot read IP mode file for STMicroelectronics.X-CUBE-AZRTOS-L5.1.1.0
2024-06-17 20:40:15,672 [WARN] PackLoader:240 - Cannot read IP mode file for STMicroelectronics.X-CUBE-AI.8.0.1
2024-06-17 20:40:15,691 [WARN] PackLoader:240 - Cannot read IP mode file for STMicroelectronics.X-CUBE-SUBG2.5.0.0
2024-06-17 20:40:15,708 [WARN] PackLoader:240 - Cannot read IP mode file for Cesanta.I-CUBE-Mongoose.7.13.0
2024-06-17 20:40:15,723 [WARN] PackLoader:240 - Cannot read IP mode file for STMicroelectronics.X-CUBE-TOF1.3.3.1
2024-06-17 20:40:15,749 [WARN] PackLoader:240 - Cannot read IP mode file for STMicroelectronics.X-CUBE-AZRTOS-G4.2.0.0
2024-06-17 20:40:15,770 [WARN] PackLoader:240 - Cannot read IP mode file for STMicroelectronics.X-CUBE-TOF1.3.3.0
2024-06-17 20:40:15,790 [WARN] PackLoader:240 - Cannot read IP mode file for STMicroelectronics.FP-ATR-ASTRA1.1.1.1
2024-06-17 20:40:15,812 [WARN] PackLoader:240 - Cannot read IP mode file for Infineon.AIROC-Wi-Fi-Bluetooth-STM32.1.5.1
2024-06-17 20:40:15,825 [WARN] PackLoader:240 - Cannot read IP mode file for STMicroelectronics.FP-SNS-MOTENVWB1.1.3.0
2024-06-17 20:40:15,838 [WARN] PackLoader:240 - Cannot read IP mode file for STMicroelectronics.FP-SNS-MOTENVWB1.1.3.1
2024-06-17 20:40:15,860 [WARN] PackLoader:240 - Cannot read IP mode file for STMicroelectronics.X-CUBE-AZRTOS-G4.1.0.0
2024-06-17 20:40:15,883 [WARN] PackLoader:240 - Cannot read IP mode file for STMicroelectronics.X-CUBE-AZRTOS-L4.1.0.0
2024-06-17 20:40:15,896 [WARN] PackLoader:240 - Cannot read IP mode file for STMicroelectronics.X-CUBE-ISPU.2.0.0
2024-06-17 20:40:15,909 [WARN] PackLoader:240 - Cannot read IP mode file for STMicroelectronics.X-CUBE-ALS.1.0.2
2024-06-17 20:40:15,939 [WARN] PackLoader:240 - Cannot read IP mode file for STMicroelectronics.X-CUBE-MEMS1.10.0.0
2024-06-17 20:40:16,008 [WARN] PackLoader:240 - Cannot read IP mode file for STMicroelectronics.X-CUBE-FREERTOS.1.1.0
2024-06-17 20:40:16,028 [WARN] PackLoader:240 - Cannot read IP mode file for STMicroelectronics.X-CUBE-AZRTOS-WL.1.0.0
2024-06-17 20:40:16,040 [WARN] PackLoader:240 - Cannot read IP mode file for portGmbH.I-Cube-SoM-uGOAL.1.1.0
2024-06-17 20:40:16,054 [WARN] PackLoader:240 - Cannot read IP mode file for STMicroelectronics.X-CUBE-ALS.1.0.1
2024-06-17 20:40:16,078 [WARN] PackLoader:240 - Cannot read IP mode file for STMicroelectronics.X-CUBE-AZRTOS-WB.1.1.0
2024-06-17 20:40:16,107 [WARN] PackLoader:240 - Cannot read IP mode file for STMicroelectronics.X-CUBE-AZRTOS-H7RS.1.0.0
2024-06-17 20:40:16,121 [WARN] PackLoader:240 - Cannot read IP mode file for STMicroelectronics.FP-ATR-ASTRA1.2.0.0
2024-06-17 20:40:16,135 [WARN] PackLoader:240 - Cannot read IP mode file for STMicroelectronics.X-CUBE-TOF1.3.4.0
2024-06-17 20:40:16,157 [WARN] PackLoader:240 - Cannot read IP mode file for STMicroelectronics.X-CUBE-TOF1.3.4.1
2024-06-17 20:40:16,189 [WARN] PackLoader:240 - Cannot read IP mode file for STMicroelectronics.X-CUBE-AZRTOS-H7.3.2.0
2024-06-17 20:40:16,191 [INFO] ThirdParty:978 - Integrity check success = true
2024-06-17 20:40:16,191 [INFO] IntegrityCheckThread:100 - exiting critical section [integrity check]
2024-06-17 20:40:16,191 [INFO] IntegrityCheckThread:103 - End integrity checks thread
2024-06-17 20:40:16,601 [INFO] WebApp:161 - Instantiating new browser for Auth
2024-06-17 20:40:16,953 [INFO] WebApp:779 - Register for checkConnection events
2024-06-17 20:40:16,953 [INFO] WebApp:414 - Apply proxy settings
2024-06-17 20:40:16,953 [INFO] WebApp:499 - Chromium requires no authentication
2024-06-17 20:40:16,958 [INFO] WebApp:442 - Direct internet connection detected
2024-06-17 20:40:17,065 [INFO] WebApp:192 - Starting web application
2024-06-17 20:40:17,065 [INFO] WebApp:544 - Web application path used C:\ST\STM32CubeIDE_1.11.2\STM32CubeIDE\plugins\com.st.stm32cube.common.mx_6.11.1.202404110753\db\plugins\mcufinder\reactClient1\index.html
2024-06-17 20:40:51,065 [ERROR] LogOutputStream:75 - [STDERR_REDIRECT] 
2024-06-17 20:41:07,344 [INFO] Activator:176 - 


2024-06-17 20:41:07,346 [INFO] Activator:177 - !SESSION log4j initialized
2024-06-17 20:41:11,433 [INFO] LogOutputStream:77 - [STDOUT_REDIRECT] 
